Comando: inicia_tsc buscarIdEnJerarquiaDesdeClase 
Comando: inicia_tsa_main 
Comando: abrir_ambito_ppal_main 
Comando: abrir_clase AA 
Comando: buscar declarar_miembro_clase AA AA_a1 : No encontrado: se puede declarar
Comando: insertar_tsc AA AA_a1 7 1 1 3 1 

=================== AA =================

**************** Posicion 821 ******************
AA_AA CLASE	CON 0 ATR. CLASE, 0 ATR. INSTANCIA, 0 MET. SOBR., 0 MET. NO SOBR., 0 ACUM. ATR. INS. Y 0 ACUM. MET. SOBR.	
***********************************************

**************** Posicion 863 ******************
AA_a1 ATRIBUTO CLASE	CLASE: ESCALAR	TIPO: ENTERO	DIR: 0	ACCESO: TODOS(3)	MIEMBRO: UNICO(1)	
***********************************************

=====================END TABLE==========

Comando: buscar declarar_miembro_instancia AA AA_sa1 : No encontrado: se puede declarar
Comando: insertar_tsc AA AA_sa1 8 1 1 1 2 

=================== AA =================

**************** Posicion 301 ******************
AA_sa1 ATRIBUTO INSTANCIA	POS ATR. INSTANCIA: 0	Y ACUMULADA: 0	CLASE: ESCALAR	TIPO: ENTERO	DIR: 0	ACCESO: HERENCIA(1)	MIEMBRO: NO UNICO(2)	
***********************************************

**************** Posicion 821 ******************
AA_AA CLASE	CON 0 ATR. CLASE, 0 ATR. INSTANCIA, 0 MET. SOBR., 0 MET. NO SOBR., 0 ACUM. ATR. INS. Y 0 ACUM. MET. SOBR.	
***********************************************

**************** Posicion 863 ******************
AA_a1 ATRIBUTO CLASE	CLASE: ESCALAR	TIPO: ENTERO	DIR: 0	ACCESO: TODOS(3)	MIEMBRO: UNICO(1)	
***********************************************

=====================END TABLE==========

Comando: buscar declarar_miembro_instancia AA AA_sa2 : No encontrado: se puede declarar
Comando: insertar_tsc AA AA_sa2 8 1 1 2 2 

=================== AA =================

**************** Posicion 301 ******************
AA_sa1 ATRIBUTO INSTANCIA	POS ATR. INSTANCIA: 0	Y ACUMULADA: 0	CLASE: ESCALAR	TIPO: ENTERO	DIR: 0	ACCESO: HERENCIA(1)	MIEMBRO: NO UNICO(2)	
***********************************************

**************** Posicion 302 ******************
AA_sa2 ATRIBUTO INSTANCIA	POS ATR. INSTANCIA: 0	Y ACUMULADA: 0	CLASE: ESCALAR	TIPO: ENTERO	DIR: 0	ACCESO: CLASE(2)	MIEMBRO: NO UNICO(2)	
***********************************************

**************** Posicion 821 ******************
AA_AA CLASE	CON 0 ATR. CLASE, 0 ATR. INSTANCIA, 0 MET. SOBR., 0 MET. NO SOBR., 0 ACUM. ATR. INS. Y 0 ACUM. MET. SOBR.	
***********************************************

**************** Posicion 863 ******************
AA_a1 ATRIBUTO CLASE	CLASE: ESCALAR	TIPO: ENTERO	DIR: 0	ACCESO: TODOS(3)	MIEMBRO: UNICO(1)	
***********************************************

=====================END TABLE==========

Comando: buscar declarar_miembro_instancia AA AA_mA0 : No encontrado: se puede declarar
Comando: abrir_ambito_tsc AA AA_mA0 5 1 3 2 

=================== mA0 =================

**************** Posicion 309 ******************
AA_mA0 METODO_SOBREESCRIBIBLE	POS_METODO: 0	Y ACUMULADA: 0	CLASE: OBJETO	TIPO: ENTERO	#PAR: 0
#LOCAL 0
ACCESO: TODOS(3)	MIEMBRO: NO UNICO(2)	
***********************************************

========================================


=================== AA =================

**************** Posicion 301 ******************
AA_sa1 ATRIBUTO INSTANCIA	POS ATR. INSTANCIA: 0	Y ACUMULADA: 0	CLASE: ESCALAR	TIPO: ENTERO	DIR: 0	ACCESO: HERENCIA(1)	MIEMBRO: NO UNICO(2)	
***********************************************

**************** Posicion 302 ******************
AA_sa2 ATRIBUTO INSTANCIA	POS ATR. INSTANCIA: 0	Y ACUMULADA: 0	CLASE: ESCALAR	TIPO: ENTERO	DIR: 0	ACCESO: CLASE(2)	MIEMBRO: NO UNICO(2)	
***********************************************

**************** Posicion 309 ******************
AA_mA0 METODO_SOBREESCRIBIBLE	POS_METODO: 0	Y ACUMULADA: 0	CLASE: (null)	TIPO: ENTERO	#PAR: 0
#LOCAL 0
ACCESO: TODOS(3)	MIEMBRO: NO UNICO(2)	
***********************************************

**************** Posicion 821 ******************
AA_AA CLASE	CON 0 ATR. CLASE, 0 ATR. INSTANCIA, 0 MET. SOBR., 0 MET. NO SOBR., 0 ACUM. ATR. INS. Y 0 ACUM. MET. SOBR.	
***********************************************

**************** Posicion 863 ******************
AA_a1 ATRIBUTO CLASE	CLASE: ESCALAR	TIPO: ENTERO	DIR: 0	ACCESO: TODOS(3)	MIEMBRO: UNICO(1)	
***********************************************

=====================END TABLE==========

Comando: cerrar_ambito_tsc AA 
Comando: buscar declarar_miembro_instancia AA AA_mA1@1 : No encontrado: se puede declarar
Comando: abrir_ambito_tsc AA AA_mA1@1 5 1 3 2 

=================== mA1@1 =================

**************** Posicion 468 ******************
AA_mA1@1 METODO_SOBREESCRIBIBLE	POS_METODO: 0	Y ACUMULADA: 0	CLASE: OBJETO	TIPO: ENTERO	#PAR: 0
#LOCAL 0
ACCESO: TODOS(3)	MIEMBRO: NO UNICO(2)	
***********************************************

========================================


=================== AA =================

**************** Posicion 301 ******************
AA_sa1 ATRIBUTO INSTANCIA	POS ATR. INSTANCIA: 0	Y ACUMULADA: 0	CLASE: ESCALAR	TIPO: ENTERO	DIR: 0	ACCESO: HERENCIA(1)	MIEMBRO: NO UNICO(2)	
***********************************************

**************** Posicion 302 ******************
AA_sa2 ATRIBUTO INSTANCIA	POS ATR. INSTANCIA: 0	Y ACUMULADA: 0	CLASE: ESCALAR	TIPO: ENTERO	DIR: 0	ACCESO: CLASE(2)	MIEMBRO: NO UNICO(2)	
***********************************************

**************** Posicion 309 ******************
AA_mA0 METODO_SOBREESCRIBIBLE	POS_METODO: 0	Y ACUMULADA: 0	CLASE: (null)	TIPO: ENTERO	#PAR: 0
#LOCAL 0
ACCESO: TODOS(3)	MIEMBRO: NO UNICO(2)	
***********************************************

**************** Posicion 468 ******************
AA_mA1@1 METODO_SOBREESCRIBIBLE	POS_METODO: 0	Y ACUMULADA: 0	CLASE: (null)	TIPO: ENTERO	#PAR: 0
#LOCAL 0
ACCESO: TODOS(3)	MIEMBRO: NO UNICO(2)	
***********************************************

**************** Posicion 821 ******************
AA_AA CLASE	CON 0 ATR. CLASE, 0 ATR. INSTANCIA, 0 MET. SOBR., 0 MET. NO SOBR., 0 ACUM. ATR. INS. Y 0 ACUM. MET. SOBR.	
***********************************************

**************** Posicion 863 ******************
AA_a1 ATRIBUTO CLASE	CLASE: ESCALAR	TIPO: ENTERO	DIR: 0	ACCESO: TODOS(3)	MIEMBRO: UNICO(1)	
***********************************************

=====================END TABLE==========

Comando: buscar declarar_id_local_metodo AA mA1@1_pmA1 : No encontrado: se puede declarar
Comando: insertar_tsc AA mA1@1_pmA1 2 1 1 3 2 

=================== mA1@1 =================

**************** Posicion 468 ******************
AA_mA1@1 METODO_SOBREESCRIBIBLE	POS_METODO: 0	Y ACUMULADA: 0	CLASE: OBJETO	TIPO: ENTERO	#PAR: 0
#LOCAL 0
ACCESO: TODOS(3)	MIEMBRO: NO UNICO(2)	
***********************************************

**************** Posicion 690 ******************
mA1@1_pmA1 PARAMETRO	POS_PAR: 0	POS_LOCAL: 0	CLASE: ESCALAR	TIPO: ENTERO	DIR: 0	ACCESO: TODOS(3)	MIEMBRO: NO UNICO(2)	
***********************************************

========================================


=================== AA =================

**************** Posicion 301 ******************
AA_sa1 ATRIBUTO INSTANCIA	POS ATR. INSTANCIA: 0	Y ACUMULADA: 0	CLASE: ESCALAR	TIPO: ENTERO	DIR: 0	ACCESO: HERENCIA(1)	MIEMBRO: NO UNICO(2)	
***********************************************

**************** Posicion 302 ******************
AA_sa2 ATRIBUTO INSTANCIA	POS ATR. INSTANCIA: 0	Y ACUMULADA: 0	CLASE: ESCALAR	TIPO: ENTERO	DIR: 0	ACCESO: CLASE(2)	MIEMBRO: NO UNICO(2)	
***********************************************

**************** Posicion 309 ******************
AA_mA0 METODO_SOBREESCRIBIBLE	POS_METODO: 0	Y ACUMULADA: 0	CLASE: (null)	TIPO: ENTERO	#PAR: 0
#LOCAL 0
ACCESO: TODOS(3)	MIEMBRO: NO UNICO(2)	
***********************************************

**************** Posicion 468 ******************
AA_mA1@1 METODO_SOBREESCRIBIBLE	POS_METODO: 0	Y ACUMULADA: 0	CLASE: (null)	TIPO: ENTERO	#PAR: 0
#LOCAL 0
ACCESO: TODOS(3)	MIEMBRO: NO UNICO(2)	
***********************************************

**************** Posicion 821 ******************
AA_AA CLASE	CON 0 ATR. CLASE, 0 ATR. INSTANCIA, 0 MET. SOBR., 0 MET. NO SOBR., 0 ACUM. ATR. INS. Y 0 ACUM. MET. SOBR.	
***********************************************

**************** Posicion 863 ******************
AA_a1 ATRIBUTO CLASE	CLASE: ESCALAR	TIPO: ENTERO	DIR: 0	ACCESO: TODOS(3)	MIEMBRO: UNICO(1)	
***********************************************

=====================END TABLE==========

Comando: buscar declarar_id_local_metodo AA mA1@1_vlmA1 : No encontrado: se puede declarar
Comando: insertar_tsc AA mA1@1_vlmA1 1 1 1 3 2 

=================== mA1@1 =================

**************** Posicion 309 ******************
mA1@1_vlmA1 VARIABLE	POS_LOCAL: 0	POS ATR. INSTANCIA: 0	Y ACUMULADA: 0	CLASE: ESCALAR	TIPO: ENTERO	DIR: 0	ACCESO: TODOS(3)	MIEMBRO: NO UNICO(2)	
***********************************************

**************** Posicion 468 ******************
AA_mA1@1 METODO_SOBREESCRIBIBLE	POS_METODO: 0	Y ACUMULADA: 0	CLASE: OBJETO	TIPO: ENTERO	#PAR: 0
#LOCAL 0
ACCESO: TODOS(3)	MIEMBRO: NO UNICO(2)	
***********************************************

**************** Posicion 690 ******************
mA1@1_pmA1 PARAMETRO	POS_PAR: 0	POS_LOCAL: 0	CLASE: ESCALAR	TIPO: ENTERO	DIR: 0	ACCESO: TODOS(3)	MIEMBRO: NO UNICO(2)	
***********************************************

========================================


=================== AA =================

**************** Posicion 301 ******************
AA_sa1 ATRIBUTO INSTANCIA	POS ATR. INSTANCIA: 0	Y ACUMULADA: 0	CLASE: ESCALAR	TIPO: ENTERO	DIR: 0	ACCESO: HERENCIA(1)	MIEMBRO: NO UNICO(2)	
***********************************************

**************** Posicion 302 ******************
AA_sa2 ATRIBUTO INSTANCIA	POS ATR. INSTANCIA: 0	Y ACUMULADA: 0	CLASE: ESCALAR	TIPO: ENTERO	DIR: 0	ACCESO: CLASE(2)	MIEMBRO: NO UNICO(2)	
***********************************************

**************** Posicion 309 ******************
AA_mA0 METODO_SOBREESCRIBIBLE	POS_METODO: 0	Y ACUMULADA: 0	CLASE: (null)	TIPO: ENTERO	#PAR: 0
#LOCAL 0
ACCESO: TODOS(3)	MIEMBRO: NO UNICO(2)	
***********************************************

**************** Posicion 468 ******************
AA_mA1@1 METODO_SOBREESCRIBIBLE	POS_METODO: 0	Y ACUMULADA: 0	CLASE: (null)	TIPO: ENTERO	#PAR: 0
#LOCAL 0
ACCESO: TODOS(3)	MIEMBRO: NO UNICO(2)	
***********************************************

**************** Posicion 821 ******************
AA_AA CLASE	CON 0 ATR. CLASE, 0 ATR. INSTANCIA, 0 MET. SOBR., 0 MET. NO SOBR., 0 ACUM. ATR. INS. Y 0 ACUM. MET. SOBR.	
***********************************************

**************** Posicion 863 ******************
AA_a1 ATRIBUTO CLASE	CLASE: ESCALAR	TIPO: ENTERO	DIR: 0	ACCESO: TODOS(3)	MIEMBRO: UNICO(1)	
***********************************************

=====================END TABLE==========

Comando: buscar id_no_cualificado pmA1 AA : Encontrado en mA1@1
Comando: buscar id_no_cualificado mA1@1 AA : Encontrado en AA
Comando: buscar id_no_cualificado vlmA1 AA : Encontrado en mA1@1
Comando: buscar id_no_cualificado mA0 AA : Encontrado en AA
Comando: buscar id_no_cualificado sa2 AA : Encontrado en AA
Comando: buscar id_no_cualificado sa1 AA : Encontrado en AA
Comando: buscar id_no_cualificado a1 AA : Encontrado en AA
Comando: cerrar_ambito_tsc AA 
Comando: cerrar_clase AA 
Comando: abrir_clase_hereda BB 
Comando: buscar declarar_miembro_instancia BB BB_mibb : No encontrado: se puede declarar
Comando: insertar_tsc BB BB_mibb 8 1 1 2 2 

=================== BB =================

**************** Posicion 154 ******************
BB_BB CLASE	CON 0 ATR. CLASE, 0 ATR. INSTANCIA, 0 MET. SOBR., 0 MET. NO SOBR., 0 ACUM. ATR. INS. Y 0 ACUM. MET. SOBR.	
***********************************************

**************** Posicion 624 ******************
BB_mibb ATRIBUTO INSTANCIA	POS ATR. INSTANCIA: 0	Y ACUMULADA: 0	CLASE: ESCALAR	TIPO: ENTERO	DIR: 0	ACCESO: CLASE(2)	MIEMBRO: NO UNICO(2)	
***********************************************

=====================END TABLE==========

Comando: cerrar_clase BB 
Comando: abrir_clase CC 
Comando: buscar declarar_miembro_clase CC CC_c1 : No encontrado: se puede declarar
Comando: insertar_tsc CC CC_c1 7 1 1 2 1 

=================== CC =================

**************** Posicion 496 ******************
CC_CC CLASE	CON 0 ATR. CLASE, 0 ATR. INSTANCIA, 0 MET. SOBR., 0 MET. NO SOBR., 0 ACUM. ATR. INS. Y 0 ACUM. MET. SOBR.	
***********************************************

**************** Posicion 536 ******************
CC_c1 ATRIBUTO CLASE	CLASE: ESCALAR	TIPO: ENTERO	DIR: 0	ACCESO: CLASE(2)	MIEMBRO: UNICO(1)	
***********************************************

=====================END TABLE==========

Comando: buscar declarar_miembro_instancia CC CC_sc1 : No encontrado: se puede declarar
Comando: insertar_tsc CC CC_sc1 8 1 1 1 2 

=================== CC =================

**************** Posicion 470 ******************
CC_sc1 ATRIBUTO INSTANCIA	POS ATR. INSTANCIA: 0	Y ACUMULADA: 0	CLASE: ESCALAR	TIPO: ENTERO	DIR: 0	ACCESO: HERENCIA(1)	MIEMBRO: NO UNICO(2)	
***********************************************

**************** Posicion 496 ******************
CC_CC CLASE	CON 0 ATR. CLASE, 0 ATR. INSTANCIA, 0 MET. SOBR., 0 MET. NO SOBR., 0 ACUM. ATR. INS. Y 0 ACUM. MET. SOBR.	
***********************************************

**************** Posicion 536 ******************
CC_c1 ATRIBUTO CLASE	CLASE: ESCALAR	TIPO: ENTERO	DIR: 0	ACCESO: CLASE(2)	MIEMBRO: UNICO(1)	
***********************************************

=====================END TABLE==========

Comando: buscar declarar_miembro_instancia CC CC_mC0 : No encontrado: se puede declarar
Comando: abrir_ambito_tsc CC CC_mC0 5 1 2 2 

=================== mC0 =================

**************** Posicion 478 ******************
CC_mC0 METODO_SOBREESCRIBIBLE	POS_METODO: 0	Y ACUMULADA: 0	CLASE: OBJETO	TIPO: ENTERO	#PAR: 0
#LOCAL 0
ACCESO: CLASE(2)	MIEMBRO: NO UNICO(2)	
***********************************************

========================================


=================== CC =================

**************** Posicion 470 ******************
CC_sc1 ATRIBUTO INSTANCIA	POS ATR. INSTANCIA: 0	Y ACUMULADA: 0	CLASE: ESCALAR	TIPO: ENTERO	DIR: 0	ACCESO: HERENCIA(1)	MIEMBRO: NO UNICO(2)	
***********************************************

**************** Posicion 478 ******************
CC_mC0 METODO_SOBREESCRIBIBLE	POS_METODO: 0	Y ACUMULADA: 0	CLASE: (null)	TIPO: ENTERO	#PAR: 0
#LOCAL 0
ACCESO: CLASE(2)	MIEMBRO: NO UNICO(2)	
***********************************************

**************** Posicion 496 ******************
CC_CC CLASE	CON 0 ATR. CLASE, 0 ATR. INSTANCIA, 0 MET. SOBR., 0 MET. NO SOBR., 0 ACUM. ATR. INS. Y 0 ACUM. MET. SOBR.	
***********************************************

**************** Posicion 536 ******************
CC_c1 ATRIBUTO CLASE	CLASE: ESCALAR	TIPO: ENTERO	DIR: 0	ACCESO: CLASE(2)	MIEMBRO: UNICO(1)	
***********************************************

=====================END TABLE==========

Comando: cerrar_ambito_tsc CC 
Comando: buscar declarar_miembro_instancia CC CC_mC1@1 : No encontrado: se puede declarar
Comando: abrir_ambito_tsc CC CC_mC1@1 5 1 2 2 

=================== mC1@1 =================

**************** Posicion 769 ******************
CC_mC1@1 METODO_SOBREESCRIBIBLE	POS_METODO: 0	Y ACUMULADA: 0	CLASE: OBJETO	TIPO: ENTERO	#PAR: 0
#LOCAL 0
ACCESO: CLASE(2)	MIEMBRO: NO UNICO(2)	
***********************************************

========================================


=================== CC =================

**************** Posicion 470 ******************
CC_sc1 ATRIBUTO INSTANCIA	POS ATR. INSTANCIA: 0	Y ACUMULADA: 0	CLASE: ESCALAR	TIPO: ENTERO	DIR: 0	ACCESO: HERENCIA(1)	MIEMBRO: NO UNICO(2)	
***********************************************

**************** Posicion 478 ******************
CC_mC0 METODO_SOBREESCRIBIBLE	POS_METODO: 0	Y ACUMULADA: 0	CLASE: (null)	TIPO: ENTERO	#PAR: 0
#LOCAL 0
ACCESO: CLASE(2)	MIEMBRO: NO UNICO(2)	
***********************************************

**************** Posicion 496 ******************
CC_CC CLASE	CON 0 ATR. CLASE, 0 ATR. INSTANCIA, 0 MET. SOBR., 0 MET. NO SOBR., 0 ACUM. ATR. INS. Y 0 ACUM. MET. SOBR.	
***********************************************

**************** Posicion 536 ******************
CC_c1 ATRIBUTO CLASE	CLASE: ESCALAR	TIPO: ENTERO	DIR: 0	ACCESO: CLASE(2)	MIEMBRO: UNICO(1)	
***********************************************

**************** Posicion 769 ******************
CC_mC1@1 METODO_SOBREESCRIBIBLE	POS_METODO: 0	Y ACUMULADA: 0	CLASE: (null)	TIPO: ENTERO	#PAR: 0
#LOCAL 0
ACCESO: CLASE(2)	MIEMBRO: NO UNICO(2)	
***********************************************

=====================END TABLE==========

Comando: buscar declarar_id_local_metodo CC mC1@1_pmC1 : No encontrado: se puede declarar
Comando: insertar_tsc CC mC1@1_pmC1 2 1 1 3 2 

=================== mC1@1 =================

**************** Posicion 700 ******************
mC1@1_pmC1 PARAMETRO	POS_PAR: 0	POS_LOCAL: 0	CLASE: ESCALAR	TIPO: ENTERO	DIR: 0	ACCESO: TODOS(3)	MIEMBRO: NO UNICO(2)	
***********************************************

**************** Posicion 769 ******************
CC_mC1@1 METODO_SOBREESCRIBIBLE	POS_METODO: 0	Y ACUMULADA: 0	CLASE: OBJETO	TIPO: ENTERO	#PAR: 0
#LOCAL 0
ACCESO: CLASE(2)	MIEMBRO: NO UNICO(2)	
***********************************************

========================================


=================== CC =================

**************** Posicion 470 ******************
CC_sc1 ATRIBUTO INSTANCIA	POS ATR. INSTANCIA: 0	Y ACUMULADA: 0	CLASE: ESCALAR	TIPO: ENTERO	DIR: 0	ACCESO: HERENCIA(1)	MIEMBRO: NO UNICO(2)	
***********************************************

**************** Posicion 478 ******************
CC_mC0 METODO_SOBREESCRIBIBLE	POS_METODO: 0	Y ACUMULADA: 0	CLASE: (null)	TIPO: ENTERO	#PAR: 0
#LOCAL 0
ACCESO: CLASE(2)	MIEMBRO: NO UNICO(2)	
***********************************************

**************** Posicion 496 ******************
CC_CC CLASE	CON 0 ATR. CLASE, 0 ATR. INSTANCIA, 0 MET. SOBR., 0 MET. NO SOBR., 0 ACUM. ATR. INS. Y 0 ACUM. MET. SOBR.	
***********************************************

**************** Posicion 536 ******************
CC_c1 ATRIBUTO CLASE	CLASE: ESCALAR	TIPO: ENTERO	DIR: 0	ACCESO: CLASE(2)	MIEMBRO: UNICO(1)	
***********************************************

**************** Posicion 769 ******************
CC_mC1@1 METODO_SOBREESCRIBIBLE	POS_METODO: 0	Y ACUMULADA: 0	CLASE: (null)	TIPO: ENTERO	#PAR: 0
#LOCAL 0
ACCESO: CLASE(2)	MIEMBRO: NO UNICO(2)	
***********************************************

=====================END TABLE==========

Comando: buscar declarar_id_local_metodo CC mC1@1_vlmC1 : No encontrado: se puede declarar
Comando: insertar_tsc CC mC1@1_vlmC1 1 1 1 3 2 

=================== mC1@1 =================

**************** Posicion 691 ******************
mC1@1_vlmC1 VARIABLE	POS_LOCAL: 0	POS ATR. INSTANCIA: 0	Y ACUMULADA: 0	CLASE: ESCALAR	TIPO: ENTERO	DIR: 0	ACCESO: TODOS(3)	MIEMBRO: NO UNICO(2)	
***********************************************

**************** Posicion 700 ******************
mC1@1_pmC1 PARAMETRO	POS_PAR: 0	POS_LOCAL: 0	CLASE: ESCALAR	TIPO: ENTERO	DIR: 0	ACCESO: TODOS(3)	MIEMBRO: NO UNICO(2)	
***********************************************

**************** Posicion 769 ******************
CC_mC1@1 METODO_SOBREESCRIBIBLE	POS_METODO: 0	Y ACUMULADA: 0	CLASE: OBJETO	TIPO: ENTERO	#PAR: 0
#LOCAL 0
ACCESO: CLASE(2)	MIEMBRO: NO UNICO(2)	
***********************************************

========================================


=================== CC =================

**************** Posicion 470 ******************
CC_sc1 ATRIBUTO INSTANCIA	POS ATR. INSTANCIA: 0	Y ACUMULADA: 0	CLASE: ESCALAR	TIPO: ENTERO	DIR: 0	ACCESO: HERENCIA(1)	MIEMBRO: NO UNICO(2)	
***********************************************

**************** Posicion 478 ******************
CC_mC0 METODO_SOBREESCRIBIBLE	POS_METODO: 0	Y ACUMULADA: 0	CLASE: (null)	TIPO: ENTERO	#PAR: 0
#LOCAL 0
ACCESO: CLASE(2)	MIEMBRO: NO UNICO(2)	
***********************************************

**************** Posicion 496 ******************
CC_CC CLASE	CON 0 ATR. CLASE, 0 ATR. INSTANCIA, 0 MET. SOBR., 0 MET. NO SOBR., 0 ACUM. ATR. INS. Y 0 ACUM. MET. SOBR.	
***********************************************

**************** Posicion 536 ******************
CC_c1 ATRIBUTO CLASE	CLASE: ESCALAR	TIPO: ENTERO	DIR: 0	ACCESO: CLASE(2)	MIEMBRO: UNICO(1)	
***********************************************

**************** Posicion 769 ******************
CC_mC1@1 METODO_SOBREESCRIBIBLE	POS_METODO: 0	Y ACUMULADA: 0	CLASE: (null)	TIPO: ENTERO	#PAR: 0
#LOCAL 0
ACCESO: CLASE(2)	MIEMBRO: NO UNICO(2)	
***********************************************

=====================END TABLE==========

Comando: buscar id_no_cualificado pmC1 CC : Encontrado en mC1@1
Comando: buscar id_no_cualificado vlmC1 CC : Encontrado en mC1@1
Comando: buscar id_no_cualificado mC1@1 CC : Encontrado en CC
Comando: buscar id_no_cualificado mC0 CC : Encontrado en CC
Comando: buscar id_no_cualificado mA1@1 CC : No encontrado
Comando: buscar id_no_cualificado a1 CC : No encontrado
Comando: cerrar_ambito_tsc CC 
Comando: cerrar_clase CC 
Comando: abrir_clase_hereda DD 
Comando: buscar declarar_miembro_instancia DD DD_mD1 : No encontrado: se puede declarar
Comando: abrir_ambito_tsc DD DD_mD1 5 1 1 2 

=================== mD1 =================

**************** Posicion 59 ******************
DD_mD1 METODO_SOBREESCRIBIBLE	POS_METODO: 0	Y ACUMULADA: 0	CLASE: OBJETO	TIPO: ENTERO	#PAR: 0
#LOCAL 0
ACCESO: HERENCIA(1)	MIEMBRO: NO UNICO(2)	
***********************************************

========================================


=================== DD =================

**************** Posicion 59 ******************
DD_mD1 METODO_SOBREESCRIBIBLE	POS_METODO: 0	Y ACUMULADA: 0	CLASE: (null)	TIPO: ENTERO	#PAR: 0
#LOCAL 0
ACCESO: HERENCIA(1)	MIEMBRO: NO UNICO(2)	
***********************************************

**************** Posicion 838 ******************
DD_DD CLASE	CON 0 ATR. CLASE, 0 ATR. INSTANCIA, 0 MET. SOBR., 0 MET. NO SOBR., 0 ACUM. ATR. INS. Y 0 ACUM. MET. SOBR.	
***********************************************

=====================END TABLE==========

Comando: cerrar_ambito_tsc DD 
Comando: buscar declarar_miembro_instancia DD DD_mD2@1 : No encontrado: se puede declarar
Comando: abrir_ambito_tsc DD DD_mD2@1 5 1 1 2 

=================== mD2@1 =================

**************** Posicion 572 ******************
DD_mD2@1 METODO_SOBREESCRIBIBLE	POS_METODO: 0	Y ACUMULADA: 0	CLASE: OBJETO	TIPO: ENTERO	#PAR: 0
#LOCAL 0
ACCESO: HERENCIA(1)	MIEMBRO: NO UNICO(2)	
***********************************************

========================================


=================== DD =================

**************** Posicion 59 ******************
DD_mD1 METODO_SOBREESCRIBIBLE	POS_METODO: 0	Y ACUMULADA: 0	CLASE: (null)	TIPO: ENTERO	#PAR: 0
#LOCAL 0
ACCESO: HERENCIA(1)	MIEMBRO: NO UNICO(2)	
***********************************************

**************** Posicion 572 ******************
DD_mD2@1 METODO_SOBREESCRIBIBLE	POS_METODO: 0	Y ACUMULADA: 0	CLASE: (null)	TIPO: ENTERO	#PAR: 0
#LOCAL 0
ACCESO: HERENCIA(1)	MIEMBRO: NO UNICO(2)	
***********************************************

**************** Posicion 838 ******************
DD_DD CLASE	CON 0 ATR. CLASE, 0 ATR. INSTANCIA, 0 MET. SOBR., 0 MET. NO SOBR., 0 ACUM. ATR. INS. Y 0 ACUM. MET. SOBR.	
***********************************************

=====================END TABLE==========

Comando: buscar declarar_id_local_metodo DD mD2@1_pmD2 : No encontrado: se puede declarar
Comando: insertar_tsc DD mD2@1_pmD2 2 1 1 3 2 

=================== mD2@1 =================

**************** Posicion 572 ******************
DD_mD2@1 METODO_SOBREESCRIBIBLE	POS_METODO: 0	Y ACUMULADA: 0	CLASE: OBJETO	TIPO: ENTERO	#PAR: 0
#LOCAL 0
ACCESO: HERENCIA(1)	MIEMBRO: NO UNICO(2)	
***********************************************

**************** Posicion 882 ******************
mD2@1_pmD2 PARAMETRO	POS_PAR: 0	POS_LOCAL: 0	CLASE: ESCALAR	TIPO: ENTERO	DIR: 0	ACCESO: TODOS(3)	MIEMBRO: NO UNICO(2)	
***********************************************

========================================


=================== DD =================

**************** Posicion 59 ******************
DD_mD1 METODO_SOBREESCRIBIBLE	POS_METODO: 0	Y ACUMULADA: 0	CLASE: (null)	TIPO: ENTERO	#PAR: 0
#LOCAL 0
ACCESO: HERENCIA(1)	MIEMBRO: NO UNICO(2)	
***********************************************

**************** Posicion 572 ******************
DD_mD2@1 METODO_SOBREESCRIBIBLE	POS_METODO: 0	Y ACUMULADA: 0	CLASE: (null)	TIPO: ENTERO	#PAR: 0
#LOCAL 0
ACCESO: HERENCIA(1)	MIEMBRO: NO UNICO(2)	
***********************************************

**************** Posicion 838 ******************
DD_DD CLASE	CON 0 ATR. CLASE, 0 ATR. INSTANCIA, 0 MET. SOBR., 0 MET. NO SOBR., 0 ACUM. ATR. INS. Y 0 ACUM. MET. SOBR.	
***********************************************

=====================END TABLE==========

Comando: buscar declarar_id_local_metodo DD mD2@1_vlmD2 : No encontrado: se puede declarar
Comando: insertar_tsc DD mD2@1_vlmD2 1 1 1 3 2 

=================== mD2@1 =================

**************** Posicion 505 ******************
mD2@1_vlmD2 VARIABLE	POS_LOCAL: 0	POS ATR. INSTANCIA: 0	Y ACUMULADA: 0	CLASE: ESCALAR	TIPO: ENTERO	DIR: 0	ACCESO: TODOS(3)	MIEMBRO: NO UNICO(2)	
***********************************************

**************** Posicion 572 ******************
DD_mD2@1 METODO_SOBREESCRIBIBLE	POS_METODO: 0	Y ACUMULADA: 0	CLASE: OBJETO	TIPO: ENTERO	#PAR: 0
#LOCAL 0
ACCESO: HERENCIA(1)	MIEMBRO: NO UNICO(2)	
***********************************************

**************** Posicion 882 ******************
mD2@1_pmD2 PARAMETRO	POS_PAR: 0	POS_LOCAL: 0	CLASE: ESCALAR	TIPO: ENTERO	DIR: 0	ACCESO: TODOS(3)	MIEMBRO: NO UNICO(2)	
***********************************************

========================================


=================== DD =================

**************** Posicion 59 ******************
DD_mD1 METODO_SOBREESCRIBIBLE	POS_METODO: 0	Y ACUMULADA: 0	CLASE: (null)	TIPO: ENTERO	#PAR: 0
#LOCAL 0
ACCESO: HERENCIA(1)	MIEMBRO: NO UNICO(2)	
***********************************************

**************** Posicion 572 ******************
DD_mD2@1 METODO_SOBREESCRIBIBLE	POS_METODO: 0	Y ACUMULADA: 0	CLASE: (null)	TIPO: ENTERO	#PAR: 0
#LOCAL 0
ACCESO: HERENCIA(1)	MIEMBRO: NO UNICO(2)	
***********************************************

**************** Posicion 838 ******************
DD_DD CLASE	CON 0 ATR. CLASE, 0 ATR. INSTANCIA, 0 MET. SOBR., 0 MET. NO SOBR., 0 ACUM. ATR. INS. Y 0 ACUM. MET. SOBR.	
***********************************************

=====================END TABLE==========

Comando: buscar id_no_cualificado mD2@1 DD : Encontrado en DD
Comando: buscar id_no_cualificado sa2 DD : No encontrado
Comando: buscar id_no_cualificado sa1 DD : Encontrado en AA
Comando: buscar id_no_cualificado mD1 DD : Encontrado en DD
Comando: buscar id_no_cualificado a1 DD : Encontrado en AA
Comando: cerrar_ambito_tsc DD 
Comando: cerrar_clase DD 
Comando: abrir_clase_hereda EE 
Comando: buscar declarar_miembro_instancia EE EE_miee : No encontrado: se puede declarar
Comando: insertar_tsc EE EE_miee 8 1 1 2 2 

=================== EE =================

**************** Posicion 171 ******************
EE_EE CLASE	CON 0 ATR. CLASE, 0 ATR. INSTANCIA, 0 MET. SOBR., 0 MET. NO SOBR., 0 ACUM. ATR. INS. Y 0 ACUM. MET. SOBR.	
***********************************************

**************** Posicion 211 ******************
EE_miee ATRIBUTO INSTANCIA	POS ATR. INSTANCIA: 0	Y ACUMULADA: 0	CLASE: ESCALAR	TIPO: ENTERO	DIR: 0	ACCESO: CLASE(2)	MIEMBRO: NO UNICO(2)	
***********************************************

=====================END TABLE==========

Comando: cerrar_clase EE 
Comando: abrir_clase_hereda FF 
Comando: buscar declarar_miembro_instancia FF FF_miff : No encontrado: se puede declarar
Comando: insertar_tsc FF FF_miff 8 1 1 2 2 

=================== FF =================

**************** Posicion 513 ******************
FF_FF CLASE	CON 0 ATR. CLASE, 0 ATR. INSTANCIA, 0 MET. SOBR., 0 MET. NO SOBR., 0 ACUM. ATR. INS. Y 0 ACUM. MET. SOBR.	
***********************************************

**************** Posicion 746 ******************
FF_miff ATRIBUTO INSTANCIA	POS ATR. INSTANCIA: 0	Y ACUMULADA: 0	CLASE: ESCALAR	TIPO: ENTERO	DIR: 0	ACCESO: CLASE(2)	MIEMBRO: NO UNICO(2)	
***********************************************

=====================END TABLE==========

Comando: buscar declarar_miembro_instancia FF FF_mF1 : No encontrado: se puede declarar
Comando: abrir_ambito_tsc FF FF_mF1 5 1 1 2 

=================== mF1 =================

**************** Posicion 228 ******************
FF_mF1 METODO_SOBREESCRIBIBLE	POS_METODO: 0	Y ACUMULADA: 0	CLASE: OBJETO	TIPO: ENTERO	#PAR: 0
#LOCAL 0
ACCESO: HERENCIA(1)	MIEMBRO: NO UNICO(2)	
***********************************************

========================================


=================== FF =================

**************** Posicion 228 ******************
FF_mF1 METODO_SOBREESCRIBIBLE	POS_METODO: 0	Y ACUMULADA: 0	CLASE: (null)	TIPO: ENTERO	#PAR: 0
#LOCAL 0
ACCESO: HERENCIA(1)	MIEMBRO: NO UNICO(2)	
***********************************************

**************** Posicion 513 ******************
FF_FF CLASE	CON 0 ATR. CLASE, 0 ATR. INSTANCIA, 0 MET. SOBR., 0 MET. NO SOBR., 0 ACUM. ATR. INS. Y 0 ACUM. MET. SOBR.	
***********************************************

**************** Posicion 746 ******************
FF_miff ATRIBUTO INSTANCIA	POS ATR. INSTANCIA: 0	Y ACUMULADA: 0	CLASE: ESCALAR	TIPO: ENTERO	DIR: 0	ACCESO: CLASE(2)	MIEMBRO: NO UNICO(2)	
***********************************************

=====================END TABLE==========

Comando: buscar id_no_cualificado mC1@1 FF : No encontrado
Comando: buscar id_no_cualificado mD1 FF : Encontrado en DD
Comando: buscar id_no_cualificado mA1@1 FF : Encontrado en AA
Comando: cerrar_ambito_tsc FF 
Comando: cerrar_clase FF 
Comando: cerrar_tsa_main 
Comando: cerrar_tsc 
