Comando: inicia_tsc buscarParaDeclararProcedural 
Comando: inicia_tsa_main 
Comando: abrir_ambito_ppal_main 
Comando: buscar declarar_main main_v1 : No encontrado: se puede declarar
Comando: insertar_tsa_main main_v1 1 1 1 3 2 

=================== main =================

**************** Posicion 852 ******************
main_v1 VARIABLE	POS_LOCAL: 0	POS ATR. INSTANCIA: 0	Y ACUMULADA: 0	CLASE: ESCALAR	TIPO: ENTERO	DIR: 0	ACCESO: TODOS(3)	MIEMBRO: NO UNICO(2)	
***********************************************

=====================END TABLE==========

Comando: buscar declarar_main main_v1 : Encontrado en main: No se puede declarar
Comando: buscar declarar_main main_f1@1 : No encontrado: se puede declarar
Comando: abrir_ambito_tsa_main main_f1@1 3 
Comando: buscar declarar_main f1@1_p1 : No encontrado: se puede declarar
Comando: insertar_tsa_main f1@1_p1 2 1 1 3 2 

=================== f1@1 =================

**************** Posicion 268 ******************
f1@1_p1 PARAMETRO	POS_PAR: 0	POS_LOCAL: 0	CLASE: ESCALAR	TIPO: ENTERO	DIR: 0	ACCESO: TODOS(3)	MIEMBRO: NO UNICO(2)	
***********************************************

**************** Posicion 408 ******************

***********************************************

========================================


=================== main =================

**************** Posicion 408 ******************

***********************************************

**************** Posicion 852 ******************
main_v1 VARIABLE	POS_LOCAL: 0	POS ATR. INSTANCIA: 0	Y ACUMULADA: 0	CLASE: ESCALAR	TIPO: ENTERO	DIR: 0	ACCESO: TODOS(3)	MIEMBRO: NO UNICO(2)	
***********************************************

=====================END TABLE==========

Comando: buscar id_no_cualificado p1 main : Encontrado en f1@1
Comando: buscar id_no_cualificado p1 main : Encontrado en f1@1
Comando: cerrar_ambito_tsa_main 
Comando: buscar declarar_main main_f1@1 : Encontrado en main: No se puede declarar
Comando: buscar declarar_main main_f2@1@1 : No encontrado: se puede declarar
Comando: abrir_ambito_tsa_main main_f2@1@1 3 
Comando: buscar declarar_main f2@1@1_p1 : No encontrado: se puede declarar
Comando: insertar_tsa_main f2@1@1_p1 2 1 1 3 2 

=================== f2@1@1 =================

**************** Posicion 173 ******************
f2@1@1_p1 PARAMETRO	POS_PAR: 0	POS_LOCAL: 0	CLASE: ESCALAR	TIPO: ENTERO	DIR: 0	ACCESO: TODOS(3)	MIEMBRO: NO UNICO(2)	
***********************************************

**************** Posicion 237 ******************

***********************************************

========================================


=================== main =================

**************** Posicion 237 ******************

***********************************************

**************** Posicion 408 ******************

***********************************************

**************** Posicion 852 ******************
main_v1 VARIABLE	POS_LOCAL: 0	POS ATR. INSTANCIA: 0	Y ACUMULADA: 0	CLASE: ESCALAR	TIPO: ENTERO	DIR: 0	ACCESO: TODOS(3)	MIEMBRO: NO UNICO(2)	
***********************************************

=====================END TABLE==========

Comando: buscar declarar_main f2@1@1_p1 : Encontrado en f2@1@1: No se puede declarar
Comando: cerrar_ambito_tsa_main 
Comando: buscar id_no_cualificado v1 main : Encontrado en main
Comando: buscar id_no_cualificado v1 main : Encontrado en main
Comando: buscar id_no_cualificado f1@1 main : Encontrado en main
Comando: buscar id_no_cualificado v1 main : Encontrado en main
Comando: buscar id_no_cualificado f2@1@1 main : Encontrado en main
Comando: cerrar_tsa_main 
Comando: cerrar_tsc 
