Comando: inicia_tsc declararIdLocalMetodo 
Comando: inicia_tsa_main 
Comando: abrir_ambito_ppal_main 
Comando: abrir_clase AA 
Comando: buscar declarar_miembro_instancia AA AA_mA1@1 : No encontrado: se puede declarar
Comando: abrir_ambito_tsc AA AA_mA1@1 5 1 3 2 

=================== mA1@1 =================

**************** Posicion 468 ******************
AA_mA1@1 METODO_SOBREESCRIBIBLE	POS_METODO: 0	Y ACUMULADA: 0	CLASE: OBJETO	TIPO: ENTERO	#PAR: 0
#LOCAL 0
ACCESO: TODOS(3)	MIEMBRO: NO UNICO(2)	
***********************************************

========================================


=================== AA =================

**************** Posicion 468 ******************
AA_mA1@1 METODO_SOBREESCRIBIBLE	POS_METODO: 0	Y ACUMULADA: 0	CLASE: (null)	TIPO: ENTERO	#PAR: 0
#LOCAL 0
ACCESO: TODOS(3)	MIEMBRO: NO UNICO(2)	
***********************************************

**************** Posicion 821 ******************
AA_AA CLASE	CON 0 ATR. CLASE, 0 ATR. INSTANCIA, 0 MET. SOBR., 0 MET. NO SOBR., 0 ACUM. ATR. INS. Y 0 ACUM. MET. SOBR.	
***********************************************

=====================END TABLE==========

Comando: buscar declarar_id_local_metodo AA mA1@1_p1 : No encontrado: se puede declarar
Comando: insertar_tsc AA mA1@1_p1 2 1 1 3 2 

=================== mA1@1 =================

**************** Posicion 468 ******************
AA_mA1@1 METODO_SOBREESCRIBIBLE	POS_METODO: 0	Y ACUMULADA: 0	CLASE: OBJETO	TIPO: ENTERO	#PAR: 0
#LOCAL 0
ACCESO: TODOS(3)	MIEMBRO: NO UNICO(2)	
***********************************************

**************** Posicion 908 ******************
mA1@1_p1 PARAMETRO	POS_PAR: 0	POS_LOCAL: 0	CLASE: ESCALAR	TIPO: ENTERO	DIR: 0	ACCESO: TODOS(3)	MIEMBRO: NO UNICO(2)	
***********************************************

========================================


=================== AA =================

**************** Posicion 468 ******************
AA_mA1@1 METODO_SOBREESCRIBIBLE	POS_METODO: 0	Y ACUMULADA: 0	CLASE: (null)	TIPO: ENTERO	#PAR: 0
#LOCAL 0
ACCESO: TODOS(3)	MIEMBRO: NO UNICO(2)	
***********************************************

**************** Posicion 821 ******************
AA_AA CLASE	CON 0 ATR. CLASE, 0 ATR. INSTANCIA, 0 MET. SOBR., 0 MET. NO SOBR., 0 ACUM. ATR. INS. Y 0 ACUM. MET. SOBR.	
***********************************************

=====================END TABLE==========

Comando: cerrar_ambito_tsc AA 
Comando: buscar declarar_miembro_instancia AA AA_mA2@1@1 : No encontrado: se puede declarar
Comando: abrir_ambito_tsc AA AA_mA2@1@1 5 1 3 2 

=================== mA2@1@1 =================

**************** Posicion 145 ******************
AA_mA2@1@1 METODO_SOBREESCRIBIBLE	POS_METODO: 0	Y ACUMULADA: 0	CLASE: OBJETO	TIPO: ENTERO	#PAR: 0
#LOCAL 0
ACCESO: TODOS(3)	MIEMBRO: NO UNICO(2)	
***********************************************

========================================


=================== AA =================

**************** Posicion 145 ******************
AA_mA2@1@1 METODO_SOBREESCRIBIBLE	POS_METODO: 0	Y ACUMULADA: 0	CLASE: (null)	TIPO: ENTERO	#PAR: 0
#LOCAL 0
ACCESO: TODOS(3)	MIEMBRO: NO UNICO(2)	
***********************************************

**************** Posicion 468 ******************
AA_mA1@1 METODO_SOBREESCRIBIBLE	POS_METODO: 0	Y ACUMULADA: 0	CLASE: (null)	TIPO: ENTERO	#PAR: 0
#LOCAL 0
ACCESO: TODOS(3)	MIEMBRO: NO UNICO(2)	
***********************************************

**************** Posicion 821 ******************
AA_AA CLASE	CON 0 ATR. CLASE, 0 ATR. INSTANCIA, 0 MET. SOBR., 0 MET. NO SOBR., 0 ACUM. ATR. INS. Y 0 ACUM. MET. SOBR.	
***********************************************

=====================END TABLE==========

Comando: buscar declarar_id_local_metodo AA mA2@1@1_p1 : No encontrado: se puede declarar
Comando: insertar_tsc AA mA2@1@1_p1 2 1 1 3 2 

=================== mA2@1@1 =================

**************** Posicion 145 ******************
AA_mA2@1@1 METODO_SOBREESCRIBIBLE	POS_METODO: 0	Y ACUMULADA: 0	CLASE: OBJETO	TIPO: ENTERO	#PAR: 0
#LOCAL 0
ACCESO: TODOS(3)	MIEMBRO: NO UNICO(2)	
***********************************************

**************** Posicion 327 ******************
mA2@1@1_p1 PARAMETRO	POS_PAR: 0	POS_LOCAL: 0	CLASE: ESCALAR	TIPO: ENTERO	DIR: 0	ACCESO: TODOS(3)	MIEMBRO: NO UNICO(2)	
***********************************************

========================================


=================== AA =================

**************** Posicion 145 ******************
AA_mA2@1@1 METODO_SOBREESCRIBIBLE	POS_METODO: 0	Y ACUMULADA: 0	CLASE: (null)	TIPO: ENTERO	#PAR: 0
#LOCAL 0
ACCESO: TODOS(3)	MIEMBRO: NO UNICO(2)	
***********************************************

**************** Posicion 468 ******************
AA_mA1@1 METODO_SOBREESCRIBIBLE	POS_METODO: 0	Y ACUMULADA: 0	CLASE: (null)	TIPO: ENTERO	#PAR: 0
#LOCAL 0
ACCESO: TODOS(3)	MIEMBRO: NO UNICO(2)	
***********************************************

**************** Posicion 821 ******************
AA_AA CLASE	CON 0 ATR. CLASE, 0 ATR. INSTANCIA, 0 MET. SOBR., 0 MET. NO SOBR., 0 ACUM. ATR. INS. Y 0 ACUM. MET. SOBR.	
***********************************************

=====================END TABLE==========

Comando: buscar declarar_id_local_metodo AA mA2@1@1_p1 : Encontrado en mA2@1@1: No se puede declarar
Comando: insertar_tsc AA mA2@1@1_p1 2 1 1 3 2 

=================== mA2@1@1 =================

**************** Posicion 145 ******************
AA_mA2@1@1 METODO_SOBREESCRIBIBLE	POS_METODO: 0	Y ACUMULADA: 0	CLASE: OBJETO	TIPO: ENTERO	#PAR: 0
#LOCAL 0
ACCESO: TODOS(3)	MIEMBRO: NO UNICO(2)	
***********************************************

**************** Posicion 327 ******************
mA2@1@1_p1 PARAMETRO	POS_PAR: 0	POS_LOCAL: 0	CLASE: ESCALAR	TIPO: ENTERO	DIR: 0	ACCESO: TODOS(3)	MIEMBRO: NO UNICO(2)	
***********************************************

========================================


=================== AA =================

**************** Posicion 145 ******************
AA_mA2@1@1 METODO_SOBREESCRIBIBLE	POS_METODO: 0	Y ACUMULADA: 0	CLASE: (null)	TIPO: ENTERO	#PAR: 0
#LOCAL 0
ACCESO: TODOS(3)	MIEMBRO: NO UNICO(2)	
***********************************************

**************** Posicion 468 ******************
AA_mA1@1 METODO_SOBREESCRIBIBLE	POS_METODO: 0	Y ACUMULADA: 0	CLASE: (null)	TIPO: ENTERO	#PAR: 0
#LOCAL 0
ACCESO: TODOS(3)	MIEMBRO: NO UNICO(2)	
***********************************************

**************** Posicion 821 ******************
AA_AA CLASE	CON 0 ATR. CLASE, 0 ATR. INSTANCIA, 0 MET. SOBR., 0 MET. NO SOBR., 0 ACUM. ATR. INS. Y 0 ACUM. MET. SOBR.	
***********************************************

=====================END TABLE==========

Comando: buscar id_no_cualificado p1 AA : Encontrado en mA2@1@1
Comando: cerrar_ambito_tsc AA 
Comando: abrir_ambito_tsc AA AA_mA3@1@3 5 1 3 2 

=================== mA3@1@3 =================

**************** Posicion 580 ******************
AA_mA3@1@3 METODO_SOBREESCRIBIBLE	POS_METODO: 0	Y ACUMULADA: 0	CLASE: OBJETO	TIPO: ENTERO	#PAR: 0
#LOCAL 0
ACCESO: TODOS(3)	MIEMBRO: NO UNICO(2)	
***********************************************

========================================


=================== AA =================

**************** Posicion 145 ******************
AA_mA2@1@1 METODO_SOBREESCRIBIBLE	POS_METODO: 0	Y ACUMULADA: 0	CLASE: (null)	TIPO: ENTERO	#PAR: 0
#LOCAL 0
ACCESO: TODOS(3)	MIEMBRO: NO UNICO(2)	
***********************************************

**************** Posicion 468 ******************
AA_mA1@1 METODO_SOBREESCRIBIBLE	POS_METODO: 0	Y ACUMULADA: 0	CLASE: (null)	TIPO: ENTERO	#PAR: 0
#LOCAL 0
ACCESO: TODOS(3)	MIEMBRO: NO UNICO(2)	
***********************************************

**************** Posicion 580 ******************
AA_mA3@1@3 METODO_SOBREESCRIBIBLE	POS_METODO: 0	Y ACUMULADA: 0	CLASE: (null)	TIPO: ENTERO	#PAR: 0
#LOCAL 0
ACCESO: TODOS(3)	MIEMBRO: NO UNICO(2)	
***********************************************

**************** Posicion 821 ******************
AA_AA CLASE	CON 0 ATR. CLASE, 0 ATR. INSTANCIA, 0 MET. SOBR., 0 MET. NO SOBR., 0 ACUM. ATR. INS. Y 0 ACUM. MET. SOBR.	
***********************************************

=====================END TABLE==========

Comando: buscar declarar_id_local_metodo AA mA3@1@3_p1 : No encontrado: se puede declarar
Comando: insertar_tsc AA mA3@1@3_p1 2 1 1 3 2 

=================== mA3@1@3 =================

**************** Posicion 321 ******************
mA3@1@3_p1 PARAMETRO	POS_PAR: 0	POS_LOCAL: 0	CLASE: ESCALAR	TIPO: ENTERO	DIR: 0	ACCESO: TODOS(3)	MIEMBRO: NO UNICO(2)	
***********************************************

**************** Posicion 580 ******************
AA_mA3@1@3 METODO_SOBREESCRIBIBLE	POS_METODO: 0	Y ACUMULADA: 0	CLASE: OBJETO	TIPO: ENTERO	#PAR: 0
#LOCAL 0
ACCESO: TODOS(3)	MIEMBRO: NO UNICO(2)	
***********************************************

========================================


=================== AA =================

**************** Posicion 145 ******************
AA_mA2@1@1 METODO_SOBREESCRIBIBLE	POS_METODO: 0	Y ACUMULADA: 0	CLASE: (null)	TIPO: ENTERO	#PAR: 0
#LOCAL 0
ACCESO: TODOS(3)	MIEMBRO: NO UNICO(2)	
***********************************************

**************** Posicion 468 ******************
AA_mA1@1 METODO_SOBREESCRIBIBLE	POS_METODO: 0	Y ACUMULADA: 0	CLASE: (null)	TIPO: ENTERO	#PAR: 0
#LOCAL 0
ACCESO: TODOS(3)	MIEMBRO: NO UNICO(2)	
***********************************************

**************** Posicion 580 ******************
AA_mA3@1@3 METODO_SOBREESCRIBIBLE	POS_METODO: 0	Y ACUMULADA: 0	CLASE: (null)	TIPO: ENTERO	#PAR: 0
#LOCAL 0
ACCESO: TODOS(3)	MIEMBRO: NO UNICO(2)	
***********************************************

**************** Posicion 821 ******************
AA_AA CLASE	CON 0 ATR. CLASE, 0 ATR. INSTANCIA, 0 MET. SOBR., 0 MET. NO SOBR., 0 ACUM. ATR. INS. Y 0 ACUM. MET. SOBR.	
***********************************************

=====================END TABLE==========

Comando: buscar declarar_id_local_metodo AA mA3@1@3_mA3 : No encontrado: se puede declarar
Comando: insertar_tsc AA mA3@1@3_mA3 2 3 1 3 2 

=================== mA3@1@3 =================

**************** Posicion 321 ******************
mA3@1@3_p1 PARAMETRO	POS_PAR: 0	POS_LOCAL: 0	CLASE: ESCALAR	TIPO: ENTERO	DIR: 0	ACCESO: TODOS(3)	MIEMBRO: NO UNICO(2)	
***********************************************

**************** Posicion 580 ******************
AA_mA3@1@3 METODO_SOBREESCRIBIBLE	POS_METODO: 0	Y ACUMULADA: 0	CLASE: OBJETO	TIPO: ENTERO	#PAR: 0
#LOCAL 0
ACCESO: TODOS(3)	MIEMBRO: NO UNICO(2)	
***********************************************

**************** Posicion 917 ******************
mA3@1@3_mA3 PARAMETRO	POS_PAR: 0	POS_LOCAL: 0	CLASE: ESCALAR	TIPO: BOOLEAN	DIR: 0	ACCESO: TODOS(3)	MIEMBRO: NO UNICO(2)	
***********************************************

========================================


=================== AA =================

**************** Posicion 145 ******************
AA_mA2@1@1 METODO_SOBREESCRIBIBLE	POS_METODO: 0	Y ACUMULADA: 0	CLASE: (null)	TIPO: ENTERO	#PAR: 0
#LOCAL 0
ACCESO: TODOS(3)	MIEMBRO: NO UNICO(2)	
***********************************************

**************** Posicion 468 ******************
AA_mA1@1 METODO_SOBREESCRIBIBLE	POS_METODO: 0	Y ACUMULADA: 0	CLASE: (null)	TIPO: ENTERO	#PAR: 0
#LOCAL 0
ACCESO: TODOS(3)	MIEMBRO: NO UNICO(2)	
***********************************************

**************** Posicion 580 ******************
AA_mA3@1@3 METODO_SOBREESCRIBIBLE	POS_METODO: 0	Y ACUMULADA: 0	CLASE: (null)	TIPO: ENTERO	#PAR: 0
#LOCAL 0
ACCESO: TODOS(3)	MIEMBRO: NO UNICO(2)	
***********************************************

**************** Posicion 821 ******************
AA_AA CLASE	CON 0 ATR. CLASE, 0 ATR. INSTANCIA, 0 MET. SOBR., 0 MET. NO SOBR., 0 ACUM. ATR. INS. Y 0 ACUM. MET. SOBR.	
***********************************************

=====================END TABLE==========

Comando: buscar id_no_cualificado p1 AA : Encontrado en mA3@1@3
Comando: cerrar_ambito_tsc AA 
Comando: buscar declarar_miembro_instancia AA AA_mA4 : No encontrado: se puede declarar
Comando: abrir_ambito_tsc AA AA_mA4 5 1 3 2 

=================== mA4 =================

**************** Posicion 313 ******************
AA_mA4 METODO_SOBREESCRIBIBLE	POS_METODO: 0	Y ACUMULADA: 0	CLASE: OBJETO	TIPO: ENTERO	#PAR: 0
#LOCAL 0
ACCESO: TODOS(3)	MIEMBRO: NO UNICO(2)	
***********************************************

========================================


=================== AA =================

**************** Posicion 145 ******************
AA_mA2@1@1 METODO_SOBREESCRIBIBLE	POS_METODO: 0	Y ACUMULADA: 0	CLASE: (null)	TIPO: ENTERO	#PAR: 0
#LOCAL 0
ACCESO: TODOS(3)	MIEMBRO: NO UNICO(2)	
***********************************************

**************** Posicion 313 ******************
AA_mA4 METODO_SOBREESCRIBIBLE	POS_METODO: 0	Y ACUMULADA: 0	CLASE: (null)	TIPO: ENTERO	#PAR: 0
#LOCAL 0
ACCESO: TODOS(3)	MIEMBRO: NO UNICO(2)	
***********************************************

**************** Posicion 468 ******************
AA_mA1@1 METODO_SOBREESCRIBIBLE	POS_METODO: 0	Y ACUMULADA: 0	CLASE: (null)	TIPO: ENTERO	#PAR: 0
#LOCAL 0
ACCESO: TODOS(3)	MIEMBRO: NO UNICO(2)	
***********************************************

**************** Posicion 580 ******************
AA_mA3@1@3 METODO_SOBREESCRIBIBLE	POS_METODO: 0	Y ACUMULADA: 0	CLASE: (null)	TIPO: ENTERO	#PAR: 0
#LOCAL 0
ACCESO: TODOS(3)	MIEMBRO: NO UNICO(2)	
***********************************************

**************** Posicion 821 ******************
AA_AA CLASE	CON 0 ATR. CLASE, 0 ATR. INSTANCIA, 0 MET. SOBR., 0 MET. NO SOBR., 0 ACUM. ATR. INS. Y 0 ACUM. MET. SOBR.	
***********************************************

=====================END TABLE==========

Comando: buscar declarar_id_local_metodo AA mA4_v2 : No encontrado: se puede declarar
Comando: insertar_tsc AA mA4_v2 1 1 1 3 2 

=================== mA4 =================

**************** Posicion 313 ******************
AA_mA4 METODO_SOBREESCRIBIBLE	POS_METODO: 0	Y ACUMULADA: 0	CLASE: OBJETO	TIPO: ENTERO	#PAR: 0
#LOCAL 0
ACCESO: TODOS(3)	MIEMBRO: NO UNICO(2)	
***********************************************

**************** Posicion 703 ******************
mA4_v2 VARIABLE	POS_LOCAL: 0	POS ATR. INSTANCIA: 0	Y ACUMULADA: 0	CLASE: ESCALAR	TIPO: ENTERO	DIR: 0	ACCESO: TODOS(3)	MIEMBRO: NO UNICO(2)	
***********************************************

========================================


=================== AA =================

**************** Posicion 145 ******************
AA_mA2@1@1 METODO_SOBREESCRIBIBLE	POS_METODO: 0	Y ACUMULADA: 0	CLASE: (null)	TIPO: ENTERO	#PAR: 0
#LOCAL 0
ACCESO: TODOS(3)	MIEMBRO: NO UNICO(2)	
***********************************************

**************** Posicion 313 ******************
AA_mA4 METODO_SOBREESCRIBIBLE	POS_METODO: 0	Y ACUMULADA: 0	CLASE: (null)	TIPO: ENTERO	#PAR: 0
#LOCAL 0
ACCESO: TODOS(3)	MIEMBRO: NO UNICO(2)	
***********************************************

**************** Posicion 468 ******************
AA_mA1@1 METODO_SOBREESCRIBIBLE	POS_METODO: 0	Y ACUMULADA: 0	CLASE: (null)	TIPO: ENTERO	#PAR: 0
#LOCAL 0
ACCESO: TODOS(3)	MIEMBRO: NO UNICO(2)	
***********************************************

**************** Posicion 580 ******************
AA_mA3@1@3 METODO_SOBREESCRIBIBLE	POS_METODO: 0	Y ACUMULADA: 0	CLASE: (null)	TIPO: ENTERO	#PAR: 0
#LOCAL 0
ACCESO: TODOS(3)	MIEMBRO: NO UNICO(2)	
***********************************************

**************** Posicion 821 ******************
AA_AA CLASE	CON 0 ATR. CLASE, 0 ATR. INSTANCIA, 0 MET. SOBR., 0 MET. NO SOBR., 0 ACUM. ATR. INS. Y 0 ACUM. MET. SOBR.	
***********************************************

=====================END TABLE==========

Comando: buscar id_no_cualificado v2 AA : Encontrado en mA4
Comando: cerrar_ambito_tsc AA 
Comando: buscar declarar_miembro_instancia AA AA_mA5 : No encontrado: se puede declarar
Comando: abrir_ambito_tsc AA AA_mA5 5 1 3 2 

=================== mA5 =================

**************** Posicion 314 ******************
AA_mA5 METODO_SOBREESCRIBIBLE	POS_METODO: 0	Y ACUMULADA: 0	CLASE: OBJETO	TIPO: ENTERO	#PAR: 0
#LOCAL 0
ACCESO: TODOS(3)	MIEMBRO: NO UNICO(2)	
***********************************************

========================================


=================== AA =================

**************** Posicion 145 ******************
AA_mA2@1@1 METODO_SOBREESCRIBIBLE	POS_METODO: 0	Y ACUMULADA: 0	CLASE: (null)	TIPO: ENTERO	#PAR: 0
#LOCAL 0
ACCESO: TODOS(3)	MIEMBRO: NO UNICO(2)	
***********************************************

**************** Posicion 313 ******************
AA_mA4 METODO_SOBREESCRIBIBLE	POS_METODO: 0	Y ACUMULADA: 0	CLASE: (null)	TIPO: ENTERO	#PAR: 0
#LOCAL 0
ACCESO: TODOS(3)	MIEMBRO: NO UNICO(2)	
***********************************************

**************** Posicion 314 ******************
AA_mA5 METODO_SOBREESCRIBIBLE	POS_METODO: 0	Y ACUMULADA: 0	CLASE: (null)	TIPO: ENTERO	#PAR: 0
#LOCAL 0
ACCESO: TODOS(3)	MIEMBRO: NO UNICO(2)	
***********************************************

**************** Posicion 468 ******************
AA_mA1@1 METODO_SOBREESCRIBIBLE	POS_METODO: 0	Y ACUMULADA: 0	CLASE: (null)	TIPO: ENTERO	#PAR: 0
#LOCAL 0
ACCESO: TODOS(3)	MIEMBRO: NO UNICO(2)	
***********************************************

**************** Posicion 580 ******************
AA_mA3@1@3 METODO_SOBREESCRIBIBLE	POS_METODO: 0	Y ACUMULADA: 0	CLASE: (null)	TIPO: ENTERO	#PAR: 0
#LOCAL 0
ACCESO: TODOS(3)	MIEMBRO: NO UNICO(2)	
***********************************************

**************** Posicion 821 ******************
AA_AA CLASE	CON 0 ATR. CLASE, 0 ATR. INSTANCIA, 0 MET. SOBR., 0 MET. NO SOBR., 0 ACUM. ATR. INS. Y 0 ACUM. MET. SOBR.	
***********************************************

=====================END TABLE==========

Comando: buscar declarar_id_local_metodo AA mA5_v1 : No encontrado: se puede declarar
Comando: insertar_tsc AA mA5_v1 2 1 1 3 2 

=================== mA5 =================

**************** Posicion 314 ******************
AA_mA5 METODO_SOBREESCRIBIBLE	POS_METODO: 0	Y ACUMULADA: 0	CLASE: OBJETO	TIPO: ENTERO	#PAR: 0
#LOCAL 0
ACCESO: TODOS(3)	MIEMBRO: NO UNICO(2)	
***********************************************

**************** Posicion 419 ******************
mA5_v1 PARAMETRO	POS_PAR: 0	POS_LOCAL: 0	CLASE: ESCALAR	TIPO: ENTERO	DIR: 0	ACCESO: TODOS(3)	MIEMBRO: NO UNICO(2)	
***********************************************

========================================


=================== AA =================

**************** Posicion 145 ******************
AA_mA2@1@1 METODO_SOBREESCRIBIBLE	POS_METODO: 0	Y ACUMULADA: 0	CLASE: (null)	TIPO: ENTERO	#PAR: 0
#LOCAL 0
ACCESO: TODOS(3)	MIEMBRO: NO UNICO(2)	
***********************************************

**************** Posicion 313 ******************
AA_mA4 METODO_SOBREESCRIBIBLE	POS_METODO: 0	Y ACUMULADA: 0	CLASE: (null)	TIPO: ENTERO	#PAR: 0
#LOCAL 0
ACCESO: TODOS(3)	MIEMBRO: NO UNICO(2)	
***********************************************

**************** Posicion 314 ******************
AA_mA5 METODO_SOBREESCRIBIBLE	POS_METODO: 0	Y ACUMULADA: 0	CLASE: (null)	TIPO: ENTERO	#PAR: 0
#LOCAL 0
ACCESO: TODOS(3)	MIEMBRO: NO UNICO(2)	
***********************************************

**************** Posicion 468 ******************
AA_mA1@1 METODO_SOBREESCRIBIBLE	POS_METODO: 0	Y ACUMULADA: 0	CLASE: (null)	TIPO: ENTERO	#PAR: 0
#LOCAL 0
ACCESO: TODOS(3)	MIEMBRO: NO UNICO(2)	
***********************************************

**************** Posicion 580 ******************
AA_mA3@1@3 METODO_SOBREESCRIBIBLE	POS_METODO: 0	Y ACUMULADA: 0	CLASE: (null)	TIPO: ENTERO	#PAR: 0
#LOCAL 0
ACCESO: TODOS(3)	MIEMBRO: NO UNICO(2)	
***********************************************

**************** Posicion 821 ******************
AA_AA CLASE	CON 0 ATR. CLASE, 0 ATR. INSTANCIA, 0 MET. SOBR., 0 MET. NO SOBR., 0 ACUM. ATR. INS. Y 0 ACUM. MET. SOBR.	
***********************************************

=====================END TABLE==========

Comando: buscar declarar_id_local_metodo AA mA5_v1 : Encontrado en mA5: No se puede declarar
Comando: insertar_tsc AA mA5_v1 1 1 1 3 2 

=================== mA5 =================

**************** Posicion 314 ******************
AA_mA5 METODO_SOBREESCRIBIBLE	POS_METODO: 0	Y ACUMULADA: 0	CLASE: OBJETO	TIPO: ENTERO	#PAR: 0
#LOCAL 0
ACCESO: TODOS(3)	MIEMBRO: NO UNICO(2)	
***********************************************

**************** Posicion 419 ******************
mA5_v1 PARAMETRO	POS_PAR: 0	POS_LOCAL: 0	CLASE: ESCALAR	TIPO: ENTERO	DIR: 0	ACCESO: TODOS(3)	MIEMBRO: NO UNICO(2)	
***********************************************

========================================


=================== AA =================

**************** Posicion 145 ******************
AA_mA2@1@1 METODO_SOBREESCRIBIBLE	POS_METODO: 0	Y ACUMULADA: 0	CLASE: (null)	TIPO: ENTERO	#PAR: 0
#LOCAL 0
ACCESO: TODOS(3)	MIEMBRO: NO UNICO(2)	
***********************************************

**************** Posicion 313 ******************
AA_mA4 METODO_SOBREESCRIBIBLE	POS_METODO: 0	Y ACUMULADA: 0	CLASE: (null)	TIPO: ENTERO	#PAR: 0
#LOCAL 0
ACCESO: TODOS(3)	MIEMBRO: NO UNICO(2)	
***********************************************

**************** Posicion 314 ******************
AA_mA5 METODO_SOBREESCRIBIBLE	POS_METODO: 0	Y ACUMULADA: 0	CLASE: (null)	TIPO: ENTERO	#PAR: 0
#LOCAL 0
ACCESO: TODOS(3)	MIEMBRO: NO UNICO(2)	
***********************************************

**************** Posicion 468 ******************
AA_mA1@1 METODO_SOBREESCRIBIBLE	POS_METODO: 0	Y ACUMULADA: 0	CLASE: (null)	TIPO: ENTERO	#PAR: 0
#LOCAL 0
ACCESO: TODOS(3)	MIEMBRO: NO UNICO(2)	
***********************************************

**************** Posicion 580 ******************
AA_mA3@1@3 METODO_SOBREESCRIBIBLE	POS_METODO: 0	Y ACUMULADA: 0	CLASE: (null)	TIPO: ENTERO	#PAR: 0
#LOCAL 0
ACCESO: TODOS(3)	MIEMBRO: NO UNICO(2)	
***********************************************

**************** Posicion 821 ******************
AA_AA CLASE	CON 0 ATR. CLASE, 0 ATR. INSTANCIA, 0 MET. SOBR., 0 MET. NO SOBR., 0 ACUM. ATR. INS. Y 0 ACUM. MET. SOBR.	
***********************************************

=====================END TABLE==========

Comando: buscar id_no_cualificado v1 AA : Encontrado en mA5
Comando: cerrar_ambito_tsc AA 
Comando: buscar declarar_miembro_instancia AA AA_mA6 : No encontrado: se puede declarar
Comando: abrir_ambito_tsc AA AA_mA6 5 1 3 2 

=================== mA6 =================

**************** Posicion 315 ******************
AA_mA6 METODO_SOBREESCRIBIBLE	POS_METODO: 0	Y ACUMULADA: 0	CLASE: OBJETO	TIPO: ENTERO	#PAR: 0
#LOCAL 0
ACCESO: TODOS(3)	MIEMBRO: NO UNICO(2)	
***********************************************

========================================


=================== AA =================

**************** Posicion 145 ******************
AA_mA2@1@1 METODO_SOBREESCRIBIBLE	POS_METODO: 0	Y ACUMULADA: 0	CLASE: (null)	TIPO: ENTERO	#PAR: 0
#LOCAL 0
ACCESO: TODOS(3)	MIEMBRO: NO UNICO(2)	
***********************************************

**************** Posicion 313 ******************
AA_mA4 METODO_SOBREESCRIBIBLE	POS_METODO: 0	Y ACUMULADA: 0	CLASE: (null)	TIPO: ENTERO	#PAR: 0
#LOCAL 0
ACCESO: TODOS(3)	MIEMBRO: NO UNICO(2)	
***********************************************

**************** Posicion 314 ******************
AA_mA5 METODO_SOBREESCRIBIBLE	POS_METODO: 0	Y ACUMULADA: 0	CLASE: (null)	TIPO: ENTERO	#PAR: 0
#LOCAL 0
ACCESO: TODOS(3)	MIEMBRO: NO UNICO(2)	
***********************************************

**************** Posicion 315 ******************
AA_mA6 METODO_SOBREESCRIBIBLE	POS_METODO: 0	Y ACUMULADA: 0	CLASE: (null)	TIPO: ENTERO	#PAR: 0
#LOCAL 0
ACCESO: TODOS(3)	MIEMBRO: NO UNICO(2)	
***********************************************

**************** Posicion 468 ******************
AA_mA1@1 METODO_SOBREESCRIBIBLE	POS_METODO: 0	Y ACUMULADA: 0	CLASE: (null)	TIPO: ENTERO	#PAR: 0
#LOCAL 0
ACCESO: TODOS(3)	MIEMBRO: NO UNICO(2)	
***********************************************

**************** Posicion 580 ******************
AA_mA3@1@3 METODO_SOBREESCRIBIBLE	POS_METODO: 0	Y ACUMULADA: 0	CLASE: (null)	TIPO: ENTERO	#PAR: 0
#LOCAL 0
ACCESO: TODOS(3)	MIEMBRO: NO UNICO(2)	
***********************************************

**************** Posicion 821 ******************
AA_AA CLASE	CON 0 ATR. CLASE, 0 ATR. INSTANCIA, 0 MET. SOBR., 0 MET. NO SOBR., 0 ACUM. ATR. INS. Y 0 ACUM. MET. SOBR.	
***********************************************

=====================END TABLE==========

Comando: buscar declarar_id_local_metodo AA mA6_v1 : No encontrado: se puede declarar
Comando: insertar_tsc AA mA6_v1 1 1 1 3 2 

=================== mA6 =================

**************** Posicion 136 ******************
mA6_v1 VARIABLE	POS_LOCAL: 0	POS ATR. INSTANCIA: 0	Y ACUMULADA: 0	CLASE: ESCALAR	TIPO: ENTERO	DIR: 0	ACCESO: TODOS(3)	MIEMBRO: NO UNICO(2)	
***********************************************

**************** Posicion 315 ******************
AA_mA6 METODO_SOBREESCRIBIBLE	POS_METODO: 0	Y ACUMULADA: 0	CLASE: OBJETO	TIPO: ENTERO	#PAR: 0
#LOCAL 0
ACCESO: TODOS(3)	MIEMBRO: NO UNICO(2)	
***********************************************

========================================


=================== AA =================

**************** Posicion 145 ******************
AA_mA2@1@1 METODO_SOBREESCRIBIBLE	POS_METODO: 0	Y ACUMULADA: 0	CLASE: (null)	TIPO: ENTERO	#PAR: 0
#LOCAL 0
ACCESO: TODOS(3)	MIEMBRO: NO UNICO(2)	
***********************************************

**************** Posicion 313 ******************
AA_mA4 METODO_SOBREESCRIBIBLE	POS_METODO: 0	Y ACUMULADA: 0	CLASE: (null)	TIPO: ENTERO	#PAR: 0
#LOCAL 0
ACCESO: TODOS(3)	MIEMBRO: NO UNICO(2)	
***********************************************

**************** Posicion 314 ******************
AA_mA5 METODO_SOBREESCRIBIBLE	POS_METODO: 0	Y ACUMULADA: 0	CLASE: (null)	TIPO: ENTERO	#PAR: 0
#LOCAL 0
ACCESO: TODOS(3)	MIEMBRO: NO UNICO(2)	
***********************************************

**************** Posicion 315 ******************
AA_mA6 METODO_SOBREESCRIBIBLE	POS_METODO: 0	Y ACUMULADA: 0	CLASE: (null)	TIPO: ENTERO	#PAR: 0
#LOCAL 0
ACCESO: TODOS(3)	MIEMBRO: NO UNICO(2)	
***********************************************

**************** Posicion 468 ******************
AA_mA1@1 METODO_SOBREESCRIBIBLE	POS_METODO: 0	Y ACUMULADA: 0	CLASE: (null)	TIPO: ENTERO	#PAR: 0
#LOCAL 0
ACCESO: TODOS(3)	MIEMBRO: NO UNICO(2)	
***********************************************

**************** Posicion 580 ******************
AA_mA3@1@3 METODO_SOBREESCRIBIBLE	POS_METODO: 0	Y ACUMULADA: 0	CLASE: (null)	TIPO: ENTERO	#PAR: 0
#LOCAL 0
ACCESO: TODOS(3)	MIEMBRO: NO UNICO(2)	
***********************************************

**************** Posicion 821 ******************
AA_AA CLASE	CON 0 ATR. CLASE, 0 ATR. INSTANCIA, 0 MET. SOBR., 0 MET. NO SOBR., 0 ACUM. ATR. INS. Y 0 ACUM. MET. SOBR.	
***********************************************

=====================END TABLE==========

Comando: buscar declarar_id_local_metodo AA mA6_v1 : Encontrado en mA6: No se puede declarar
Comando: insertar_tsc AA mA6_v1 1 3 1 3 2 

=================== mA6 =================

**************** Posicion 136 ******************
mA6_v1 VARIABLE	POS_LOCAL: 0	POS ATR. INSTANCIA: 0	Y ACUMULADA: 0	CLASE: ESCALAR	TIPO: ENTERO	DIR: 0	ACCESO: TODOS(3)	MIEMBRO: NO UNICO(2)	
***********************************************

**************** Posicion 315 ******************
AA_mA6 METODO_SOBREESCRIBIBLE	POS_METODO: 0	Y ACUMULADA: 0	CLASE: OBJETO	TIPO: ENTERO	#PAR: 0
#LOCAL 0
ACCESO: TODOS(3)	MIEMBRO: NO UNICO(2)	
***********************************************

========================================


=================== AA =================

**************** Posicion 145 ******************
AA_mA2@1@1 METODO_SOBREESCRIBIBLE	POS_METODO: 0	Y ACUMULADA: 0	CLASE: (null)	TIPO: ENTERO	#PAR: 0
#LOCAL 0
ACCESO: TODOS(3)	MIEMBRO: NO UNICO(2)	
***********************************************

**************** Posicion 313 ******************
AA_mA4 METODO_SOBREESCRIBIBLE	POS_METODO: 0	Y ACUMULADA: 0	CLASE: (null)	TIPO: ENTERO	#PAR: 0
#LOCAL 0
ACCESO: TODOS(3)	MIEMBRO: NO UNICO(2)	
***********************************************

**************** Posicion 314 ******************
AA_mA5 METODO_SOBREESCRIBIBLE	POS_METODO: 0	Y ACUMULADA: 0	CLASE: (null)	TIPO: ENTERO	#PAR: 0
#LOCAL 0
ACCESO: TODOS(3)	MIEMBRO: NO UNICO(2)	
***********************************************

**************** Posicion 315 ******************
AA_mA6 METODO_SOBREESCRIBIBLE	POS_METODO: 0	Y ACUMULADA: 0	CLASE: (null)	TIPO: ENTERO	#PAR: 0
#LOCAL 0
ACCESO: TODOS(3)	MIEMBRO: NO UNICO(2)	
***********************************************

**************** Posicion 468 ******************
AA_mA1@1 METODO_SOBREESCRIBIBLE	POS_METODO: 0	Y ACUMULADA: 0	CLASE: (null)	TIPO: ENTERO	#PAR: 0
#LOCAL 0
ACCESO: TODOS(3)	MIEMBRO: NO UNICO(2)	
***********************************************

**************** Posicion 580 ******************
AA_mA3@1@3 METODO_SOBREESCRIBIBLE	POS_METODO: 0	Y ACUMULADA: 0	CLASE: (null)	TIPO: ENTERO	#PAR: 0
#LOCAL 0
ACCESO: TODOS(3)	MIEMBRO: NO UNICO(2)	
***********************************************

**************** Posicion 821 ******************
AA_AA CLASE	CON 0 ATR. CLASE, 0 ATR. INSTANCIA, 0 MET. SOBR., 0 MET. NO SOBR., 0 ACUM. ATR. INS. Y 0 ACUM. MET. SOBR.	
***********************************************

=====================END TABLE==========

Comando: buscar id_no_cualificado v1 AA : Encontrado en mA6
Comando: cerrar_ambito_tsc AA 
Comando: buscar declarar_miembro_instancia AA AA_mA7@1 : No encontrado: se puede declarar
Comando: abrir_ambito_tsc AA AA_mA7@1 5 1 3 2 

=================== mA7@1 =================

**************** Posicion 401 ******************
AA_mA7@1 METODO_SOBREESCRIBIBLE	POS_METODO: 0	Y ACUMULADA: 0	CLASE: OBJETO	TIPO: ENTERO	#PAR: 0
#LOCAL 0
ACCESO: TODOS(3)	MIEMBRO: NO UNICO(2)	
***********************************************

========================================


=================== AA =================

**************** Posicion 145 ******************
AA_mA2@1@1 METODO_SOBREESCRIBIBLE	POS_METODO: 0	Y ACUMULADA: 0	CLASE: (null)	TIPO: ENTERO	#PAR: 0
#LOCAL 0
ACCESO: TODOS(3)	MIEMBRO: NO UNICO(2)	
***********************************************

**************** Posicion 313 ******************
AA_mA4 METODO_SOBREESCRIBIBLE	POS_METODO: 0	Y ACUMULADA: 0	CLASE: (null)	TIPO: ENTERO	#PAR: 0
#LOCAL 0
ACCESO: TODOS(3)	MIEMBRO: NO UNICO(2)	
***********************************************

**************** Posicion 314 ******************
AA_mA5 METODO_SOBREESCRIBIBLE	POS_METODO: 0	Y ACUMULADA: 0	CLASE: (null)	TIPO: ENTERO	#PAR: 0
#LOCAL 0
ACCESO: TODOS(3)	MIEMBRO: NO UNICO(2)	
***********************************************

**************** Posicion 315 ******************
AA_mA6 METODO_SOBREESCRIBIBLE	POS_METODO: 0	Y ACUMULADA: 0	CLASE: (null)	TIPO: ENTERO	#PAR: 0
#LOCAL 0
ACCESO: TODOS(3)	MIEMBRO: NO UNICO(2)	
***********************************************

**************** Posicion 401 ******************
AA_mA7@1 METODO_SOBREESCRIBIBLE	POS_METODO: 0	Y ACUMULADA: 0	CLASE: (null)	TIPO: ENTERO	#PAR: 0
#LOCAL 0
ACCESO: TODOS(3)	MIEMBRO: NO UNICO(2)	
***********************************************

**************** Posicion 468 ******************
AA_mA1@1 METODO_SOBREESCRIBIBLE	POS_METODO: 0	Y ACUMULADA: 0	CLASE: (null)	TIPO: ENTERO	#PAR: 0
#LOCAL 0
ACCESO: TODOS(3)	MIEMBRO: NO UNICO(2)	
***********************************************

**************** Posicion 580 ******************
AA_mA3@1@3 METODO_SOBREESCRIBIBLE	POS_METODO: 0	Y ACUMULADA: 0	CLASE: (null)	TIPO: ENTERO	#PAR: 0
#LOCAL 0
ACCESO: TODOS(3)	MIEMBRO: NO UNICO(2)	
***********************************************

**************** Posicion 821 ******************
AA_AA CLASE	CON 0 ATR. CLASE, 0 ATR. INSTANCIA, 0 MET. SOBR., 0 MET. NO SOBR., 0 ACUM. ATR. INS. Y 0 ACUM. MET. SOBR.	
***********************************************

=====================END TABLE==========

Comando: buscar declarar_id_local_metodo AA mA7@1_p1 : No encontrado: se puede declarar
Comando: insertar_tsc AA mA1@1_p1 2 1 1 3 2 

=================== mA7@1 =================

**************** Posicion 401 ******************
AA_mA7@1 METODO_SOBREESCRIBIBLE	POS_METODO: 0	Y ACUMULADA: 0	CLASE: OBJETO	TIPO: ENTERO	#PAR: 0
#LOCAL 0
ACCESO: TODOS(3)	MIEMBRO: NO UNICO(2)	
***********************************************

**************** Posicion 908 ******************
mA1@1_p1 PARAMETRO	POS_PAR: 0	POS_LOCAL: 0	CLASE: ESCALAR	TIPO: ENTERO	DIR: 0	ACCESO: TODOS(3)	MIEMBRO: NO UNICO(2)	
***********************************************

========================================


=================== AA =================

**************** Posicion 145 ******************
AA_mA2@1@1 METODO_SOBREESCRIBIBLE	POS_METODO: 0	Y ACUMULADA: 0	CLASE: (null)	TIPO: ENTERO	#PAR: 0
#LOCAL 0
ACCESO: TODOS(3)	MIEMBRO: NO UNICO(2)	
***********************************************

**************** Posicion 313 ******************
AA_mA4 METODO_SOBREESCRIBIBLE	POS_METODO: 0	Y ACUMULADA: 0	CLASE: (null)	TIPO: ENTERO	#PAR: 0
#LOCAL 0
ACCESO: TODOS(3)	MIEMBRO: NO UNICO(2)	
***********************************************

**************** Posicion 314 ******************
AA_mA5 METODO_SOBREESCRIBIBLE	POS_METODO: 0	Y ACUMULADA: 0	CLASE: (null)	TIPO: ENTERO	#PAR: 0
#LOCAL 0
ACCESO: TODOS(3)	MIEMBRO: NO UNICO(2)	
***********************************************

**************** Posicion 315 ******************
AA_mA6 METODO_SOBREESCRIBIBLE	POS_METODO: 0	Y ACUMULADA: 0	CLASE: (null)	TIPO: ENTERO	#PAR: 0
#LOCAL 0
ACCESO: TODOS(3)	MIEMBRO: NO UNICO(2)	
***********************************************

**************** Posicion 401 ******************
AA_mA7@1 METODO_SOBREESCRIBIBLE	POS_METODO: 0	Y ACUMULADA: 0	CLASE: (null)	TIPO: ENTERO	#PAR: 0
#LOCAL 0
ACCESO: TODOS(3)	MIEMBRO: NO UNICO(2)	
***********************************************

**************** Posicion 468 ******************
AA_mA1@1 METODO_SOBREESCRIBIBLE	POS_METODO: 0	Y ACUMULADA: 0	CLASE: (null)	TIPO: ENTERO	#PAR: 0
#LOCAL 0
ACCESO: TODOS(3)	MIEMBRO: NO UNICO(2)	
***********************************************

**************** Posicion 580 ******************
AA_mA3@1@3 METODO_SOBREESCRIBIBLE	POS_METODO: 0	Y ACUMULADA: 0	CLASE: (null)	TIPO: ENTERO	#PAR: 0
#LOCAL 0
ACCESO: TODOS(3)	MIEMBRO: NO UNICO(2)	
***********************************************

**************** Posicion 821 ******************
AA_AA CLASE	CON 0 ATR. CLASE, 0 ATR. INSTANCIA, 0 MET. SOBR., 0 MET. NO SOBR., 0 ACUM. ATR. INS. Y 0 ACUM. MET. SOBR.	
***********************************************

=====================END TABLE==========

Comando: buscar declarar_id_local_metodo AA mA7@1_mA7 : No encontrado: se puede declarar
Comando: insertar_tsc AA mA1@1_mA7 1 1 1 3 2 

=================== mA7@1 =================

**************** Posicion 15 ******************
mA1@1_mA7 VARIABLE	POS_LOCAL: 0	POS ATR. INSTANCIA: 0	Y ACUMULADA: 0	CLASE: ESCALAR	TIPO: ENTERO	DIR: 0	ACCESO: TODOS(3)	MIEMBRO: NO UNICO(2)	
***********************************************

**************** Posicion 401 ******************
AA_mA7@1 METODO_SOBREESCRIBIBLE	POS_METODO: 0	Y ACUMULADA: 0	CLASE: OBJETO	TIPO: ENTERO	#PAR: 0
#LOCAL 0
ACCESO: TODOS(3)	MIEMBRO: NO UNICO(2)	
***********************************************

**************** Posicion 908 ******************
mA1@1_p1 PARAMETRO	POS_PAR: 0	POS_LOCAL: 0	CLASE: ESCALAR	TIPO: ENTERO	DIR: 0	ACCESO: TODOS(3)	MIEMBRO: NO UNICO(2)	
***********************************************

========================================


=================== AA =================

**************** Posicion 145 ******************
AA_mA2@1@1 METODO_SOBREESCRIBIBLE	POS_METODO: 0	Y ACUMULADA: 0	CLASE: (null)	TIPO: ENTERO	#PAR: 0
#LOCAL 0
ACCESO: TODOS(3)	MIEMBRO: NO UNICO(2)	
***********************************************

**************** Posicion 313 ******************
AA_mA4 METODO_SOBREESCRIBIBLE	POS_METODO: 0	Y ACUMULADA: 0	CLASE: (null)	TIPO: ENTERO	#PAR: 0
#LOCAL 0
ACCESO: TODOS(3)	MIEMBRO: NO UNICO(2)	
***********************************************

**************** Posicion 314 ******************
AA_mA5 METODO_SOBREESCRIBIBLE	POS_METODO: 0	Y ACUMULADA: 0	CLASE: (null)	TIPO: ENTERO	#PAR: 0
#LOCAL 0
ACCESO: TODOS(3)	MIEMBRO: NO UNICO(2)	
***********************************************

**************** Posicion 315 ******************
AA_mA6 METODO_SOBREESCRIBIBLE	POS_METODO: 0	Y ACUMULADA: 0	CLASE: (null)	TIPO: ENTERO	#PAR: 0
#LOCAL 0
ACCESO: TODOS(3)	MIEMBRO: NO UNICO(2)	
***********************************************

**************** Posicion 401 ******************
AA_mA7@1 METODO_SOBREESCRIBIBLE	POS_METODO: 0	Y ACUMULADA: 0	CLASE: (null)	TIPO: ENTERO	#PAR: 0
#LOCAL 0
ACCESO: TODOS(3)	MIEMBRO: NO UNICO(2)	
***********************************************

**************** Posicion 468 ******************
AA_mA1@1 METODO_SOBREESCRIBIBLE	POS_METODO: 0	Y ACUMULADA: 0	CLASE: (null)	TIPO: ENTERO	#PAR: 0
#LOCAL 0
ACCESO: TODOS(3)	MIEMBRO: NO UNICO(2)	
***********************************************

**************** Posicion 580 ******************
AA_mA3@1@3 METODO_SOBREESCRIBIBLE	POS_METODO: 0	Y ACUMULADA: 0	CLASE: (null)	TIPO: ENTERO	#PAR: 0
#LOCAL 0
ACCESO: TODOS(3)	MIEMBRO: NO UNICO(2)	
***********************************************

**************** Posicion 821 ******************
AA_AA CLASE	CON 0 ATR. CLASE, 0 ATR. INSTANCIA, 0 MET. SOBR., 0 MET. NO SOBR., 0 ACUM. ATR. INS. Y 0 ACUM. MET. SOBR.	
***********************************************

=====================END TABLE==========

Comando: cerrar_ambito_tsc AA 
Comando: buscar declarar_miembro_instancia AA AA_mA8@1 : No encontrado: se puede declarar
Comando: abrir_ambito_tsc AA AA_mA8@1 5 1 3 2 

=================== mA8@1 =================

**************** Posicion 558 ******************
AA_mA8@1 METODO_SOBREESCRIBIBLE	POS_METODO: 0	Y ACUMULADA: 0	CLASE: OBJETO	TIPO: ENTERO	#PAR: 0
#LOCAL 0
ACCESO: TODOS(3)	MIEMBRO: NO UNICO(2)	
***********************************************

========================================


=================== AA =================

**************** Posicion 145 ******************
AA_mA2@1@1 METODO_SOBREESCRIBIBLE	POS_METODO: 0	Y ACUMULADA: 0	CLASE: (null)	TIPO: ENTERO	#PAR: 0
#LOCAL 0
ACCESO: TODOS(3)	MIEMBRO: NO UNICO(2)	
***********************************************

**************** Posicion 313 ******************
AA_mA4 METODO_SOBREESCRIBIBLE	POS_METODO: 0	Y ACUMULADA: 0	CLASE: (null)	TIPO: ENTERO	#PAR: 0
#LOCAL 0
ACCESO: TODOS(3)	MIEMBRO: NO UNICO(2)	
***********************************************

**************** Posicion 314 ******************
AA_mA5 METODO_SOBREESCRIBIBLE	POS_METODO: 0	Y ACUMULADA: 0	CLASE: (null)	TIPO: ENTERO	#PAR: 0
#LOCAL 0
ACCESO: TODOS(3)	MIEMBRO: NO UNICO(2)	
***********************************************

**************** Posicion 315 ******************
AA_mA6 METODO_SOBREESCRIBIBLE	POS_METODO: 0	Y ACUMULADA: 0	CLASE: (null)	TIPO: ENTERO	#PAR: 0
#LOCAL 0
ACCESO: TODOS(3)	MIEMBRO: NO UNICO(2)	
***********************************************

**************** Posicion 401 ******************
AA_mA7@1 METODO_SOBREESCRIBIBLE	POS_METODO: 0	Y ACUMULADA: 0	CLASE: (null)	TIPO: ENTERO	#PAR: 0
#LOCAL 0
ACCESO: TODOS(3)	MIEMBRO: NO UNICO(2)	
***********************************************

**************** Posicion 468 ******************
AA_mA1@1 METODO_SOBREESCRIBIBLE	POS_METODO: 0	Y ACUMULADA: 0	CLASE: (null)	TIPO: ENTERO	#PAR: 0
#LOCAL 0
ACCESO: TODOS(3)	MIEMBRO: NO UNICO(2)	
***********************************************

**************** Posicion 558 ******************
AA_mA8@1 METODO_SOBREESCRIBIBLE	POS_METODO: 0	Y ACUMULADA: 0	CLASE: (null)	TIPO: ENTERO	#PAR: 0
#LOCAL 0
ACCESO: TODOS(3)	MIEMBRO: NO UNICO(2)	
***********************************************

**************** Posicion 580 ******************
AA_mA3@1@3 METODO_SOBREESCRIBIBLE	POS_METODO: 0	Y ACUMULADA: 0	CLASE: (null)	TIPO: ENTERO	#PAR: 0
#LOCAL 0
ACCESO: TODOS(3)	MIEMBRO: NO UNICO(2)	
***********************************************

**************** Posicion 821 ******************
AA_AA CLASE	CON 0 ATR. CLASE, 0 ATR. INSTANCIA, 0 MET. SOBR., 0 MET. NO SOBR., 0 ACUM. ATR. INS. Y 0 ACUM. MET. SOBR.	
***********************************************

=====================END TABLE==========

Comando: buscar declarar_id_local_metodo AA mA8_mA8 : No encontrado: se puede declarar
Comando: insertar_tsc AA mA1@1_mA8 1 1 1 3 2 

=================== mA8@1 =================

**************** Posicion 16 ******************
mA1@1_mA8 VARIABLE	POS_LOCAL: 0	POS ATR. INSTANCIA: 0	Y ACUMULADA: 0	CLASE: ESCALAR	TIPO: ENTERO	DIR: 0	ACCESO: TODOS(3)	MIEMBRO: NO UNICO(2)	
***********************************************

**************** Posicion 558 ******************
AA_mA8@1 METODO_SOBREESCRIBIBLE	POS_METODO: 0	Y ACUMULADA: 0	CLASE: OBJETO	TIPO: ENTERO	#PAR: 0
#LOCAL 0
ACCESO: TODOS(3)	MIEMBRO: NO UNICO(2)	
***********************************************

========================================


=================== AA =================

**************** Posicion 145 ******************
AA_mA2@1@1 METODO_SOBREESCRIBIBLE	POS_METODO: 0	Y ACUMULADA: 0	CLASE: (null)	TIPO: ENTERO	#PAR: 0
#LOCAL 0
ACCESO: TODOS(3)	MIEMBRO: NO UNICO(2)	
***********************************************

**************** Posicion 313 ******************
AA_mA4 METODO_SOBREESCRIBIBLE	POS_METODO: 0	Y ACUMULADA: 0	CLASE: (null)	TIPO: ENTERO	#PAR: 0
#LOCAL 0
ACCESO: TODOS(3)	MIEMBRO: NO UNICO(2)	
***********************************************

**************** Posicion 314 ******************
AA_mA5 METODO_SOBREESCRIBIBLE	POS_METODO: 0	Y ACUMULADA: 0	CLASE: (null)	TIPO: ENTERO	#PAR: 0
#LOCAL 0
ACCESO: TODOS(3)	MIEMBRO: NO UNICO(2)	
***********************************************

**************** Posicion 315 ******************
AA_mA6 METODO_SOBREESCRIBIBLE	POS_METODO: 0	Y ACUMULADA: 0	CLASE: (null)	TIPO: ENTERO	#PAR: 0
#LOCAL 0
ACCESO: TODOS(3)	MIEMBRO: NO UNICO(2)	
***********************************************

**************** Posicion 401 ******************
AA_mA7@1 METODO_SOBREESCRIBIBLE	POS_METODO: 0	Y ACUMULADA: 0	CLASE: (null)	TIPO: ENTERO	#PAR: 0
#LOCAL 0
ACCESO: TODOS(3)	MIEMBRO: NO UNICO(2)	
***********************************************

**************** Posicion 468 ******************
AA_mA1@1 METODO_SOBREESCRIBIBLE	POS_METODO: 0	Y ACUMULADA: 0	CLASE: (null)	TIPO: ENTERO	#PAR: 0
#LOCAL 0
ACCESO: TODOS(3)	MIEMBRO: NO UNICO(2)	
***********************************************

**************** Posicion 558 ******************
AA_mA8@1 METODO_SOBREESCRIBIBLE	POS_METODO: 0	Y ACUMULADA: 0	CLASE: (null)	TIPO: ENTERO	#PAR: 0
#LOCAL 0
ACCESO: TODOS(3)	MIEMBRO: NO UNICO(2)	
***********************************************

**************** Posicion 580 ******************
AA_mA3@1@3 METODO_SOBREESCRIBIBLE	POS_METODO: 0	Y ACUMULADA: 0	CLASE: (null)	TIPO: ENTERO	#PAR: 0
#LOCAL 0
ACCESO: TODOS(3)	MIEMBRO: NO UNICO(2)	
***********************************************

**************** Posicion 821 ******************
AA_AA CLASE	CON 0 ATR. CLASE, 0 ATR. INSTANCIA, 0 MET. SOBR., 0 MET. NO SOBR., 0 ACUM. ATR. INS. Y 0 ACUM. MET. SOBR.	
***********************************************

=====================END TABLE==========

Comando: cerrar_ambito_tsc AA 
Comando: cerrar_clase AA 
Comando: cerrar_tsa_main 
Comando: cerrar_tsc 
