Comando: inicia_tsc declararMiembroInstancia 
Comando: inicia_tsa_main 
Comando: abrir_ambito_ppal_main 
Comando: abrir_clase AA 
Comando: buscar declarar_miembro_instancia AA AA_hA1 : No encontrado: se puede declarar
Comando: insertar_tsc AA AA_hA1 8 1 1 2 2 

=================== AA =================

**************** Posicion 534 ******************
AA_hA1 ATRIBUTO INSTANCIA	POS ATR. INSTANCIA: 0	Y ACUMULADA: 0	CLASE: ESCALAR	TIPO: ENTERO	DIR: 0	ACCESO: CLASE(2)	MIEMBRO: NO UNICO(2)	
***********************************************

**************** Posicion 821 ******************
AA_AA CLASE	CON 0 ATR. CLASE, 0 ATR. INSTANCIA, 0 MET. SOBR., 0 MET. NO SOBR., 0 ACUM. ATR. INS. Y 0 ACUM. MET. SOBR.	
***********************************************

=====================END TABLE==========

Comando: buscar declarar_miembro_instancia AA AA_sA1 : No encontrado: se puede declarar
Comando: insertar_tsc AA AA_sA1 8 1 1 1 2 

=================== AA =================

**************** Posicion 243 ******************
AA_sA1 ATRIBUTO INSTANCIA	POS ATR. INSTANCIA: 0	Y ACUMULADA: 0	CLASE: ESCALAR	TIPO: ENTERO	DIR: 0	ACCESO: HERENCIA(1)	MIEMBRO: NO UNICO(2)	
***********************************************

**************** Posicion 534 ******************
AA_hA1 ATRIBUTO INSTANCIA	POS ATR. INSTANCIA: 0	Y ACUMULADA: 0	CLASE: ESCALAR	TIPO: ENTERO	DIR: 0	ACCESO: CLASE(2)	MIEMBRO: NO UNICO(2)	
***********************************************

**************** Posicion 821 ******************
AA_AA CLASE	CON 0 ATR. CLASE, 0 ATR. INSTANCIA, 0 MET. SOBR., 0 MET. NO SOBR., 0 ACUM. ATR. INS. Y 0 ACUM. MET. SOBR.	
***********************************************

=====================END TABLE==========

Comando: buscar declarar_miembro_instancia AA AA_sA1 : Encontrado en AA: No se puede declarar
Comando: buscar declarar_miembro_instancia AA AA_xA1 : No encontrado: se puede declarar
Comando: insertar_tsc AA AA_xA1 8 3 1 3 2 

=================== AA =================

**************** Posicion 19 ******************
AA_xA1 ATRIBUTO INSTANCIA	POS ATR. INSTANCIA: 0	Y ACUMULADA: 0	CLASE: ESCALAR	TIPO: BOOLEAN	DIR: 0	ACCESO: TODOS(3)	MIEMBRO: NO UNICO(2)	
***********************************************

**************** Posicion 243 ******************
AA_sA1 ATRIBUTO INSTANCIA	POS ATR. INSTANCIA: 0	Y ACUMULADA: 0	CLASE: ESCALAR	TIPO: ENTERO	DIR: 0	ACCESO: HERENCIA(1)	MIEMBRO: NO UNICO(2)	
***********************************************

**************** Posicion 534 ******************
AA_hA1 ATRIBUTO INSTANCIA	POS ATR. INSTANCIA: 0	Y ACUMULADA: 0	CLASE: ESCALAR	TIPO: ENTERO	DIR: 0	ACCESO: CLASE(2)	MIEMBRO: NO UNICO(2)	
***********************************************

**************** Posicion 821 ******************
AA_AA CLASE	CON 0 ATR. CLASE, 0 ATR. INSTANCIA, 0 MET. SOBR., 0 MET. NO SOBR., 0 ACUM. ATR. INS. Y 0 ACUM. MET. SOBR.	
***********************************************

=====================END TABLE==========

Comando: buscar declarar_miembro_instancia AA AA_mA1@1 : No encontrado: se puede declarar
Comando: abrir_ambito_tsc AA AA_mA1@1 5 1 1 2 

=================== mA1@1 =================

**************** Posicion 468 ******************
AA_mA1@1 METODO_SOBREESCRIBIBLE	POS_METODO: 0	Y ACUMULADA: 0	CLASE: OBJETO	TIPO: ENTERO	#PAR: 0
#LOCAL 0
ACCESO: HERENCIA(1)	MIEMBRO: NO UNICO(2)	
***********************************************

========================================


=================== AA =================

**************** Posicion 19 ******************
AA_xA1 ATRIBUTO INSTANCIA	POS ATR. INSTANCIA: 0	Y ACUMULADA: 0	CLASE: ESCALAR	TIPO: BOOLEAN	DIR: 0	ACCESO: TODOS(3)	MIEMBRO: NO UNICO(2)	
***********************************************

**************** Posicion 243 ******************
AA_sA1 ATRIBUTO INSTANCIA	POS ATR. INSTANCIA: 0	Y ACUMULADA: 0	CLASE: ESCALAR	TIPO: ENTERO	DIR: 0	ACCESO: HERENCIA(1)	MIEMBRO: NO UNICO(2)	
***********************************************

**************** Posicion 468 ******************
AA_mA1@1 METODO_SOBREESCRIBIBLE	POS_METODO: 0	Y ACUMULADA: 0	CLASE: (null)	TIPO: ENTERO	#PAR: 0
#LOCAL 0
ACCESO: HERENCIA(1)	MIEMBRO: NO UNICO(2)	
***********************************************

**************** Posicion 534 ******************
AA_hA1 ATRIBUTO INSTANCIA	POS ATR. INSTANCIA: 0	Y ACUMULADA: 0	CLASE: ESCALAR	TIPO: ENTERO	DIR: 0	ACCESO: CLASE(2)	MIEMBRO: NO UNICO(2)	
***********************************************

**************** Posicion 821 ******************
AA_AA CLASE	CON 0 ATR. CLASE, 0 ATR. INSTANCIA, 0 MET. SOBR., 0 MET. NO SOBR., 0 ACUM. ATR. INS. Y 0 ACUM. MET. SOBR.	
***********************************************

=====================END TABLE==========

Comando: buscar declarar_id_local_metodo AA mA1@1_p1 : No encontrado: se puede declarar
Comando: insertar_tsc AA mA1@1_p1 2 1 1 3 2 

=================== mA1@1 =================

**************** Posicion 468 ******************
AA_mA1@1 METODO_SOBREESCRIBIBLE	POS_METODO: 0	Y ACUMULADA: 0	CLASE: OBJETO	TIPO: ENTERO	#PAR: 0
#LOCAL 0
ACCESO: HERENCIA(1)	MIEMBRO: NO UNICO(2)	
***********************************************

**************** Posicion 908 ******************
mA1@1_p1 PARAMETRO	POS_PAR: 0	POS_LOCAL: 0	CLASE: ESCALAR	TIPO: ENTERO	DIR: 0	ACCESO: TODOS(3)	MIEMBRO: NO UNICO(2)	
***********************************************

========================================


=================== AA =================

**************** Posicion 19 ******************
AA_xA1 ATRIBUTO INSTANCIA	POS ATR. INSTANCIA: 0	Y ACUMULADA: 0	CLASE: ESCALAR	TIPO: BOOLEAN	DIR: 0	ACCESO: TODOS(3)	MIEMBRO: NO UNICO(2)	
***********************************************

**************** Posicion 243 ******************
AA_sA1 ATRIBUTO INSTANCIA	POS ATR. INSTANCIA: 0	Y ACUMULADA: 0	CLASE: ESCALAR	TIPO: ENTERO	DIR: 0	ACCESO: HERENCIA(1)	MIEMBRO: NO UNICO(2)	
***********************************************

**************** Posicion 468 ******************
AA_mA1@1 METODO_SOBREESCRIBIBLE	POS_METODO: 0	Y ACUMULADA: 0	CLASE: (null)	TIPO: ENTERO	#PAR: 0
#LOCAL 0
ACCESO: HERENCIA(1)	MIEMBRO: NO UNICO(2)	
***********************************************

**************** Posicion 534 ******************
AA_hA1 ATRIBUTO INSTANCIA	POS ATR. INSTANCIA: 0	Y ACUMULADA: 0	CLASE: ESCALAR	TIPO: ENTERO	DIR: 0	ACCESO: CLASE(2)	MIEMBRO: NO UNICO(2)	
***********************************************

**************** Posicion 821 ******************
AA_AA CLASE	CON 0 ATR. CLASE, 0 ATR. INSTANCIA, 0 MET. SOBR., 0 MET. NO SOBR., 0 ACUM. ATR. INS. Y 0 ACUM. MET. SOBR.	
***********************************************

=====================END TABLE==========

Comando: buscar declarar_id_local_metodo AA mA1@1_v1 : No encontrado: se puede declarar
Comando: insertar_tsc AA mA1@1_v1 1 1 1 3 2 

=================== mA1@1 =================

**************** Posicion 36 ******************
mA1@1_v1 VARIABLE	POS_LOCAL: 0	POS ATR. INSTANCIA: 0	Y ACUMULADA: 0	CLASE: ESCALAR	TIPO: ENTERO	DIR: 0	ACCESO: TODOS(3)	MIEMBRO: NO UNICO(2)	
***********************************************

**************** Posicion 468 ******************
AA_mA1@1 METODO_SOBREESCRIBIBLE	POS_METODO: 0	Y ACUMULADA: 0	CLASE: OBJETO	TIPO: ENTERO	#PAR: 0
#LOCAL 0
ACCESO: HERENCIA(1)	MIEMBRO: NO UNICO(2)	
***********************************************

**************** Posicion 908 ******************
mA1@1_p1 PARAMETRO	POS_PAR: 0	POS_LOCAL: 0	CLASE: ESCALAR	TIPO: ENTERO	DIR: 0	ACCESO: TODOS(3)	MIEMBRO: NO UNICO(2)	
***********************************************

========================================


=================== AA =================

**************** Posicion 19 ******************
AA_xA1 ATRIBUTO INSTANCIA	POS ATR. INSTANCIA: 0	Y ACUMULADA: 0	CLASE: ESCALAR	TIPO: BOOLEAN	DIR: 0	ACCESO: TODOS(3)	MIEMBRO: NO UNICO(2)	
***********************************************

**************** Posicion 243 ******************
AA_sA1 ATRIBUTO INSTANCIA	POS ATR. INSTANCIA: 0	Y ACUMULADA: 0	CLASE: ESCALAR	TIPO: ENTERO	DIR: 0	ACCESO: HERENCIA(1)	MIEMBRO: NO UNICO(2)	
***********************************************

**************** Posicion 468 ******************
AA_mA1@1 METODO_SOBREESCRIBIBLE	POS_METODO: 0	Y ACUMULADA: 0	CLASE: (null)	TIPO: ENTERO	#PAR: 0
#LOCAL 0
ACCESO: HERENCIA(1)	MIEMBRO: NO UNICO(2)	
***********************************************

**************** Posicion 534 ******************
AA_hA1 ATRIBUTO INSTANCIA	POS ATR. INSTANCIA: 0	Y ACUMULADA: 0	CLASE: ESCALAR	TIPO: ENTERO	DIR: 0	ACCESO: CLASE(2)	MIEMBRO: NO UNICO(2)	
***********************************************

**************** Posicion 821 ******************
AA_AA CLASE	CON 0 ATR. CLASE, 0 ATR. INSTANCIA, 0 MET. SOBR., 0 MET. NO SOBR., 0 ACUM. ATR. INS. Y 0 ACUM. MET. SOBR.	
***********************************************

=====================END TABLE==========

Comando: buscar id_no_cualificado p1 AA : Encontrado en mA1@1
Comando: cerrar_ambito_tsc AA 
Comando: buscar declarar_miembro_instancia AA AA_mA1@1 : Encontrado en AA: No se puede declarar
Comando: buscar declarar_miembro_instancia AA AA_mA1@1@3 : No encontrado: se puede declarar
Comando: abrir_ambito_tsc AA AA_mA1@1@3 5 1 1 2 

=================== mA1@1@3 =================

**************** Posicion 723 ******************
AA_mA1@1@3 METODO_SOBREESCRIBIBLE	POS_METODO: 0	Y ACUMULADA: 0	CLASE: OBJETO	TIPO: ENTERO	#PAR: 0
#LOCAL 0
ACCESO: HERENCIA(1)	MIEMBRO: NO UNICO(2)	
***********************************************

========================================


=================== AA =================

**************** Posicion 19 ******************
AA_xA1 ATRIBUTO INSTANCIA	POS ATR. INSTANCIA: 0	Y ACUMULADA: 0	CLASE: ESCALAR	TIPO: BOOLEAN	DIR: 0	ACCESO: TODOS(3)	MIEMBRO: NO UNICO(2)	
***********************************************

**************** Posicion 243 ******************
AA_sA1 ATRIBUTO INSTANCIA	POS ATR. INSTANCIA: 0	Y ACUMULADA: 0	CLASE: ESCALAR	TIPO: ENTERO	DIR: 0	ACCESO: HERENCIA(1)	MIEMBRO: NO UNICO(2)	
***********************************************

**************** Posicion 468 ******************
AA_mA1@1 METODO_SOBREESCRIBIBLE	POS_METODO: 0	Y ACUMULADA: 0	CLASE: (null)	TIPO: ENTERO	#PAR: 0
#LOCAL 0
ACCESO: HERENCIA(1)	MIEMBRO: NO UNICO(2)	
***********************************************

**************** Posicion 534 ******************
AA_hA1 ATRIBUTO INSTANCIA	POS ATR. INSTANCIA: 0	Y ACUMULADA: 0	CLASE: ESCALAR	TIPO: ENTERO	DIR: 0	ACCESO: CLASE(2)	MIEMBRO: NO UNICO(2)	
***********************************************

**************** Posicion 723 ******************
AA_mA1@1@3 METODO_SOBREESCRIBIBLE	POS_METODO: 0	Y ACUMULADA: 0	CLASE: (null)	TIPO: ENTERO	#PAR: 0
#LOCAL 0
ACCESO: HERENCIA(1)	MIEMBRO: NO UNICO(2)	
***********************************************

**************** Posicion 821 ******************
AA_AA CLASE	CON 0 ATR. CLASE, 0 ATR. INSTANCIA, 0 MET. SOBR., 0 MET. NO SOBR., 0 ACUM. ATR. INS. Y 0 ACUM. MET. SOBR.	
***********************************************

=====================END TABLE==========

Comando: buscar declarar_id_local_metodo AA mA1@1@3_p1 : No encontrado: se puede declarar
Comando: insertar_tsc AA mA1@1@3_p1 2 1 1 3 2 

=================== mA1@1@3 =================

**************** Posicion 210 ******************
mA1@1@3_p1 PARAMETRO	POS_PAR: 0	POS_LOCAL: 0	CLASE: ESCALAR	TIPO: ENTERO	DIR: 0	ACCESO: TODOS(3)	MIEMBRO: NO UNICO(2)	
***********************************************

**************** Posicion 723 ******************
AA_mA1@1@3 METODO_SOBREESCRIBIBLE	POS_METODO: 0	Y ACUMULADA: 0	CLASE: OBJETO	TIPO: ENTERO	#PAR: 0
#LOCAL 0
ACCESO: HERENCIA(1)	MIEMBRO: NO UNICO(2)	
***********************************************

========================================


=================== AA =================

**************** Posicion 19 ******************
AA_xA1 ATRIBUTO INSTANCIA	POS ATR. INSTANCIA: 0	Y ACUMULADA: 0	CLASE: ESCALAR	TIPO: BOOLEAN	DIR: 0	ACCESO: TODOS(3)	MIEMBRO: NO UNICO(2)	
***********************************************

**************** Posicion 243 ******************
AA_sA1 ATRIBUTO INSTANCIA	POS ATR. INSTANCIA: 0	Y ACUMULADA: 0	CLASE: ESCALAR	TIPO: ENTERO	DIR: 0	ACCESO: HERENCIA(1)	MIEMBRO: NO UNICO(2)	
***********************************************

**************** Posicion 468 ******************
AA_mA1@1 METODO_SOBREESCRIBIBLE	POS_METODO: 0	Y ACUMULADA: 0	CLASE: (null)	TIPO: ENTERO	#PAR: 0
#LOCAL 0
ACCESO: HERENCIA(1)	MIEMBRO: NO UNICO(2)	
***********************************************

**************** Posicion 534 ******************
AA_hA1 ATRIBUTO INSTANCIA	POS ATR. INSTANCIA: 0	Y ACUMULADA: 0	CLASE: ESCALAR	TIPO: ENTERO	DIR: 0	ACCESO: CLASE(2)	MIEMBRO: NO UNICO(2)	
***********************************************

**************** Posicion 723 ******************
AA_mA1@1@3 METODO_SOBREESCRIBIBLE	POS_METODO: 0	Y ACUMULADA: 0	CLASE: (null)	TIPO: ENTERO	#PAR: 0
#LOCAL 0
ACCESO: HERENCIA(1)	MIEMBRO: NO UNICO(2)	
***********************************************

**************** Posicion 821 ******************
AA_AA CLASE	CON 0 ATR. CLASE, 0 ATR. INSTANCIA, 0 MET. SOBR., 0 MET. NO SOBR., 0 ACUM. ATR. INS. Y 0 ACUM. MET. SOBR.	
***********************************************

=====================END TABLE==========

Comando: buscar declarar_id_local_metodo AA mA1@1@3_p2 : No encontrado: se puede declarar
Comando: insertar_tsc AA mA1@1@3_p2 2 3 1 3 2 

=================== mA1@1@3 =================

**************** Posicion 210 ******************
mA1@1@3_p1 PARAMETRO	POS_PAR: 0	POS_LOCAL: 0	CLASE: ESCALAR	TIPO: ENTERO	DIR: 0	ACCESO: TODOS(3)	MIEMBRO: NO UNICO(2)	
***********************************************

**************** Posicion 211 ******************
mA1@1@3_p2 PARAMETRO	POS_PAR: 0	POS_LOCAL: 0	CLASE: ESCALAR	TIPO: BOOLEAN	DIR: 0	ACCESO: TODOS(3)	MIEMBRO: NO UNICO(2)	
***********************************************

**************** Posicion 723 ******************
AA_mA1@1@3 METODO_SOBREESCRIBIBLE	POS_METODO: 0	Y ACUMULADA: 0	CLASE: OBJETO	TIPO: ENTERO	#PAR: 0
#LOCAL 0
ACCESO: HERENCIA(1)	MIEMBRO: NO UNICO(2)	
***********************************************

========================================


=================== AA =================

**************** Posicion 19 ******************
AA_xA1 ATRIBUTO INSTANCIA	POS ATR. INSTANCIA: 0	Y ACUMULADA: 0	CLASE: ESCALAR	TIPO: BOOLEAN	DIR: 0	ACCESO: TODOS(3)	MIEMBRO: NO UNICO(2)	
***********************************************

**************** Posicion 243 ******************
AA_sA1 ATRIBUTO INSTANCIA	POS ATR. INSTANCIA: 0	Y ACUMULADA: 0	CLASE: ESCALAR	TIPO: ENTERO	DIR: 0	ACCESO: HERENCIA(1)	MIEMBRO: NO UNICO(2)	
***********************************************

**************** Posicion 468 ******************
AA_mA1@1 METODO_SOBREESCRIBIBLE	POS_METODO: 0	Y ACUMULADA: 0	CLASE: (null)	TIPO: ENTERO	#PAR: 0
#LOCAL 0
ACCESO: HERENCIA(1)	MIEMBRO: NO UNICO(2)	
***********************************************

**************** Posicion 534 ******************
AA_hA1 ATRIBUTO INSTANCIA	POS ATR. INSTANCIA: 0	Y ACUMULADA: 0	CLASE: ESCALAR	TIPO: ENTERO	DIR: 0	ACCESO: CLASE(2)	MIEMBRO: NO UNICO(2)	
***********************************************

**************** Posicion 723 ******************
AA_mA1@1@3 METODO_SOBREESCRIBIBLE	POS_METODO: 0	Y ACUMULADA: 0	CLASE: (null)	TIPO: ENTERO	#PAR: 0
#LOCAL 0
ACCESO: HERENCIA(1)	MIEMBRO: NO UNICO(2)	
***********************************************

**************** Posicion 821 ******************
AA_AA CLASE	CON 0 ATR. CLASE, 0 ATR. INSTANCIA, 0 MET. SOBR., 0 MET. NO SOBR., 0 ACUM. ATR. INS. Y 0 ACUM. MET. SOBR.	
***********************************************

=====================END TABLE==========

Comando: buscar id_no_cualificado p2 AA : Encontrado en mA1@1@3
Comando: cerrar_ambito_tsc AA 
Comando: buscar declarar_miembro_instancia AA AA_mA2 : No encontrado: se puede declarar
Comando: abrir_ambito_tsc AA AA_mA2 5 1 1 2 

=================== mA2 =================

**************** Posicion 311 ******************
AA_mA2 METODO_SOBREESCRIBIBLE	POS_METODO: 0	Y ACUMULADA: 0	CLASE: OBJETO	TIPO: ENTERO	#PAR: 0
#LOCAL 0
ACCESO: HERENCIA(1)	MIEMBRO: NO UNICO(2)	
***********************************************

========================================


=================== AA =================

**************** Posicion 19 ******************
AA_xA1 ATRIBUTO INSTANCIA	POS ATR. INSTANCIA: 0	Y ACUMULADA: 0	CLASE: ESCALAR	TIPO: BOOLEAN	DIR: 0	ACCESO: TODOS(3)	MIEMBRO: NO UNICO(2)	
***********************************************

**************** Posicion 243 ******************
AA_sA1 ATRIBUTO INSTANCIA	POS ATR. INSTANCIA: 0	Y ACUMULADA: 0	CLASE: ESCALAR	TIPO: ENTERO	DIR: 0	ACCESO: HERENCIA(1)	MIEMBRO: NO UNICO(2)	
***********************************************

**************** Posicion 311 ******************
AA_mA2 METODO_SOBREESCRIBIBLE	POS_METODO: 0	Y ACUMULADA: 0	CLASE: (null)	TIPO: ENTERO	#PAR: 0
#LOCAL 0
ACCESO: HERENCIA(1)	MIEMBRO: NO UNICO(2)	
***********************************************

**************** Posicion 468 ******************
AA_mA1@1 METODO_SOBREESCRIBIBLE	POS_METODO: 0	Y ACUMULADA: 0	CLASE: (null)	TIPO: ENTERO	#PAR: 0
#LOCAL 0
ACCESO: HERENCIA(1)	MIEMBRO: NO UNICO(2)	
***********************************************

**************** Posicion 534 ******************
AA_hA1 ATRIBUTO INSTANCIA	POS ATR. INSTANCIA: 0	Y ACUMULADA: 0	CLASE: ESCALAR	TIPO: ENTERO	DIR: 0	ACCESO: CLASE(2)	MIEMBRO: NO UNICO(2)	
***********************************************

**************** Posicion 723 ******************
AA_mA1@1@3 METODO_SOBREESCRIBIBLE	POS_METODO: 0	Y ACUMULADA: 0	CLASE: (null)	TIPO: ENTERO	#PAR: 0
#LOCAL 0
ACCESO: HERENCIA(1)	MIEMBRO: NO UNICO(2)	
***********************************************

**************** Posicion 821 ******************
AA_AA CLASE	CON 0 ATR. CLASE, 0 ATR. INSTANCIA, 0 MET. SOBR., 0 MET. NO SOBR., 0 ACUM. ATR. INS. Y 0 ACUM. MET. SOBR.	
***********************************************

=====================END TABLE==========

Comando: buscar declarar_id_local_metodo AA mA2_v1 : No encontrado: se puede declarar
Comando: insertar_tsc AA mA2_v1 1 1 1 3 2 

=================== mA2 =================

**************** Posicion 259 ******************
mA2_v1 VARIABLE	POS_LOCAL: 0	POS ATR. INSTANCIA: 0	Y ACUMULADA: 0	CLASE: ESCALAR	TIPO: ENTERO	DIR: 0	ACCESO: TODOS(3)	MIEMBRO: NO UNICO(2)	
***********************************************

**************** Posicion 311 ******************
AA_mA2 METODO_SOBREESCRIBIBLE	POS_METODO: 0	Y ACUMULADA: 0	CLASE: OBJETO	TIPO: ENTERO	#PAR: 0
#LOCAL 0
ACCESO: HERENCIA(1)	MIEMBRO: NO UNICO(2)	
***********************************************

========================================


=================== AA =================

**************** Posicion 19 ******************
AA_xA1 ATRIBUTO INSTANCIA	POS ATR. INSTANCIA: 0	Y ACUMULADA: 0	CLASE: ESCALAR	TIPO: BOOLEAN	DIR: 0	ACCESO: TODOS(3)	MIEMBRO: NO UNICO(2)	
***********************************************

**************** Posicion 243 ******************
AA_sA1 ATRIBUTO INSTANCIA	POS ATR. INSTANCIA: 0	Y ACUMULADA: 0	CLASE: ESCALAR	TIPO: ENTERO	DIR: 0	ACCESO: HERENCIA(1)	MIEMBRO: NO UNICO(2)	
***********************************************

**************** Posicion 311 ******************
AA_mA2 METODO_SOBREESCRIBIBLE	POS_METODO: 0	Y ACUMULADA: 0	CLASE: (null)	TIPO: ENTERO	#PAR: 0
#LOCAL 0
ACCESO: HERENCIA(1)	MIEMBRO: NO UNICO(2)	
***********************************************

**************** Posicion 468 ******************
AA_mA1@1 METODO_SOBREESCRIBIBLE	POS_METODO: 0	Y ACUMULADA: 0	CLASE: (null)	TIPO: ENTERO	#PAR: 0
#LOCAL 0
ACCESO: HERENCIA(1)	MIEMBRO: NO UNICO(2)	
***********************************************

**************** Posicion 534 ******************
AA_hA1 ATRIBUTO INSTANCIA	POS ATR. INSTANCIA: 0	Y ACUMULADA: 0	CLASE: ESCALAR	TIPO: ENTERO	DIR: 0	ACCESO: CLASE(2)	MIEMBRO: NO UNICO(2)	
***********************************************

**************** Posicion 723 ******************
AA_mA1@1@3 METODO_SOBREESCRIBIBLE	POS_METODO: 0	Y ACUMULADA: 0	CLASE: (null)	TIPO: ENTERO	#PAR: 0
#LOCAL 0
ACCESO: HERENCIA(1)	MIEMBRO: NO UNICO(2)	
***********************************************

**************** Posicion 821 ******************
AA_AA CLASE	CON 0 ATR. CLASE, 0 ATR. INSTANCIA, 0 MET. SOBR., 0 MET. NO SOBR., 0 ACUM. ATR. INS. Y 0 ACUM. MET. SOBR.	
***********************************************

=====================END TABLE==========

Comando: buscar id_no_cualificado v1 AA : Encontrado en mA2
Comando: cerrar_ambito_tsc AA 
Comando: buscar declarar_id_local_metodo AA AA_mA3@1@3 : No encontrado: se puede declarar
Comando: abrir_ambito_tsc AA AA_mA3@1@3 5 1 1 2 

=================== mA3@1@3 =================

**************** Posicion 580 ******************
AA_mA3@1@3 METODO_SOBREESCRIBIBLE	POS_METODO: 0	Y ACUMULADA: 0	CLASE: OBJETO	TIPO: ENTERO	#PAR: 0
#LOCAL 0
ACCESO: HERENCIA(1)	MIEMBRO: NO UNICO(2)	
***********************************************

========================================


=================== AA =================

**************** Posicion 19 ******************
AA_xA1 ATRIBUTO INSTANCIA	POS ATR. INSTANCIA: 0	Y ACUMULADA: 0	CLASE: ESCALAR	TIPO: BOOLEAN	DIR: 0	ACCESO: TODOS(3)	MIEMBRO: NO UNICO(2)	
***********************************************

**************** Posicion 243 ******************
AA_sA1 ATRIBUTO INSTANCIA	POS ATR. INSTANCIA: 0	Y ACUMULADA: 0	CLASE: ESCALAR	TIPO: ENTERO	DIR: 0	ACCESO: HERENCIA(1)	MIEMBRO: NO UNICO(2)	
***********************************************

**************** Posicion 311 ******************
AA_mA2 METODO_SOBREESCRIBIBLE	POS_METODO: 0	Y ACUMULADA: 0	CLASE: (null)	TIPO: ENTERO	#PAR: 0
#LOCAL 0
ACCESO: HERENCIA(1)	MIEMBRO: NO UNICO(2)	
***********************************************

**************** Posicion 468 ******************
AA_mA1@1 METODO_SOBREESCRIBIBLE	POS_METODO: 0	Y ACUMULADA: 0	CLASE: (null)	TIPO: ENTERO	#PAR: 0
#LOCAL 0
ACCESO: HERENCIA(1)	MIEMBRO: NO UNICO(2)	
***********************************************

**************** Posicion 534 ******************
AA_hA1 ATRIBUTO INSTANCIA	POS ATR. INSTANCIA: 0	Y ACUMULADA: 0	CLASE: ESCALAR	TIPO: ENTERO	DIR: 0	ACCESO: CLASE(2)	MIEMBRO: NO UNICO(2)	
***********************************************

**************** Posicion 580 ******************
AA_mA3@1@3 METODO_SOBREESCRIBIBLE	POS_METODO: 0	Y ACUMULADA: 0	CLASE: (null)	TIPO: ENTERO	#PAR: 0
#LOCAL 0
ACCESO: HERENCIA(1)	MIEMBRO: NO UNICO(2)	
***********************************************

**************** Posicion 723 ******************
AA_mA1@1@3 METODO_SOBREESCRIBIBLE	POS_METODO: 0	Y ACUMULADA: 0	CLASE: (null)	TIPO: ENTERO	#PAR: 0
#LOCAL 0
ACCESO: HERENCIA(1)	MIEMBRO: NO UNICO(2)	
***********************************************

**************** Posicion 821 ******************
AA_AA CLASE	CON 0 ATR. CLASE, 0 ATR. INSTANCIA, 0 MET. SOBR., 0 MET. NO SOBR., 0 ACUM. ATR. INS. Y 0 ACUM. MET. SOBR.	
***********************************************

=====================END TABLE==========

Comando: buscar declarar_id_local_metodo AA mA3@1@3_p1 : No encontrado: se puede declarar
Comando: insertar_tsc AA mA3@1@3_p1 2 1 1 3 2 

=================== mA3@1@3 =================

**************** Posicion 321 ******************
mA3@1@3_p1 PARAMETRO	POS_PAR: 0	POS_LOCAL: 0	CLASE: ESCALAR	TIPO: ENTERO	DIR: 0	ACCESO: TODOS(3)	MIEMBRO: NO UNICO(2)	
***********************************************

**************** Posicion 580 ******************
AA_mA3@1@3 METODO_SOBREESCRIBIBLE	POS_METODO: 0	Y ACUMULADA: 0	CLASE: OBJETO	TIPO: ENTERO	#PAR: 0
#LOCAL 0
ACCESO: HERENCIA(1)	MIEMBRO: NO UNICO(2)	
***********************************************

========================================


=================== AA =================

**************** Posicion 19 ******************
AA_xA1 ATRIBUTO INSTANCIA	POS ATR. INSTANCIA: 0	Y ACUMULADA: 0	CLASE: ESCALAR	TIPO: BOOLEAN	DIR: 0	ACCESO: TODOS(3)	MIEMBRO: NO UNICO(2)	
***********************************************

**************** Posicion 243 ******************
AA_sA1 ATRIBUTO INSTANCIA	POS ATR. INSTANCIA: 0	Y ACUMULADA: 0	CLASE: ESCALAR	TIPO: ENTERO	DIR: 0	ACCESO: HERENCIA(1)	MIEMBRO: NO UNICO(2)	
***********************************************

**************** Posicion 311 ******************
AA_mA2 METODO_SOBREESCRIBIBLE	POS_METODO: 0	Y ACUMULADA: 0	CLASE: (null)	TIPO: ENTERO	#PAR: 0
#LOCAL 0
ACCESO: HERENCIA(1)	MIEMBRO: NO UNICO(2)	
***********************************************

**************** Posicion 468 ******************
AA_mA1@1 METODO_SOBREESCRIBIBLE	POS_METODO: 0	Y ACUMULADA: 0	CLASE: (null)	TIPO: ENTERO	#PAR: 0
#LOCAL 0
ACCESO: HERENCIA(1)	MIEMBRO: NO UNICO(2)	
***********************************************

**************** Posicion 534 ******************
AA_hA1 ATRIBUTO INSTANCIA	POS ATR. INSTANCIA: 0	Y ACUMULADA: 0	CLASE: ESCALAR	TIPO: ENTERO	DIR: 0	ACCESO: CLASE(2)	MIEMBRO: NO UNICO(2)	
***********************************************

**************** Posicion 580 ******************
AA_mA3@1@3 METODO_SOBREESCRIBIBLE	POS_METODO: 0	Y ACUMULADA: 0	CLASE: (null)	TIPO: ENTERO	#PAR: 0
#LOCAL 0
ACCESO: HERENCIA(1)	MIEMBRO: NO UNICO(2)	
***********************************************

**************** Posicion 723 ******************
AA_mA1@1@3 METODO_SOBREESCRIBIBLE	POS_METODO: 0	Y ACUMULADA: 0	CLASE: (null)	TIPO: ENTERO	#PAR: 0
#LOCAL 0
ACCESO: HERENCIA(1)	MIEMBRO: NO UNICO(2)	
***********************************************

**************** Posicion 821 ******************
AA_AA CLASE	CON 0 ATR. CLASE, 0 ATR. INSTANCIA, 0 MET. SOBR., 0 MET. NO SOBR., 0 ACUM. ATR. INS. Y 0 ACUM. MET. SOBR.	
***********************************************

=====================END TABLE==========

Comando: buscar declarar_id_local_metodo AA mA3@1@3_p2 : No encontrado: se puede declarar
Comando: insertar_tsc AA mA3@1@3_p2 2 3 1 3 2 

=================== mA3@1@3 =================

**************** Posicion 321 ******************
mA3@1@3_p1 PARAMETRO	POS_PAR: 0	POS_LOCAL: 0	CLASE: ESCALAR	TIPO: ENTERO	DIR: 0	ACCESO: TODOS(3)	MIEMBRO: NO UNICO(2)	
***********************************************

**************** Posicion 322 ******************
mA3@1@3_p2 PARAMETRO	POS_PAR: 0	POS_LOCAL: 0	CLASE: ESCALAR	TIPO: BOOLEAN	DIR: 0	ACCESO: TODOS(3)	MIEMBRO: NO UNICO(2)	
***********************************************

**************** Posicion 580 ******************
AA_mA3@1@3 METODO_SOBREESCRIBIBLE	POS_METODO: 0	Y ACUMULADA: 0	CLASE: OBJETO	TIPO: ENTERO	#PAR: 0
#LOCAL 0
ACCESO: HERENCIA(1)	MIEMBRO: NO UNICO(2)	
***********************************************

========================================


=================== AA =================

**************** Posicion 19 ******************
AA_xA1 ATRIBUTO INSTANCIA	POS ATR. INSTANCIA: 0	Y ACUMULADA: 0	CLASE: ESCALAR	TIPO: BOOLEAN	DIR: 0	ACCESO: TODOS(3)	MIEMBRO: NO UNICO(2)	
***********************************************

**************** Posicion 243 ******************
AA_sA1 ATRIBUTO INSTANCIA	POS ATR. INSTANCIA: 0	Y ACUMULADA: 0	CLASE: ESCALAR	TIPO: ENTERO	DIR: 0	ACCESO: HERENCIA(1)	MIEMBRO: NO UNICO(2)	
***********************************************

**************** Posicion 311 ******************
AA_mA2 METODO_SOBREESCRIBIBLE	POS_METODO: 0	Y ACUMULADA: 0	CLASE: (null)	TIPO: ENTERO	#PAR: 0
#LOCAL 0
ACCESO: HERENCIA(1)	MIEMBRO: NO UNICO(2)	
***********************************************

**************** Posicion 468 ******************
AA_mA1@1 METODO_SOBREESCRIBIBLE	POS_METODO: 0	Y ACUMULADA: 0	CLASE: (null)	TIPO: ENTERO	#PAR: 0
#LOCAL 0
ACCESO: HERENCIA(1)	MIEMBRO: NO UNICO(2)	
***********************************************

**************** Posicion 534 ******************
AA_hA1 ATRIBUTO INSTANCIA	POS ATR. INSTANCIA: 0	Y ACUMULADA: 0	CLASE: ESCALAR	TIPO: ENTERO	DIR: 0	ACCESO: CLASE(2)	MIEMBRO: NO UNICO(2)	
***********************************************

**************** Posicion 580 ******************
AA_mA3@1@3 METODO_SOBREESCRIBIBLE	POS_METODO: 0	Y ACUMULADA: 0	CLASE: (null)	TIPO: ENTERO	#PAR: 0
#LOCAL 0
ACCESO: HERENCIA(1)	MIEMBRO: NO UNICO(2)	
***********************************************

**************** Posicion 723 ******************
AA_mA1@1@3 METODO_SOBREESCRIBIBLE	POS_METODO: 0	Y ACUMULADA: 0	CLASE: (null)	TIPO: ENTERO	#PAR: 0
#LOCAL 0
ACCESO: HERENCIA(1)	MIEMBRO: NO UNICO(2)	
***********************************************

**************** Posicion 821 ******************
AA_AA CLASE	CON 0 ATR. CLASE, 0 ATR. INSTANCIA, 0 MET. SOBR., 0 MET. NO SOBR., 0 ACUM. ATR. INS. Y 0 ACUM. MET. SOBR.	
***********************************************

=====================END TABLE==========

Comando: buscar declarar_id_local_metodo AA mA3@1@3_v1 : No encontrado: se puede declarar
Comando: insertar_tsc AA mA3@1@3_v1 1 1 1 3 2 

=================== mA3@1@3 =================

**************** Posicion 321 ******************
mA3@1@3_p1 PARAMETRO	POS_PAR: 0	POS_LOCAL: 0	CLASE: ESCALAR	TIPO: ENTERO	DIR: 0	ACCESO: TODOS(3)	MIEMBRO: NO UNICO(2)	
***********************************************

**************** Posicion 322 ******************
mA3@1@3_p2 PARAMETRO	POS_PAR: 0	POS_LOCAL: 0	CLASE: ESCALAR	TIPO: BOOLEAN	DIR: 0	ACCESO: TODOS(3)	MIEMBRO: NO UNICO(2)	
***********************************************

**************** Posicion 458 ******************
mA3@1@3_v1 VARIABLE	POS_LOCAL: 0	POS ATR. INSTANCIA: 0	Y ACUMULADA: 0	CLASE: ESCALAR	TIPO: ENTERO	DIR: 0	ACCESO: TODOS(3)	MIEMBRO: NO UNICO(2)	
***********************************************

**************** Posicion 580 ******************
AA_mA3@1@3 METODO_SOBREESCRIBIBLE	POS_METODO: 0	Y ACUMULADA: 0	CLASE: OBJETO	TIPO: ENTERO	#PAR: 0
#LOCAL 0
ACCESO: HERENCIA(1)	MIEMBRO: NO UNICO(2)	
***********************************************

========================================


=================== AA =================

**************** Posicion 19 ******************
AA_xA1 ATRIBUTO INSTANCIA	POS ATR. INSTANCIA: 0	Y ACUMULADA: 0	CLASE: ESCALAR	TIPO: BOOLEAN	DIR: 0	ACCESO: TODOS(3)	MIEMBRO: NO UNICO(2)	
***********************************************

**************** Posicion 243 ******************
AA_sA1 ATRIBUTO INSTANCIA	POS ATR. INSTANCIA: 0	Y ACUMULADA: 0	CLASE: ESCALAR	TIPO: ENTERO	DIR: 0	ACCESO: HERENCIA(1)	MIEMBRO: NO UNICO(2)	
***********************************************

**************** Posicion 311 ******************
AA_mA2 METODO_SOBREESCRIBIBLE	POS_METODO: 0	Y ACUMULADA: 0	CLASE: (null)	TIPO: ENTERO	#PAR: 0
#LOCAL 0
ACCESO: HERENCIA(1)	MIEMBRO: NO UNICO(2)	
***********************************************

**************** Posicion 468 ******************
AA_mA1@1 METODO_SOBREESCRIBIBLE	POS_METODO: 0	Y ACUMULADA: 0	CLASE: (null)	TIPO: ENTERO	#PAR: 0
#LOCAL 0
ACCESO: HERENCIA(1)	MIEMBRO: NO UNICO(2)	
***********************************************

**************** Posicion 534 ******************
AA_hA1 ATRIBUTO INSTANCIA	POS ATR. INSTANCIA: 0	Y ACUMULADA: 0	CLASE: ESCALAR	TIPO: ENTERO	DIR: 0	ACCESO: CLASE(2)	MIEMBRO: NO UNICO(2)	
***********************************************

**************** Posicion 580 ******************
AA_mA3@1@3 METODO_SOBREESCRIBIBLE	POS_METODO: 0	Y ACUMULADA: 0	CLASE: (null)	TIPO: ENTERO	#PAR: 0
#LOCAL 0
ACCESO: HERENCIA(1)	MIEMBRO: NO UNICO(2)	
***********************************************

**************** Posicion 723 ******************
AA_mA1@1@3 METODO_SOBREESCRIBIBLE	POS_METODO: 0	Y ACUMULADA: 0	CLASE: (null)	TIPO: ENTERO	#PAR: 0
#LOCAL 0
ACCESO: HERENCIA(1)	MIEMBRO: NO UNICO(2)	
***********************************************

**************** Posicion 821 ******************
AA_AA CLASE	CON 0 ATR. CLASE, 0 ATR. INSTANCIA, 0 MET. SOBR., 0 MET. NO SOBR., 0 ACUM. ATR. INS. Y 0 ACUM. MET. SOBR.	
***********************************************

=====================END TABLE==========

Comando: buscar declarar_id_local_metodo AA mA3@1@3_v2 : No encontrado: se puede declarar
Comando: insertar_tsc AA mA3@1@3_v2 1 1 1 3 2 

=================== mA3@1@3 =================

**************** Posicion 321 ******************
mA3@1@3_p1 PARAMETRO	POS_PAR: 0	POS_LOCAL: 0	CLASE: ESCALAR	TIPO: ENTERO	DIR: 0	ACCESO: TODOS(3)	MIEMBRO: NO UNICO(2)	
***********************************************

**************** Posicion 322 ******************
mA3@1@3_p2 PARAMETRO	POS_PAR: 0	POS_LOCAL: 0	CLASE: ESCALAR	TIPO: BOOLEAN	DIR: 0	ACCESO: TODOS(3)	MIEMBRO: NO UNICO(2)	
***********************************************

**************** Posicion 458 ******************
mA3@1@3_v1 VARIABLE	POS_LOCAL: 0	POS ATR. INSTANCIA: 0	Y ACUMULADA: 0	CLASE: ESCALAR	TIPO: ENTERO	DIR: 0	ACCESO: TODOS(3)	MIEMBRO: NO UNICO(2)	
***********************************************

**************** Posicion 459 ******************
mA3@1@3_v2 VARIABLE	POS_LOCAL: 0	POS ATR. INSTANCIA: 0	Y ACUMULADA: 0	CLASE: ESCALAR	TIPO: ENTERO	DIR: 0	ACCESO: TODOS(3)	MIEMBRO: NO UNICO(2)	
***********************************************

**************** Posicion 580 ******************
AA_mA3@1@3 METODO_SOBREESCRIBIBLE	POS_METODO: 0	Y ACUMULADA: 0	CLASE: OBJETO	TIPO: ENTERO	#PAR: 0
#LOCAL 0
ACCESO: HERENCIA(1)	MIEMBRO: NO UNICO(2)	
***********************************************

========================================


=================== AA =================

**************** Posicion 19 ******************
AA_xA1 ATRIBUTO INSTANCIA	POS ATR. INSTANCIA: 0	Y ACUMULADA: 0	CLASE: ESCALAR	TIPO: BOOLEAN	DIR: 0	ACCESO: TODOS(3)	MIEMBRO: NO UNICO(2)	
***********************************************

**************** Posicion 243 ******************
AA_sA1 ATRIBUTO INSTANCIA	POS ATR. INSTANCIA: 0	Y ACUMULADA: 0	CLASE: ESCALAR	TIPO: ENTERO	DIR: 0	ACCESO: HERENCIA(1)	MIEMBRO: NO UNICO(2)	
***********************************************

**************** Posicion 311 ******************
AA_mA2 METODO_SOBREESCRIBIBLE	POS_METODO: 0	Y ACUMULADA: 0	CLASE: (null)	TIPO: ENTERO	#PAR: 0
#LOCAL 0
ACCESO: HERENCIA(1)	MIEMBRO: NO UNICO(2)	
***********************************************

**************** Posicion 468 ******************
AA_mA1@1 METODO_SOBREESCRIBIBLE	POS_METODO: 0	Y ACUMULADA: 0	CLASE: (null)	TIPO: ENTERO	#PAR: 0
#LOCAL 0
ACCESO: HERENCIA(1)	MIEMBRO: NO UNICO(2)	
***********************************************

**************** Posicion 534 ******************
AA_hA1 ATRIBUTO INSTANCIA	POS ATR. INSTANCIA: 0	Y ACUMULADA: 0	CLASE: ESCALAR	TIPO: ENTERO	DIR: 0	ACCESO: CLASE(2)	MIEMBRO: NO UNICO(2)	
***********************************************

**************** Posicion 580 ******************
AA_mA3@1@3 METODO_SOBREESCRIBIBLE	POS_METODO: 0	Y ACUMULADA: 0	CLASE: (null)	TIPO: ENTERO	#PAR: 0
#LOCAL 0
ACCESO: HERENCIA(1)	MIEMBRO: NO UNICO(2)	
***********************************************

**************** Posicion 723 ******************
AA_mA1@1@3 METODO_SOBREESCRIBIBLE	POS_METODO: 0	Y ACUMULADA: 0	CLASE: (null)	TIPO: ENTERO	#PAR: 0
#LOCAL 0
ACCESO: HERENCIA(1)	MIEMBRO: NO UNICO(2)	
***********************************************

**************** Posicion 821 ******************
AA_AA CLASE	CON 0 ATR. CLASE, 0 ATR. INSTANCIA, 0 MET. SOBR., 0 MET. NO SOBR., 0 ACUM. ATR. INS. Y 0 ACUM. MET. SOBR.	
***********************************************

=====================END TABLE==========

Comando: buscar id_no_cualificado v1 AA : Encontrado en mA3@1@3
Comando: buscar id_no_cualificado v2 AA : Encontrado en mA3@1@3
Comando: cerrar_ambito_tsc AA 
Comando: cerrar_clase AA 
Comando: abrir_clase_hereda BB 
Comando: buscar declarar_miembro_instancia BB BB_hA1 : No encontrado: se puede declarar
Comando: insertar_tsc BB BB_hA1 8 1 1 2 2 

=================== BB =================

**************** Posicion 154 ******************
BB_BB CLASE	CON 0 ATR. CLASE, 0 ATR. INSTANCIA, 0 MET. SOBR., 0 MET. NO SOBR., 0 ACUM. ATR. INS. Y 0 ACUM. MET. SOBR.	
***********************************************

**************** Posicion 932 ******************
BB_hA1 ATRIBUTO INSTANCIA	POS ATR. INSTANCIA: 0	Y ACUMULADA: 0	CLASE: ESCALAR	TIPO: ENTERO	DIR: 0	ACCESO: CLASE(2)	MIEMBRO: NO UNICO(2)	
***********************************************

=====================END TABLE==========

Comando: buscar declarar_miembro_instancia BB BB_hB1 : No encontrado: se puede declarar
Comando: insertar_tsc BB BB_hB1 8 1 1 2 2 

=================== BB =================

**************** Posicion 114 ******************
BB_hB1 ATRIBUTO INSTANCIA	POS ATR. INSTANCIA: 0	Y ACUMULADA: 0	CLASE: ESCALAR	TIPO: ENTERO	DIR: 0	ACCESO: CLASE(2)	MIEMBRO: NO UNICO(2)	
***********************************************

**************** Posicion 154 ******************
BB_BB CLASE	CON 0 ATR. CLASE, 0 ATR. INSTANCIA, 0 MET. SOBR., 0 MET. NO SOBR., 0 ACUM. ATR. INS. Y 0 ACUM. MET. SOBR.	
***********************************************

**************** Posicion 932 ******************
BB_hA1 ATRIBUTO INSTANCIA	POS ATR. INSTANCIA: 0	Y ACUMULADA: 0	CLASE: ESCALAR	TIPO: ENTERO	DIR: 0	ACCESO: CLASE(2)	MIEMBRO: NO UNICO(2)	
***********************************************

=====================END TABLE==========

Comando: buscar declarar_miembro_instancia BB BB_sA1 : Encontrado en AA: No se puede declarar
Comando: buscar declarar_miembro_instancia BB BB_xA1 : Encontrado en AA: No se puede declarar
Comando: buscar declarar_miembro_instancia BB BB_mA1@1 : Encontrado en AA: No se puede declarar
Comando: abrir_ambito_tsc BB BB_mA1@1 5 1 1 2 

=================== mA1@1 =================

**************** Posicion 397 ******************
BB_mA1@1 METODO_SOBREESCRIBIBLE	POS_METODO: 0	Y ACUMULADA: 0	CLASE: OBJETO	TIPO: ENTERO	#PAR: 0
#LOCAL 0
ACCESO: HERENCIA(1)	MIEMBRO: NO UNICO(2)	
***********************************************

========================================


=================== BB =================

**************** Posicion 114 ******************
BB_hB1 ATRIBUTO INSTANCIA	POS ATR. INSTANCIA: 0	Y ACUMULADA: 0	CLASE: ESCALAR	TIPO: ENTERO	DIR: 0	ACCESO: CLASE(2)	MIEMBRO: NO UNICO(2)	
***********************************************

**************** Posicion 154 ******************
BB_BB CLASE	CON 0 ATR. CLASE, 0 ATR. INSTANCIA, 0 MET. SOBR., 0 MET. NO SOBR., 0 ACUM. ATR. INS. Y 0 ACUM. MET. SOBR.	
***********************************************

**************** Posicion 397 ******************
BB_mA1@1 METODO_SOBREESCRIBIBLE	POS_METODO: 0	Y ACUMULADA: 0	CLASE: (null)	TIPO: ENTERO	#PAR: 0
#LOCAL 0
ACCESO: HERENCIA(1)	MIEMBRO: NO UNICO(2)	
***********************************************

**************** Posicion 932 ******************
BB_hA1 ATRIBUTO INSTANCIA	POS ATR. INSTANCIA: 0	Y ACUMULADA: 0	CLASE: ESCALAR	TIPO: ENTERO	DIR: 0	ACCESO: CLASE(2)	MIEMBRO: NO UNICO(2)	
***********************************************

=====================END TABLE==========

Comando: buscar declarar_id_local_metodo BB mA1@1_p1 : No encontrado: se puede declarar
Comando: insertar_tsc BB mA1@1_p1 2 1 1 3 2 

=================== mA1@1 =================

**************** Posicion 397 ******************
BB_mA1@1 METODO_SOBREESCRIBIBLE	POS_METODO: 0	Y ACUMULADA: 0	CLASE: OBJETO	TIPO: ENTERO	#PAR: 0
#LOCAL 0
ACCESO: HERENCIA(1)	MIEMBRO: NO UNICO(2)	
***********************************************

**************** Posicion 908 ******************
mA1@1_p1 PARAMETRO	POS_PAR: 0	POS_LOCAL: 0	CLASE: ESCALAR	TIPO: ENTERO	DIR: 0	ACCESO: TODOS(3)	MIEMBRO: NO UNICO(2)	
***********************************************

========================================


=================== BB =================

**************** Posicion 114 ******************
BB_hB1 ATRIBUTO INSTANCIA	POS ATR. INSTANCIA: 0	Y ACUMULADA: 0	CLASE: ESCALAR	TIPO: ENTERO	DIR: 0	ACCESO: CLASE(2)	MIEMBRO: NO UNICO(2)	
***********************************************

**************** Posicion 154 ******************
BB_BB CLASE	CON 0 ATR. CLASE, 0 ATR. INSTANCIA, 0 MET. SOBR., 0 MET. NO SOBR., 0 ACUM. ATR. INS. Y 0 ACUM. MET. SOBR.	
***********************************************

**************** Posicion 397 ******************
BB_mA1@1 METODO_SOBREESCRIBIBLE	POS_METODO: 0	Y ACUMULADA: 0	CLASE: (null)	TIPO: ENTERO	#PAR: 0
#LOCAL 0
ACCESO: HERENCIA(1)	MIEMBRO: NO UNICO(2)	
***********************************************

**************** Posicion 932 ******************
BB_hA1 ATRIBUTO INSTANCIA	POS ATR. INSTANCIA: 0	Y ACUMULADA: 0	CLASE: ESCALAR	TIPO: ENTERO	DIR: 0	ACCESO: CLASE(2)	MIEMBRO: NO UNICO(2)	
***********************************************

=====================END TABLE==========

Comando: buscar declarar_id_local_metodo BB mA1@1_v1 : No encontrado: se puede declarar
Comando: insertar_tsc BB mA1@1_v1 1 1 1 3 2 

=================== mA1@1 =================

**************** Posicion 36 ******************
mA1@1_v1 VARIABLE	POS_LOCAL: 0	POS ATR. INSTANCIA: 0	Y ACUMULADA: 0	CLASE: ESCALAR	TIPO: ENTERO	DIR: 0	ACCESO: TODOS(3)	MIEMBRO: NO UNICO(2)	
***********************************************

**************** Posicion 397 ******************
BB_mA1@1 METODO_SOBREESCRIBIBLE	POS_METODO: 0	Y ACUMULADA: 0	CLASE: OBJETO	TIPO: ENTERO	#PAR: 0
#LOCAL 0
ACCESO: HERENCIA(1)	MIEMBRO: NO UNICO(2)	
***********************************************

**************** Posicion 908 ******************
mA1@1_p1 PARAMETRO	POS_PAR: 0	POS_LOCAL: 0	CLASE: ESCALAR	TIPO: ENTERO	DIR: 0	ACCESO: TODOS(3)	MIEMBRO: NO UNICO(2)	
***********************************************

========================================


=================== BB =================

**************** Posicion 114 ******************
BB_hB1 ATRIBUTO INSTANCIA	POS ATR. INSTANCIA: 0	Y ACUMULADA: 0	CLASE: ESCALAR	TIPO: ENTERO	DIR: 0	ACCESO: CLASE(2)	MIEMBRO: NO UNICO(2)	
***********************************************

**************** Posicion 154 ******************
BB_BB CLASE	CON 0 ATR. CLASE, 0 ATR. INSTANCIA, 0 MET. SOBR., 0 MET. NO SOBR., 0 ACUM. ATR. INS. Y 0 ACUM. MET. SOBR.	
***********************************************

**************** Posicion 397 ******************
BB_mA1@1 METODO_SOBREESCRIBIBLE	POS_METODO: 0	Y ACUMULADA: 0	CLASE: (null)	TIPO: ENTERO	#PAR: 0
#LOCAL 0
ACCESO: HERENCIA(1)	MIEMBRO: NO UNICO(2)	
***********************************************

**************** Posicion 932 ******************
BB_hA1 ATRIBUTO INSTANCIA	POS ATR. INSTANCIA: 0	Y ACUMULADA: 0	CLASE: ESCALAR	TIPO: ENTERO	DIR: 0	ACCESO: CLASE(2)	MIEMBRO: NO UNICO(2)	
***********************************************

=====================END TABLE==========

Comando: buscar id_no_cualificado p1 BB : Encontrado en mA1@1
Comando: cerrar_ambito_tsc BB 
Comando: buscar declarar_miembro_instancia BB BB_mB1 : No encontrado: se puede declarar
Comando: abrir_ambito_tsc BB BB_mB1 5 1 1 2 

=================== mB1 =================

**************** Posicion 899 ******************
BB_mB1 METODO_SOBREESCRIBIBLE	POS_METODO: 0	Y ACUMULADA: 0	CLASE: OBJETO	TIPO: ENTERO	#PAR: 0
#LOCAL 0
ACCESO: HERENCIA(1)	MIEMBRO: NO UNICO(2)	
***********************************************

========================================


=================== BB =================

**************** Posicion 114 ******************
BB_hB1 ATRIBUTO INSTANCIA	POS ATR. INSTANCIA: 0	Y ACUMULADA: 0	CLASE: ESCALAR	TIPO: ENTERO	DIR: 0	ACCESO: CLASE(2)	MIEMBRO: NO UNICO(2)	
***********************************************

**************** Posicion 154 ******************
BB_BB CLASE	CON 0 ATR. CLASE, 0 ATR. INSTANCIA, 0 MET. SOBR., 0 MET. NO SOBR., 0 ACUM. ATR. INS. Y 0 ACUM. MET. SOBR.	
***********************************************

**************** Posicion 397 ******************
BB_mA1@1 METODO_SOBREESCRIBIBLE	POS_METODO: 0	Y ACUMULADA: 0	CLASE: (null)	TIPO: ENTERO	#PAR: 0
#LOCAL 0
ACCESO: HERENCIA(1)	MIEMBRO: NO UNICO(2)	
***********************************************

**************** Posicion 899 ******************
BB_mB1 METODO_SOBREESCRIBIBLE	POS_METODO: 0	Y ACUMULADA: 0	CLASE: (null)	TIPO: ENTERO	#PAR: 0
#LOCAL 0
ACCESO: HERENCIA(1)	MIEMBRO: NO UNICO(2)	
***********************************************

**************** Posicion 932 ******************
BB_hA1 ATRIBUTO INSTANCIA	POS ATR. INSTANCIA: 0	Y ACUMULADA: 0	CLASE: ESCALAR	TIPO: ENTERO	DIR: 0	ACCESO: CLASE(2)	MIEMBRO: NO UNICO(2)	
***********************************************

=====================END TABLE==========

Comando: buscar declarar_id_local_metodo BB mB1_v1 : No encontrado: se puede declarar
Comando: insertar_tsc BB mB1_v1 1 1 1 3 2 

=================== mB1 =================

**************** Posicion 899 ******************
BB_mB1 METODO_SOBREESCRIBIBLE	POS_METODO: 0	Y ACUMULADA: 0	CLASE: OBJETO	TIPO: ENTERO	#PAR: 0
#LOCAL 0
ACCESO: HERENCIA(1)	MIEMBRO: NO UNICO(2)	
***********************************************

**************** Posicion 975 ******************
mB1_v1 VARIABLE	POS_LOCAL: 0	POS ATR. INSTANCIA: 0	Y ACUMULADA: 0	CLASE: ESCALAR	TIPO: ENTERO	DIR: 0	ACCESO: TODOS(3)	MIEMBRO: NO UNICO(2)	
***********************************************

========================================


=================== BB =================

**************** Posicion 114 ******************
BB_hB1 ATRIBUTO INSTANCIA	POS ATR. INSTANCIA: 0	Y ACUMULADA: 0	CLASE: ESCALAR	TIPO: ENTERO	DIR: 0	ACCESO: CLASE(2)	MIEMBRO: NO UNICO(2)	
***********************************************

**************** Posicion 154 ******************
BB_BB CLASE	CON 0 ATR. CLASE, 0 ATR. INSTANCIA, 0 MET. SOBR., 0 MET. NO SOBR., 0 ACUM. ATR. INS. Y 0 ACUM. MET. SOBR.	
***********************************************

**************** Posicion 397 ******************
BB_mA1@1 METODO_SOBREESCRIBIBLE	POS_METODO: 0	Y ACUMULADA: 0	CLASE: (null)	TIPO: ENTERO	#PAR: 0
#LOCAL 0
ACCESO: HERENCIA(1)	MIEMBRO: NO UNICO(2)	
***********************************************

**************** Posicion 899 ******************
BB_mB1 METODO_SOBREESCRIBIBLE	POS_METODO: 0	Y ACUMULADA: 0	CLASE: (null)	TIPO: ENTERO	#PAR: 0
#LOCAL 0
ACCESO: HERENCIA(1)	MIEMBRO: NO UNICO(2)	
***********************************************

**************** Posicion 932 ******************
BB_hA1 ATRIBUTO INSTANCIA	POS ATR. INSTANCIA: 0	Y ACUMULADA: 0	CLASE: ESCALAR	TIPO: ENTERO	DIR: 0	ACCESO: CLASE(2)	MIEMBRO: NO UNICO(2)	
***********************************************

=====================END TABLE==========

Comando: buscar id_no_cualificado v1 BB : Encontrado en mB1
Comando: buscar id_no_cualificado v1 BB : Encontrado en mB1
Comando: cerrar_ambito_tsc BB 
Comando: buscar declarar_miembro_instancia BB BB_mA2 : Encontrado en AA: No se puede declarar
Comando: abrir_ambito_tsc BB BB_mA2 5 1 1 2 

=================== mA2 =================

**************** Posicion 709 ******************
BB_mA2 METODO_SOBREESCRIBIBLE	POS_METODO: 0	Y ACUMULADA: 0	CLASE: OBJETO	TIPO: ENTERO	#PAR: 0
#LOCAL 0
ACCESO: HERENCIA(1)	MIEMBRO: NO UNICO(2)	
***********************************************

========================================


=================== BB =================

**************** Posicion 114 ******************
BB_hB1 ATRIBUTO INSTANCIA	POS ATR. INSTANCIA: 0	Y ACUMULADA: 0	CLASE: ESCALAR	TIPO: ENTERO	DIR: 0	ACCESO: CLASE(2)	MIEMBRO: NO UNICO(2)	
***********************************************

**************** Posicion 154 ******************
BB_BB CLASE	CON 0 ATR. CLASE, 0 ATR. INSTANCIA, 0 MET. SOBR., 0 MET. NO SOBR., 0 ACUM. ATR. INS. Y 0 ACUM. MET. SOBR.	
***********************************************

**************** Posicion 397 ******************
BB_mA1@1 METODO_SOBREESCRIBIBLE	POS_METODO: 0	Y ACUMULADA: 0	CLASE: (null)	TIPO: ENTERO	#PAR: 0
#LOCAL 0
ACCESO: HERENCIA(1)	MIEMBRO: NO UNICO(2)	
***********************************************

**************** Posicion 709 ******************
BB_mA2 METODO_SOBREESCRIBIBLE	POS_METODO: 0	Y ACUMULADA: 0	CLASE: (null)	TIPO: ENTERO	#PAR: 0
#LOCAL 0
ACCESO: HERENCIA(1)	MIEMBRO: NO UNICO(2)	
***********************************************

**************** Posicion 899 ******************
BB_mB1 METODO_SOBREESCRIBIBLE	POS_METODO: 0	Y ACUMULADA: 0	CLASE: (null)	TIPO: ENTERO	#PAR: 0
#LOCAL 0
ACCESO: HERENCIA(1)	MIEMBRO: NO UNICO(2)	
***********************************************

**************** Posicion 932 ******************
BB_hA1 ATRIBUTO INSTANCIA	POS ATR. INSTANCIA: 0	Y ACUMULADA: 0	CLASE: ESCALAR	TIPO: ENTERO	DIR: 0	ACCESO: CLASE(2)	MIEMBRO: NO UNICO(2)	
***********************************************

=====================END TABLE==========

Comando: buscar declarar_id_local_metodo BB mA2_v1 : No encontrado: se puede declarar
Comando: insertar_tsc BB mA2_v1 1 3 1 3 2 

=================== mA2 =================

**************** Posicion 259 ******************
mA2_v1 VARIABLE	POS_LOCAL: 0	POS ATR. INSTANCIA: 0	Y ACUMULADA: 0	CLASE: ESCALAR	TIPO: BOOLEAN	DIR: 0	ACCESO: TODOS(3)	MIEMBRO: NO UNICO(2)	
***********************************************

**************** Posicion 709 ******************
BB_mA2 METODO_SOBREESCRIBIBLE	POS_METODO: 0	Y ACUMULADA: 0	CLASE: OBJETO	TIPO: ENTERO	#PAR: 0
#LOCAL 0
ACCESO: HERENCIA(1)	MIEMBRO: NO UNICO(2)	
***********************************************

========================================


=================== BB =================

**************** Posicion 114 ******************
BB_hB1 ATRIBUTO INSTANCIA	POS ATR. INSTANCIA: 0	Y ACUMULADA: 0	CLASE: ESCALAR	TIPO: ENTERO	DIR: 0	ACCESO: CLASE(2)	MIEMBRO: NO UNICO(2)	
***********************************************

**************** Posicion 154 ******************
BB_BB CLASE	CON 0 ATR. CLASE, 0 ATR. INSTANCIA, 0 MET. SOBR., 0 MET. NO SOBR., 0 ACUM. ATR. INS. Y 0 ACUM. MET. SOBR.	
***********************************************

**************** Posicion 397 ******************
BB_mA1@1 METODO_SOBREESCRIBIBLE	POS_METODO: 0	Y ACUMULADA: 0	CLASE: (null)	TIPO: ENTERO	#PAR: 0
#LOCAL 0
ACCESO: HERENCIA(1)	MIEMBRO: NO UNICO(2)	
***********************************************

**************** Posicion 709 ******************
BB_mA2 METODO_SOBREESCRIBIBLE	POS_METODO: 0	Y ACUMULADA: 0	CLASE: (null)	TIPO: ENTERO	#PAR: 0
#LOCAL 0
ACCESO: HERENCIA(1)	MIEMBRO: NO UNICO(2)	
***********************************************

**************** Posicion 899 ******************
BB_mB1 METODO_SOBREESCRIBIBLE	POS_METODO: 0	Y ACUMULADA: 0	CLASE: (null)	TIPO: ENTERO	#PAR: 0
#LOCAL 0
ACCESO: HERENCIA(1)	MIEMBRO: NO UNICO(2)	
***********************************************

**************** Posicion 932 ******************
BB_hA1 ATRIBUTO INSTANCIA	POS ATR. INSTANCIA: 0	Y ACUMULADA: 0	CLASE: ESCALAR	TIPO: ENTERO	DIR: 0	ACCESO: CLASE(2)	MIEMBRO: NO UNICO(2)	
***********************************************

=====================END TABLE==========

Comando: buscar id_no_cualificado v1 BB : Encontrado en mA2
Comando: cerrar_ambito_tsc BB 
Comando: buscar declarar_id_local_metodo BB BB_mA3@3@1 : No encontrado: se puede declarar
Comando: abrir_ambito_tsc BB BB_mA3@3@1 5 1 1 2 

=================== mA3@3@1 =================

**************** Posicion 898 ******************
BB_mA3@3@1 METODO_SOBREESCRIBIBLE	POS_METODO: 0	Y ACUMULADA: 0	CLASE: OBJETO	TIPO: ENTERO	#PAR: 0
#LOCAL 0
ACCESO: HERENCIA(1)	MIEMBRO: NO UNICO(2)	
***********************************************

========================================


=================== BB =================

**************** Posicion 114 ******************
BB_hB1 ATRIBUTO INSTANCIA	POS ATR. INSTANCIA: 0	Y ACUMULADA: 0	CLASE: ESCALAR	TIPO: ENTERO	DIR: 0	ACCESO: CLASE(2)	MIEMBRO: NO UNICO(2)	
***********************************************

**************** Posicion 154 ******************
BB_BB CLASE	CON 0 ATR. CLASE, 0 ATR. INSTANCIA, 0 MET. SOBR., 0 MET. NO SOBR., 0 ACUM. ATR. INS. Y 0 ACUM. MET. SOBR.	
***********************************************

**************** Posicion 397 ******************
BB_mA1@1 METODO_SOBREESCRIBIBLE	POS_METODO: 0	Y ACUMULADA: 0	CLASE: (null)	TIPO: ENTERO	#PAR: 0
#LOCAL 0
ACCESO: HERENCIA(1)	MIEMBRO: NO UNICO(2)	
***********************************************

**************** Posicion 709 ******************
BB_mA2 METODO_SOBREESCRIBIBLE	POS_METODO: 0	Y ACUMULADA: 0	CLASE: (null)	TIPO: ENTERO	#PAR: 0
#LOCAL 0
ACCESO: HERENCIA(1)	MIEMBRO: NO UNICO(2)	
***********************************************

**************** Posicion 898 ******************
BB_mA3@3@1 METODO_SOBREESCRIBIBLE	POS_METODO: 0	Y ACUMULADA: 0	CLASE: (null)	TIPO: ENTERO	#PAR: 0
#LOCAL 0
ACCESO: HERENCIA(1)	MIEMBRO: NO UNICO(2)	
***********************************************

**************** Posicion 899 ******************
BB_mB1 METODO_SOBREESCRIBIBLE	POS_METODO: 0	Y ACUMULADA: 0	CLASE: (null)	TIPO: ENTERO	#PAR: 0
#LOCAL 0
ACCESO: HERENCIA(1)	MIEMBRO: NO UNICO(2)	
***********************************************

**************** Posicion 932 ******************
BB_hA1 ATRIBUTO INSTANCIA	POS ATR. INSTANCIA: 0	Y ACUMULADA: 0	CLASE: ESCALAR	TIPO: ENTERO	DIR: 0	ACCESO: CLASE(2)	MIEMBRO: NO UNICO(2)	
***********************************************

=====================END TABLE==========

Comando: buscar declarar_id_local_metodo BB mA3@3@1_p1 : No encontrado: se puede declarar
Comando: insertar_tsc BB mA3@3@1_p1 2 3 1 3 2 

=================== mA3@3@1 =================

**************** Posicion 817 ******************
mA3@3@1_p1 PARAMETRO	POS_PAR: 0	POS_LOCAL: 0	CLASE: ESCALAR	TIPO: BOOLEAN	DIR: 0	ACCESO: TODOS(3)	MIEMBRO: NO UNICO(2)	
***********************************************

**************** Posicion 898 ******************
BB_mA3@3@1 METODO_SOBREESCRIBIBLE	POS_METODO: 0	Y ACUMULADA: 0	CLASE: OBJETO	TIPO: ENTERO	#PAR: 0
#LOCAL 0
ACCESO: HERENCIA(1)	MIEMBRO: NO UNICO(2)	
***********************************************

========================================


=================== BB =================

**************** Posicion 114 ******************
BB_hB1 ATRIBUTO INSTANCIA	POS ATR. INSTANCIA: 0	Y ACUMULADA: 0	CLASE: ESCALAR	TIPO: ENTERO	DIR: 0	ACCESO: CLASE(2)	MIEMBRO: NO UNICO(2)	
***********************************************

**************** Posicion 154 ******************
BB_BB CLASE	CON 0 ATR. CLASE, 0 ATR. INSTANCIA, 0 MET. SOBR., 0 MET. NO SOBR., 0 ACUM. ATR. INS. Y 0 ACUM. MET. SOBR.	
***********************************************

**************** Posicion 397 ******************
BB_mA1@1 METODO_SOBREESCRIBIBLE	POS_METODO: 0	Y ACUMULADA: 0	CLASE: (null)	TIPO: ENTERO	#PAR: 0
#LOCAL 0
ACCESO: HERENCIA(1)	MIEMBRO: NO UNICO(2)	
***********************************************

**************** Posicion 709 ******************
BB_mA2 METODO_SOBREESCRIBIBLE	POS_METODO: 0	Y ACUMULADA: 0	CLASE: (null)	TIPO: ENTERO	#PAR: 0
#LOCAL 0
ACCESO: HERENCIA(1)	MIEMBRO: NO UNICO(2)	
***********************************************

**************** Posicion 898 ******************
BB_mA3@3@1 METODO_SOBREESCRIBIBLE	POS_METODO: 0	Y ACUMULADA: 0	CLASE: (null)	TIPO: ENTERO	#PAR: 0
#LOCAL 0
ACCESO: HERENCIA(1)	MIEMBRO: NO UNICO(2)	
***********************************************

**************** Posicion 899 ******************
BB_mB1 METODO_SOBREESCRIBIBLE	POS_METODO: 0	Y ACUMULADA: 0	CLASE: (null)	TIPO: ENTERO	#PAR: 0
#LOCAL 0
ACCESO: HERENCIA(1)	MIEMBRO: NO UNICO(2)	
***********************************************

**************** Posicion 932 ******************
BB_hA1 ATRIBUTO INSTANCIA	POS ATR. INSTANCIA: 0	Y ACUMULADA: 0	CLASE: ESCALAR	TIPO: ENTERO	DIR: 0	ACCESO: CLASE(2)	MIEMBRO: NO UNICO(2)	
***********************************************

=====================END TABLE==========

Comando: buscar declarar_id_local_metodo BB mA3@3@1_p2 : No encontrado: se puede declarar
Comando: insertar_tsc BB mA3@3@1_p2 2 1 1 3 2 

=================== mA3@3@1 =================

**************** Posicion 817 ******************
mA3@3@1_p1 PARAMETRO	POS_PAR: 0	POS_LOCAL: 0	CLASE: ESCALAR	TIPO: BOOLEAN	DIR: 0	ACCESO: TODOS(3)	MIEMBRO: NO UNICO(2)	
***********************************************

**************** Posicion 818 ******************
mA3@3@1_p2 PARAMETRO	POS_PAR: 0	POS_LOCAL: 0	CLASE: ESCALAR	TIPO: ENTERO	DIR: 0	ACCESO: TODOS(3)	MIEMBRO: NO UNICO(2)	
***********************************************

**************** Posicion 898 ******************
BB_mA3@3@1 METODO_SOBREESCRIBIBLE	POS_METODO: 0	Y ACUMULADA: 0	CLASE: OBJETO	TIPO: ENTERO	#PAR: 0
#LOCAL 0
ACCESO: HERENCIA(1)	MIEMBRO: NO UNICO(2)	
***********************************************

========================================


=================== BB =================

**************** Posicion 114 ******************
BB_hB1 ATRIBUTO INSTANCIA	POS ATR. INSTANCIA: 0	Y ACUMULADA: 0	CLASE: ESCALAR	TIPO: ENTERO	DIR: 0	ACCESO: CLASE(2)	MIEMBRO: NO UNICO(2)	
***********************************************

**************** Posicion 154 ******************
BB_BB CLASE	CON 0 ATR. CLASE, 0 ATR. INSTANCIA, 0 MET. SOBR., 0 MET. NO SOBR., 0 ACUM. ATR. INS. Y 0 ACUM. MET. SOBR.	
***********************************************

**************** Posicion 397 ******************
BB_mA1@1 METODO_SOBREESCRIBIBLE	POS_METODO: 0	Y ACUMULADA: 0	CLASE: (null)	TIPO: ENTERO	#PAR: 0
#LOCAL 0
ACCESO: HERENCIA(1)	MIEMBRO: NO UNICO(2)	
***********************************************

**************** Posicion 709 ******************
BB_mA2 METODO_SOBREESCRIBIBLE	POS_METODO: 0	Y ACUMULADA: 0	CLASE: (null)	TIPO: ENTERO	#PAR: 0
#LOCAL 0
ACCESO: HERENCIA(1)	MIEMBRO: NO UNICO(2)	
***********************************************

**************** Posicion 898 ******************
BB_mA3@3@1 METODO_SOBREESCRIBIBLE	POS_METODO: 0	Y ACUMULADA: 0	CLASE: (null)	TIPO: ENTERO	#PAR: 0
#LOCAL 0
ACCESO: HERENCIA(1)	MIEMBRO: NO UNICO(2)	
***********************************************

**************** Posicion 899 ******************
BB_mB1 METODO_SOBREESCRIBIBLE	POS_METODO: 0	Y ACUMULADA: 0	CLASE: (null)	TIPO: ENTERO	#PAR: 0
#LOCAL 0
ACCESO: HERENCIA(1)	MIEMBRO: NO UNICO(2)	
***********************************************

**************** Posicion 932 ******************
BB_hA1 ATRIBUTO INSTANCIA	POS ATR. INSTANCIA: 0	Y ACUMULADA: 0	CLASE: ESCALAR	TIPO: ENTERO	DIR: 0	ACCESO: CLASE(2)	MIEMBRO: NO UNICO(2)	
***********************************************

=====================END TABLE==========

Comando: buscar id_no_cualificado p2 BB : Encontrado en mA3@3@1
Comando: cerrar_ambito_tsc BB 
Comando: cerrar_clase BB 
Comando: cerrar_tsa_main 
Comando: cerrar_tsc 
