Comando: inicia_tsc idCulificadoInstanciaClase 
Comando: inicia_tsa_main 
Comando: abrir_ambito_ppal_main 
Comando: buscar declarar_main main_varGlob : No encontrado: se puede declarar
Comando: insertar_tsa_main main_varGlob 1 1 1 3 2 

=================== main =================

**************** Posicion 842 ******************
main_varGlob VARIABLE	POS_LOCAL: 0	POS ATR. INSTANCIA: 0	Y ACUMULADA: 0	CLASE: ESCALAR	TIPO: ENTERO	DIR: 0	ACCESO: TODOS(3)	MIEMBRO: NO UNICO(2)	
***********************************************

=====================END TABLE==========

Comando: abrir_clase AA 
Comando: buscar declarar_miembro_instancia AA AA_inspub : No encontrado: se puede declarar
Comando: insertar_tsc AA AA_inspub 8 0 5 3 2 

=================== AA =================

**************** Posicion 383 ******************
AA_inspub ATRIBUTO INSTANCIA	POS ATR. INSTANCIA: 0	Y ACUMULADA: 0	CLASE: OBJETO	TIPO: (null)	DIR: 0	ACCESO: TODOS(3)	MIEMBRO: NO UNICO(2)	
***********************************************

**************** Posicion 821 ******************
AA_AA CLASE	CON 0 ATR. CLASE, 0 ATR. INSTANCIA, 0 MET. SOBR., 0 MET. NO SOBR., 0 ACUM. ATR. INS. Y 0 ACUM. MET. SOBR.	
***********************************************

=====================END TABLE==========

Comando: buscar declarar_miembro_instancia AA AA_inspriv : No encontrado: se puede declarar
Comando: insertar_tsc AA AA_inspriv 8 0 5 2 2 

=================== AA =================

**************** Posicion 383 ******************
AA_inspub ATRIBUTO INSTANCIA	POS ATR. INSTANCIA: 0	Y ACUMULADA: 0	CLASE: OBJETO	TIPO: (null)	DIR: 0	ACCESO: TODOS(3)	MIEMBRO: NO UNICO(2)	
***********************************************

**************** Posicion 463 ******************
AA_inspriv ATRIBUTO INSTANCIA	POS ATR. INSTANCIA: 0	Y ACUMULADA: 0	CLASE: OBJETO	TIPO: (null)	DIR: 0	ACCESO: CLASE(2)	MIEMBRO: NO UNICO(2)	
***********************************************

**************** Posicion 821 ******************
AA_AA CLASE	CON 0 ATR. CLASE, 0 ATR. INSTANCIA, 0 MET. SOBR., 0 MET. NO SOBR., 0 ACUM. ATR. INS. Y 0 ACUM. MET. SOBR.	
***********************************************

=====================END TABLE==========

Comando: buscar declarar_miembro_instancia AA AA_insprot : No encontrado: se puede declarar
Comando: insertar_tsc AA AA_insprot 8 0 5 1 2 

=================== AA =================

**************** Posicion 383 ******************
AA_inspub ATRIBUTO INSTANCIA	POS ATR. INSTANCIA: 0	Y ACUMULADA: 0	CLASE: OBJETO	TIPO: (null)	DIR: 0	ACCESO: TODOS(3)	MIEMBRO: NO UNICO(2)	
***********************************************

**************** Posicion 463 ******************
AA_inspriv ATRIBUTO INSTANCIA	POS ATR. INSTANCIA: 0	Y ACUMULADA: 0	CLASE: OBJETO	TIPO: (null)	DIR: 0	ACCESO: CLASE(2)	MIEMBRO: NO UNICO(2)	
***********************************************

**************** Posicion 598 ******************
AA_insprot ATRIBUTO INSTANCIA	POS ATR. INSTANCIA: 0	Y ACUMULADA: 0	CLASE: OBJETO	TIPO: (null)	DIR: 0	ACCESO: HERENCIA(1)	MIEMBRO: NO UNICO(2)	
***********************************************

**************** Posicion 821 ******************
AA_AA CLASE	CON 0 ATR. CLASE, 0 ATR. INSTANCIA, 0 MET. SOBR., 0 MET. NO SOBR., 0 ACUM. ATR. INS. Y 0 ACUM. MET. SOBR.	
***********************************************

=====================END TABLE==========

Comando: buscar declarar_miembro_clase AA AA_clasepub : No encontrado: se puede declarar
Comando: insertar_tsc AA AA_clasepub 7 0 5 3 1 

=================== AA =================

**************** Posicion 383 ******************
AA_inspub ATRIBUTO INSTANCIA	POS ATR. INSTANCIA: 0	Y ACUMULADA: 0	CLASE: OBJETO	TIPO: (null)	DIR: 0	ACCESO: TODOS(3)	MIEMBRO: NO UNICO(2)	
***********************************************

**************** Posicion 463 ******************
AA_inspriv ATRIBUTO INSTANCIA	POS ATR. INSTANCIA: 0	Y ACUMULADA: 0	CLASE: OBJETO	TIPO: (null)	DIR: 0	ACCESO: CLASE(2)	MIEMBRO: NO UNICO(2)	
***********************************************

**************** Posicion 598 ******************
AA_insprot ATRIBUTO INSTANCIA	POS ATR. INSTANCIA: 0	Y ACUMULADA: 0	CLASE: OBJETO	TIPO: (null)	DIR: 0	ACCESO: HERENCIA(1)	MIEMBRO: NO UNICO(2)	
***********************************************

**************** Posicion 805 ******************
AA_clasepub ATRIBUTO CLASE	CLASE: OBJETO	TIPO: (null)	DIR: 0	ACCESO: TODOS(3)	MIEMBRO: UNICO(1)	
***********************************************

**************** Posicion 821 ******************
AA_AA CLASE	CON 0 ATR. CLASE, 0 ATR. INSTANCIA, 0 MET. SOBR., 0 MET. NO SOBR., 0 ACUM. ATR. INS. Y 0 ACUM. MET. SOBR.	
***********************************************

=====================END TABLE==========

Comando: buscar declarar_miembro_clase AA AA_clasepriv : No encontrado: se puede declarar
Comando: insertar_tsc AA AA_clasepriv 7 0 5 2 1 

=================== AA =================

**************** Posicion 383 ******************
AA_inspub ATRIBUTO INSTANCIA	POS ATR. INSTANCIA: 0	Y ACUMULADA: 0	CLASE: OBJETO	TIPO: (null)	DIR: 0	ACCESO: TODOS(3)	MIEMBRO: NO UNICO(2)	
***********************************************

**************** Posicion 463 ******************
AA_inspriv ATRIBUTO INSTANCIA	POS ATR. INSTANCIA: 0	Y ACUMULADA: 0	CLASE: OBJETO	TIPO: (null)	DIR: 0	ACCESO: CLASE(2)	MIEMBRO: NO UNICO(2)	
***********************************************

**************** Posicion 598 ******************
AA_insprot ATRIBUTO INSTANCIA	POS ATR. INSTANCIA: 0	Y ACUMULADA: 0	CLASE: OBJETO	TIPO: (null)	DIR: 0	ACCESO: HERENCIA(1)	MIEMBRO: NO UNICO(2)	
***********************************************

**************** Posicion 712 ******************
AA_clasepriv ATRIBUTO CLASE	CLASE: OBJETO	TIPO: (null)	DIR: 0	ACCESO: CLASE(2)	MIEMBRO: UNICO(1)	
***********************************************

**************** Posicion 805 ******************
AA_clasepub ATRIBUTO CLASE	CLASE: OBJETO	TIPO: (null)	DIR: 0	ACCESO: TODOS(3)	MIEMBRO: UNICO(1)	
***********************************************

**************** Posicion 821 ******************
AA_AA CLASE	CON 0 ATR. CLASE, 0 ATR. INSTANCIA, 0 MET. SOBR., 0 MET. NO SOBR., 0 ACUM. ATR. INS. Y 0 ACUM. MET. SOBR.	
***********************************************

=====================END TABLE==========

Comando: buscar declarar_miembro_clase AA AA_claseprot : No encontrado: se puede declarar
Comando: insertar_tsc AA AA_claseprot 7 0 5 1 1 

=================== AA =================

**************** Posicion 383 ******************
AA_inspub ATRIBUTO INSTANCIA	POS ATR. INSTANCIA: 0	Y ACUMULADA: 0	CLASE: OBJETO	TIPO: (null)	DIR: 0	ACCESO: TODOS(3)	MIEMBRO: NO UNICO(2)	
***********************************************

**************** Posicion 463 ******************
AA_inspriv ATRIBUTO INSTANCIA	POS ATR. INSTANCIA: 0	Y ACUMULADA: 0	CLASE: OBJETO	TIPO: (null)	DIR: 0	ACCESO: CLASE(2)	MIEMBRO: NO UNICO(2)	
***********************************************

**************** Posicion 598 ******************
AA_insprot ATRIBUTO INSTANCIA	POS ATR. INSTANCIA: 0	Y ACUMULADA: 0	CLASE: OBJETO	TIPO: (null)	DIR: 0	ACCESO: HERENCIA(1)	MIEMBRO: NO UNICO(2)	
***********************************************

**************** Posicion 712 ******************
AA_clasepriv ATRIBUTO CLASE	CLASE: OBJETO	TIPO: (null)	DIR: 0	ACCESO: CLASE(2)	MIEMBRO: UNICO(1)	
***********************************************

**************** Posicion 805 ******************
AA_clasepub ATRIBUTO CLASE	CLASE: OBJETO	TIPO: (null)	DIR: 0	ACCESO: TODOS(3)	MIEMBRO: UNICO(1)	
***********************************************

**************** Posicion 821 ******************
AA_AA CLASE	CON 0 ATR. CLASE, 0 ATR. INSTANCIA, 0 MET. SOBR., 0 MET. NO SOBR., 0 ACUM. ATR. INS. Y 0 ACUM. MET. SOBR.	
***********************************************

**************** Posicion 847 ******************
AA_claseprot ATRIBUTO CLASE	CLASE: OBJETO	TIPO: (null)	DIR: 0	ACCESO: HERENCIA(1)	MIEMBRO: UNICO(1)	
***********************************************

=====================END TABLE==========

Comando: buscar declarar_miembro_instancia AA AA_miaa : No encontrado: se puede declarar
Comando: insertar_tsc AA AA_miaa 8 0 5 3 2 

=================== AA =================

**************** Posicion 89 ******************
AA_miaa ATRIBUTO INSTANCIA	POS ATR. INSTANCIA: 0	Y ACUMULADA: 0	CLASE: OBJETO	TIPO: (null)	DIR: 0	ACCESO: TODOS(3)	MIEMBRO: NO UNICO(2)	
***********************************************

**************** Posicion 383 ******************
AA_inspub ATRIBUTO INSTANCIA	POS ATR. INSTANCIA: 0	Y ACUMULADA: 0	CLASE: OBJETO	TIPO: (null)	DIR: 0	ACCESO: TODOS(3)	MIEMBRO: NO UNICO(2)	
***********************************************

**************** Posicion 463 ******************
AA_inspriv ATRIBUTO INSTANCIA	POS ATR. INSTANCIA: 0	Y ACUMULADA: 0	CLASE: OBJETO	TIPO: (null)	DIR: 0	ACCESO: CLASE(2)	MIEMBRO: NO UNICO(2)	
***********************************************

**************** Posicion 598 ******************
AA_insprot ATRIBUTO INSTANCIA	POS ATR. INSTANCIA: 0	Y ACUMULADA: 0	CLASE: OBJETO	TIPO: (null)	DIR: 0	ACCESO: HERENCIA(1)	MIEMBRO: NO UNICO(2)	
***********************************************

**************** Posicion 712 ******************
AA_clasepriv ATRIBUTO CLASE	CLASE: OBJETO	TIPO: (null)	DIR: 0	ACCESO: CLASE(2)	MIEMBRO: UNICO(1)	
***********************************************

**************** Posicion 805 ******************
AA_clasepub ATRIBUTO CLASE	CLASE: OBJETO	TIPO: (null)	DIR: 0	ACCESO: TODOS(3)	MIEMBRO: UNICO(1)	
***********************************************

**************** Posicion 821 ******************
AA_AA CLASE	CON 0 ATR. CLASE, 0 ATR. INSTANCIA, 0 MET. SOBR., 0 MET. NO SOBR., 0 ACUM. ATR. INS. Y 0 ACUM. MET. SOBR.	
***********************************************

**************** Posicion 847 ******************
AA_claseprot ATRIBUTO CLASE	CLASE: OBJETO	TIPO: (null)	DIR: 0	ACCESO: HERENCIA(1)	MIEMBRO: UNICO(1)	
***********************************************

=====================END TABLE==========

Comando: buscar declarar_miembro_instancia AA AA_prueba : No encontrado: se puede declarar
Comando: abrir_ambito_tsc AA AA_prueba 5 3 2 2 

=================== prueba =================

**************** Posicion 992 ******************
AA_prueba METODO_SOBREESCRIBIBLE	POS_METODO: 0	Y ACUMULADA: 0	CLASE: OBJETO	TIPO: BOOLEAN	#PAR: 0
#LOCAL 0
ACCESO: CLASE(2)	MIEMBRO: NO UNICO(2)	
***********************************************

========================================


=================== AA =================

**************** Posicion 89 ******************
AA_miaa ATRIBUTO INSTANCIA	POS ATR. INSTANCIA: 0	Y ACUMULADA: 0	CLASE: OBJETO	TIPO: (null)	DIR: 0	ACCESO: TODOS(3)	MIEMBRO: NO UNICO(2)	
***********************************************

**************** Posicion 383 ******************
AA_inspub ATRIBUTO INSTANCIA	POS ATR. INSTANCIA: 0	Y ACUMULADA: 0	CLASE: OBJETO	TIPO: (null)	DIR: 0	ACCESO: TODOS(3)	MIEMBRO: NO UNICO(2)	
***********************************************

**************** Posicion 463 ******************
AA_inspriv ATRIBUTO INSTANCIA	POS ATR. INSTANCIA: 0	Y ACUMULADA: 0	CLASE: OBJETO	TIPO: (null)	DIR: 0	ACCESO: CLASE(2)	MIEMBRO: NO UNICO(2)	
***********************************************

**************** Posicion 598 ******************
AA_insprot ATRIBUTO INSTANCIA	POS ATR. INSTANCIA: 0	Y ACUMULADA: 0	CLASE: OBJETO	TIPO: (null)	DIR: 0	ACCESO: HERENCIA(1)	MIEMBRO: NO UNICO(2)	
***********************************************

**************** Posicion 712 ******************
AA_clasepriv ATRIBUTO CLASE	CLASE: OBJETO	TIPO: (null)	DIR: 0	ACCESO: CLASE(2)	MIEMBRO: UNICO(1)	
***********************************************

**************** Posicion 805 ******************
AA_clasepub ATRIBUTO CLASE	CLASE: OBJETO	TIPO: (null)	DIR: 0	ACCESO: TODOS(3)	MIEMBRO: UNICO(1)	
***********************************************

**************** Posicion 821 ******************
AA_AA CLASE	CON 0 ATR. CLASE, 0 ATR. INSTANCIA, 0 MET. SOBR., 0 MET. NO SOBR., 0 ACUM. ATR. INS. Y 0 ACUM. MET. SOBR.	
***********************************************

**************** Posicion 847 ******************
AA_claseprot ATRIBUTO CLASE	CLASE: OBJETO	TIPO: (null)	DIR: 0	ACCESO: HERENCIA(1)	MIEMBRO: UNICO(1)	
***********************************************

**************** Posicion 992 ******************
AA_prueba METODO_SOBREESCRIBIBLE	POS_METODO: 0	Y ACUMULADA: 0	CLASE: (null)	TIPO: BOOLEAN	#PAR: 0
#LOCAL 0
ACCESO: CLASE(2)	MIEMBRO: NO UNICO(2)	
***********************************************

=====================END TABLE==========

Comando: buscar id_cualificado_instancia miaa inspriv AA : Encontrado en AA
Comando: buscar id_cualificado_instancia miaa insprot AA : Encontrado en AA
Comando: buscar id_cualificado_instancia miaa inspub AA : Encontrado en AA
Comando: buscar id_cualificado_instancia miaa inspubnoexiste AA : No encontrado
Comando: buscar id_cualificado_clase AA claseprot AA : Encontrado en AA
Comando: buscar id_cualificado_clase AA clasepub AA : Encontrado en AA
Comando: buscar id_cualificado_clase AA clasepriv AA : Encontrado en AA
Comando: cerrar_ambito_tsc AA 
Comando: cerrar_clase AA 
Comando: abrir_clase_hereda BB 
Comando: buscar declarar_miembro_instancia BB BB_mibb : No encontrado: se puede declarar
Comando: insertar_tsc BB BB_mibb 8 -1 5 3 2 

=================== BB =================

**************** Posicion 154 ******************
BB_BB CLASE	CON 0 ATR. CLASE, 0 ATR. INSTANCIA, 0 MET. SOBR., 0 MET. NO SOBR., 0 ACUM. ATR. INS. Y 0 ACUM. MET. SOBR.	
***********************************************

=====================END TABLE==========

Comando: cerrar_clase BB 
Comando: buscar declarar_main main_MainMiBB : No encontrado: se puede declarar
Comando: insertar_tsa_main main_MainMiBB 8 -1 5 3 2 

=================== main =================

**************** Posicion 18 ******************
main_BB CLASE	CON 0 ATR. CLASE, 0 ATR. INSTANCIA, 0 MET. SOBR., 0 MET. NO SOBR., 0 ACUM. ATR. INS. Y 0 ACUM. MET. SOBR.	
***********************************************

**************** Posicion 835 ******************
main_AA CLASE	CON 0 ATR. CLASE, 0 ATR. INSTANCIA, 0 MET. SOBR., 0 MET. NO SOBR., 0 ACUM. ATR. INS. Y 0 ACUM. MET. SOBR.	
***********************************************

**************** Posicion 842 ******************
main_varGlob VARIABLE	POS_LOCAL: 0	POS ATR. INSTANCIA: 0	Y ACUMULADA: 0	CLASE: ESCALAR	TIPO: ENTERO	DIR: 0	ACCESO: TODOS(3)	MIEMBRO: NO UNICO(2)	
***********************************************

=====================END TABLE==========

Comando: buscar declarar_main main_MainMiBB2 : No encontrado: se puede declarar
Comando: insertar_tsa_main main_MainMiBB2 8 -1 5 3 2 

=================== main =================

**************** Posicion 18 ******************
main_BB CLASE	CON 0 ATR. CLASE, 0 ATR. INSTANCIA, 0 MET. SOBR., 0 MET. NO SOBR., 0 ACUM. ATR. INS. Y 0 ACUM. MET. SOBR.	
***********************************************

**************** Posicion 835 ******************
main_AA CLASE	CON 0 ATR. CLASE, 0 ATR. INSTANCIA, 0 MET. SOBR., 0 MET. NO SOBR., 0 ACUM. ATR. INS. Y 0 ACUM. MET. SOBR.	
***********************************************

**************** Posicion 842 ******************
main_varGlob VARIABLE	POS_LOCAL: 0	POS ATR. INSTANCIA: 0	Y ACUMULADA: 0	CLASE: ESCALAR	TIPO: ENTERO	DIR: 0	ACCESO: TODOS(3)	MIEMBRO: NO UNICO(2)	
***********************************************

=====================END TABLE==========

Comando: buscar id_cualificado_instancia MainMiBB insnoexiste main : No encontrado
Comando: abrir_clase CC 
Comando: buscar declarar_miembro_instancia CC CC_micc : No encontrado: se puede declarar
Comando: insertar_tsc CC CC_micc 8 -2 5 3 2 

=================== CC =================

**************** Posicion 496 ******************
CC_CC CLASE	CON 0 ATR. CLASE, 0 ATR. INSTANCIA, 0 MET. SOBR., 0 MET. NO SOBR., 0 ACUM. ATR. INS. Y 0 ACUM. MET. SOBR.	
***********************************************

=====================END TABLE==========

Comando: cerrar_clase CC 
Comando: abrir_clase_hereda DD 
Comando: buscar declarar_miembro_instancia DD DD_midd : No encontrado: se puede declarar
Comando: insertar_tsc DD DD_midd 8 -3 5 3 2 

=================== DD =================

**************** Posicion 838 ******************
DD_DD CLASE	CON 0 ATR. CLASE, 0 ATR. INSTANCIA, 0 MET. SOBR., 0 MET. NO SOBR., 0 ACUM. ATR. INS. Y 0 ACUM. MET. SOBR.	
***********************************************

=====================END TABLE==========

Comando: cerrar_clase DD 
Comando: abrir_clase_hereda EE 
Comando: buscar declarar_miembro_instancia EE EE_miee : No encontrado: se puede declarar
Comando: insertar_tsc EE EE_miee 8 -4 5 3 2 

=================== EE =================

**************** Posicion 171 ******************
EE_EE CLASE	CON 0 ATR. CLASE, 0 ATR. INSTANCIA, 0 MET. SOBR., 0 MET. NO SOBR., 0 ACUM. ATR. INS. Y 0 ACUM. MET. SOBR.	
***********************************************

=====================END TABLE==========

Comando: buscar declarar_miembro_instancia EE EE_mE : No encontrado: se puede declarar
Comando: abrir_ambito_tsc EE EE_mE 5 1 3 2 

=================== mE =================

**************** Posicion 748 ******************
EE_mE METODO_SOBREESCRIBIBLE	POS_METODO: 0	Y ACUMULADA: 0	CLASE: OBJETO	TIPO: ENTERO	#PAR: 0
#LOCAL 0
ACCESO: TODOS(3)	MIEMBRO: NO UNICO(2)	
***********************************************

========================================


=================== EE =================

**************** Posicion 171 ******************
EE_EE CLASE	CON 0 ATR. CLASE, 0 ATR. INSTANCIA, 0 MET. SOBR., 0 MET. NO SOBR., 0 ACUM. ATR. INS. Y 0 ACUM. MET. SOBR.	
***********************************************

**************** Posicion 748 ******************
EE_mE METODO_SOBREESCRIBIBLE	POS_METODO: 0	Y ACUMULADA: 0	CLASE: (null)	TIPO: ENTERO	#PAR: 0
#LOCAL 0
ACCESO: TODOS(3)	MIEMBRO: NO UNICO(2)	
***********************************************

=====================END TABLE==========

Comando: buscar declarar_id_local_metodo EE mE_varLoc : No encontrado: se puede declarar
Comando: insertar_tsc EE mE_varLoc 4 -4 5 3 2 

=================== mE =================

**************** Posicion 748 ******************
EE_mE METODO_SOBREESCRIBIBLE	POS_METODO: 0	Y ACUMULADA: 0	CLASE: OBJETO	TIPO: ENTERO	#PAR: 0
#LOCAL 0
ACCESO: TODOS(3)	MIEMBRO: NO UNICO(2)	
***********************************************

========================================


=================== EE =================

**************** Posicion 171 ******************
EE_EE CLASE	CON 0 ATR. CLASE, 0 ATR. INSTANCIA, 0 MET. SOBR., 0 MET. NO SOBR., 0 ACUM. ATR. INS. Y 0 ACUM. MET. SOBR.	
***********************************************

**************** Posicion 748 ******************
EE_mE METODO_SOBREESCRIBIBLE	POS_METODO: 0	Y ACUMULADA: 0	CLASE: (null)	TIPO: ENTERO	#PAR: 0
#LOCAL 0
ACCESO: TODOS(3)	MIEMBRO: NO UNICO(2)	
***********************************************

=====================END TABLE==========

Comando: buscar id_cualificado_clase EE claseprot EE : Encontrado en AA
Comando: buscar id_cualificado_clase EE clasepriv EE : No encontrado
Comando: buscar id_cualificado_clase EE clasepub EE : Encontrado en AA
Comando: buscar id_cualificado_clase EE clasenoexiste EE : No encontrado
Comando: buscar id_cualificado_clase noExiste claseNoExiste EE : No encontrado
Comando: buscar id_cualificado_instancia MainMiBB2 inspubnoexiste EE : No encontrado
Comando: buscar id_cualificado_instancia MainMiBB2 inspriv EE : No encontrado
Comando: buscar id_cualificado_instancia varLoc inspubnoexiste EE : No encontrado
Comando: buscar id_cualificado_instancia varLoc inspriv EE : No encontrado
Comando: buscar id_cualificado_instancia varLoc inspub EE : No encontrado
Comando: buscar id_cualificado_instancia miee inspub EE : No encontrado
Comando: buscar id_cualificado_instancia miee insprot EE : No encontrado
Comando: cerrar_ambito_tsc EE 
Comando: cerrar_clase EE 
Comando: abrir_clase_hereda FF 
Comando: buscar declarar_miembro_instancia FF FF_miff : No encontrado: se puede declarar
Comando: insertar_tsc FF FF_miff 8 -5 5 3 2 

=================== FF =================

**************** Posicion 513 ******************
FF_FF CLASE	CON 0 ATR. CLASE, 0 ATR. INSTANCIA, 0 MET. SOBR., 0 MET. NO SOBR., 0 ACUM. ATR. INS. Y 0 ACUM. MET. SOBR.	
***********************************************

=====================END TABLE==========

Comando: cerrar_clase FF 
Comando: buscar declarar_main prueba : No encontrado: se puede declarar
Comando: abrir_ambito_tsa_main main_prueba 1 
Comando: buscar id_cualificado_clase AA clasepriv main : No encontrado
Comando: buscar id_cualificado_clase AA clasepub main : Encontrado en AA
Comando: buscar id_cualificado_clase AA claseNoExiste main : No encontrado
Comando: buscar id_cualificado_clase noExiste claseNoExiste main : No encontrado
Comando: buscar id_cualificado_instancia MainMiBBC2 inspriv main : No encontrado
Comando: buscar id_cualificado_instancia MainMiBBD2 insNoExiste main : No encontrado
Comando: cerrar_ambito_tsa_main 
Comando: abrir_ambito_tsa_main main_f2 1 
Comando: buscar declarar_id_local_metodo main f2_varLoc : No encontrado: se puede declarar
Comando: insertar_tsa_main f2_varLoc 4 -1 5 3 2 

=================== f2 =================

**************** Posicion 824 ******************

***********************************************

========================================


=================== main =================

**************** Posicion 18 ******************
main_BB CLASE	CON 0 ATR. CLASE, 0 ATR. INSTANCIA, 0 MET. SOBR., 0 MET. NO SOBR., 0 ACUM. ATR. INS. Y 0 ACUM. MET. SOBR.	
***********************************************

**************** Posicion 63 ******************

***********************************************

**************** Posicion 210 ******************
main_CC CLASE	CON 0 ATR. CLASE, 0 ATR. INSTANCIA, 0 MET. SOBR., 0 MET. NO SOBR., 0 ACUM. ATR. INS. Y 0 ACUM. MET. SOBR.	
***********************************************

**************** Posicion 402 ******************
main_DD CLASE	CON 0 ATR. CLASE, 0 ATR. INSTANCIA, 0 MET. SOBR., 0 MET. NO SOBR., 0 ACUM. ATR. INS. Y 0 ACUM. MET. SOBR.	
***********************************************

**************** Posicion 594 ******************
main_EE CLASE	CON 0 ATR. CLASE, 0 ATR. INSTANCIA, 0 MET. SOBR., 0 MET. NO SOBR., 0 ACUM. ATR. INS. Y 0 ACUM. MET. SOBR.	
***********************************************

**************** Posicion 786 ******************
main_FF CLASE	CON 0 ATR. CLASE, 0 ATR. INSTANCIA, 0 MET. SOBR., 0 MET. NO SOBR., 0 ACUM. ATR. INS. Y 0 ACUM. MET. SOBR.	
***********************************************

**************** Posicion 824 ******************

***********************************************

**************** Posicion 835 ******************
main_AA CLASE	CON 0 ATR. CLASE, 0 ATR. INSTANCIA, 0 MET. SOBR., 0 MET. NO SOBR., 0 ACUM. ATR. INS. Y 0 ACUM. MET. SOBR.	
***********************************************

**************** Posicion 842 ******************
main_varGlob VARIABLE	POS_LOCAL: 0	POS ATR. INSTANCIA: 0	Y ACUMULADA: 0	CLASE: ESCALAR	TIPO: ENTERO	DIR: 0	ACCESO: TODOS(3)	MIEMBRO: NO UNICO(2)	
***********************************************

=====================END TABLE==========

Comando: buscar id_cualificado_instancia varGlob2 inspubnoexiste main : No encontrado
Comando: buscar id_cualificado_instancia MainMiBB2 insprot main : No encontrado
Comando: buscar id_cualificado_instancia MainMiBB2 inspub main : No encontrado
Comando: buscar id_cualificado_instancia MainMiBB2 inspriv main : No encontrado
Comando: buscar id_cualificado_clase BB clasepub main : Encontrado en AA
Comando: buscar id_cualificado_clase BB inspub main : Encontrado en AA
Comando: buscar id_cualificado_clase BB clasepriv main : No encontrado
Comando: buscar id_cualificado_instancia MainMiBB2 inspubnoexiste main : No encontrado
Comando: buscar id_cualificado_instancia varLoc insprot main : No encontrado
Comando: buscar id_cualificado_instancia MainMiBB2 inspub main : No encontrado
Comando: cerrar_ambito_tsa_main 
Comando: buscar id_cualificado_clase JJ noExiste main : No encontrado
Comando: buscar id_cualificado_instancia MainMiBB2 inspub main : No encontrado
Comando: buscar id_cualificado_instancia MainMiBB2 inspubnoexiste main : No encontrado
Comando: buscar id_cualificado_instancia MainMiBB2 inspriv main : No encontrado
Comando: buscar id_cualificado_clase AA clasepub main : Encontrado en AA
Comando: buscar id_cualificado_clase AA inspub main : Encontrado en AA
Comando: buscar id_cualificado_clase AA clasepriv main : No encontrado
Comando: buscar id_cualificado_clase AA noExiste main : No encontrado
Comando: buscar id_cualificado_clase noExiste noExiste main : No encontrado
Comando: cerrar_tsa_main 
Comando: cerrar_tsc 
