Terminals unused in grammar

   TOK_FLECHA
   TOK_ERROR


Grammar

    0 $accept: programa $end

    1 programa: TOK_MAIN '{' declaraciones funciones sentencias '}'
    2         | TOK_MAIN '{' funciones sentencias '}'

    3 declaraciones: declaracion
    4              | declaracion declaraciones

    5 declaracion: modificadores_acceso clase identificadores ';'
    6            | modificadores_acceso declaracion_clase ';'

    7 modificadores_acceso: TOK_HIDDEN TOK_UNIQUE
    8                     | TOK_SECRET TOK_UNIQUE
    9                     | TOK_EXPOSED TOK_UNIQUE
   10                     | TOK_HIDDEN
   11                     | TOK_SECRET
   12                     | TOK_EXPOSED
   13                     | TOK_UNIQUE
   14                     | %empty

   15 clase: clase_escalar
   16      | clase_vector
   17      | clase_objeto

   18 declaracion_clase: modificadores_clase TOK_CLASS TOK_IDENTIFICADOR TOK_INHERITS identificadores '{' declaraciones funciones '}'
   19                  | modificadores_clase TOK_CLASS TOK_IDENTIFICADOR '{' declaraciones funciones '}'

   20 modificadores_clase: %empty

   21 clase_escalar: tipo

   22 tipo: TOK_INT
   23     | TOK_BOOLEAN

   24 clase_objeto: '{' TOK_IDENTIFICADOR '}'

   25 clase_vector: TOK_ARRAY tipo '[' TOK_CONSTANTE_ENTERA ']'

   26 identificadores: TOK_IDENTIFICADOR
   27                | TOK_IDENTIFICADOR ',' identificadores

   28 funciones: funcion funciones
   29          | %empty

   30 funcion: TOK_FUNCTION modificadores_acceso tipo_retorno TOK_IDENTIFICADOR '(' parametros_funcion ')' '{' declaraciones_funcion sentencias '}'

   31 tipo_retorno: TOK_NONE
   32             | tipo
   33             | clase_objeto

   34 parametros_funcion: parametro_funcion resto_parametros_funcion
   35                   | %empty

   36 resto_parametros_funcion: ';' parametro_funcion resto_parametros_funcion
   37                         | %empty

   38 parametro_funcion: tipo TOK_IDENTIFICADOR
   39                  | clase_objeto TOK_IDENTIFICADOR

   40 declaraciones_funcion: declaraciones
   41                      | %empty

   42 sentencias: sentencia
   43           | sentencia sentencias

   44 sentencia: sentencia_simple ';'
   45          | bloque

   46 sentencia_simple: asignacion
   47                 | escritura
   48                 | lectura
   49                 | retorno_funcion
   50                 | identificador_clase '.' TOK_IDENTIFICADOR '(' lista_expresiones ')'
   51                 | TOK_IDENTIFICADOR '(' lista_expresiones ')'
   52                 | destruir_objeto

   53 destruir_objeto: TOK_DISCARD TOK_IDENTIFICADOR

   54 bloque: condicional
   55       | bucle

   56 asignacion: TOK_IDENTIFICADOR '=' exp
   57           | elemento_vector '=' exp
   58           | elemento_vector '=' TOK_INSTANCE_OF TOK_IDENTIFICADOR '(' lista_expresiones ')'
   59           | TOK_IDENTIFICADOR '=' TOK_INSTANCE_OF TOK_IDENTIFICADOR '(' lista_expresiones ')'
   60           | identificador_clase '.' TOK_IDENTIFICADOR '=' exp

   61 elemento_vector: TOK_IDENTIFICADOR '[' exp ']'

   62 condicional: TOK_IF '(' exp ')' '{' sentencias '}'
   63            | TOK_IF '(' exp ')' '{' sentencias '}' TOK_ELSE '{' sentencias '}'

   64 bucle: TOK_WHILE '(' exp ')' '{' sentencias '}'

   65 lectura: TOK_SCANF TOK_IDENTIFICADOR
   66        | TOK_SCANF elemento_vector

   67 escritura: TOK_PRINTF exp

   68 retorno_funcion: TOK_RETURN exp
   69                | TOK_RETURN TOK_NONE

   70 exp: exp '+' exp
   71    | exp '-' exp
   72    | exp '/' exp
   73    | exp '*' exp
   74    | '-' exp
   75    | exp TOK_AND exp
   76    | exp TOK_OR exp
   77    | '!' exp
   78    | TOK_IDENTIFICADOR
   79    | constante
   80    | '(' exp ')'
   81    | '(' comparacion ')'
   82    | elemento_vector
   83    | TOK_IDENTIFICADOR '(' lista_expresiones ')'
   84    | identificador_clase '.' TOK_IDENTIFICADOR '(' lista_expresiones ')'
   85    | identificador_clase '.' TOK_IDENTIFICADOR

   86 identificador_clase: TOK_IDENTIFICADOR
   87                    | TOK_ITSELF

   88 lista_expresiones: exp resto_lista_expresiones
   89                  | %empty

   90 resto_lista_expresiones: ',' exp resto_lista_expresiones
   91                        | %empty

   92 comparacion: exp TOK_IGUAL exp
   93            | exp TOK_DISTINTO exp
   94            | exp TOK_MENORIGUAL exp
   95            | exp TOK_MAYORIGUAL exp
   96            | exp '<' exp
   97            | exp '>' exp

   98 constante: constante_logica
   99          | constante_entera

  100 constante_logica: TOK_TRUE
  101                 | TOK_FALSE

  102 constante_entera: TOK_CONSTANTE_ENTERA


Terminals, with rules where they appear

$end (0) 0
'!' (33) 77
'(' (40) 30 50 51 58 59 62 63 64 80 81 83 84
')' (41) 30 50 51 58 59 62 63 64 80 81 83 84
'*' (42) 73
'+' (43) 70
',' (44) 27 90
'-' (45) 71 74
'.' (46) 50 60 84 85
'/' (47) 72
';' (59) 5 6 36 44
'<' (60) 96
'=' (61) 56 57 58 59 60
'>' (62) 97
'[' (91) 25 61
']' (93) 25 61
'{' (123) 1 2 18 19 24 30 62 63 64
'}' (125) 1 2 18 19 24 30 62 63 64
error (256)
TOK_NONE (258) 31 69
TOK_CLASS (259) 18 19
TOK_INHERITS (260) 18
TOK_INSTANCE_OF (261) 58 59
TOK_DISCARD (262) 53
TOK_ITSELF (263) 87
TOK_FLECHA (264)
TOK_HIDDEN (265) 7 10
TOK_SECRET (266) 8 11
TOK_EXPOSED (267) 9 12
TOK_UNIQUE (268) 7 8 9 13
TOK_FUNCTION (269) 30
TOK_RETURN (270) 68 69
TOK_MAIN (271) 1 2
TOK_INT (272) 22
TOK_BOOLEAN (273) 23
TOK_ARRAY (274) 25
TOK_IF (275) 62 63
TOK_ELSE (276) 63
TOK_WHILE (277) 64
TOK_SCANF (278) 65 66
TOK_PRINTF (279) 67
TOK_IDENTIFICADOR (280) 18 19 24 26 27 30 38 39 50 51 53 56 58 59 60
    61 65 78 83 84 85 86
TOK_IGUAL (281) 92
TOK_DISTINTO (282) 93
TOK_MENORIGUAL (283) 94
TOK_MAYORIGUAL (284) 95
TOK_OR (285) 76
TOK_AND (286) 75
TOK_CONSTANTE_ENTERA (287) 25 102
TOK_FALSE (288) 101
TOK_TRUE (289) 100
TOK_ERROR (290)
NEG_UNARIA (291)


Nonterminals, with rules where they appear

$accept (54)
    on left: 0
programa (55)
    on left: 1 2, on right: 0
declaraciones (56)
    on left: 3 4, on right: 1 4 18 19 40
declaracion (57)
    on left: 5 6, on right: 3 4
modificadores_acceso (58)
    on left: 7 8 9 10 11 12 13 14, on right: 5 6 30
clase (59)
    on left: 15 16 17, on right: 5
declaracion_clase (60)
    on left: 18 19, on right: 6
modificadores_clase (61)
    on left: 20, on right: 18 19
clase_escalar (62)
    on left: 21, on right: 15
tipo (63)
    on left: 22 23, on right: 21 25 32 38
clase_objeto (64)
    on left: 24, on right: 17 33 39
clase_vector (65)
    on left: 25, on right: 16
identificadores (66)
    on left: 26 27, on right: 5 18 27
funciones (67)
    on left: 28 29, on right: 1 2 18 19 28
funcion (68)
    on left: 30, on right: 28
tipo_retorno (69)
    on left: 31 32 33, on right: 30
parametros_funcion (70)
    on left: 34 35, on right: 30
resto_parametros_funcion (71)
    on left: 36 37, on right: 34 36
parametro_funcion (72)
    on left: 38 39, on right: 34 36
declaraciones_funcion (73)
    on left: 40 41, on right: 30
sentencias (74)
    on left: 42 43, on right: 1 2 30 43 62 63 64
sentencia (75)
    on left: 44 45, on right: 42 43
sentencia_simple (76)
    on left: 46 47 48 49 50 51 52, on right: 44
destruir_objeto (77)
    on left: 53, on right: 52
bloque (78)
    on left: 54 55, on right: 45
asignacion (79)
    on left: 56 57 58 59 60, on right: 46
elemento_vector (80)
    on left: 61, on right: 57 58 66 82
condicional (81)
    on left: 62 63, on right: 54
bucle (82)
    on left: 64, on right: 55
lectura (83)
    on left: 65 66, on right: 48
escritura (84)
    on left: 67, on right: 47
retorno_funcion (85)
    on left: 68 69, on right: 49
exp (86)
    on left: 70 71 72 73 74 75 76 77 78 79 80 81 82 83 84 85, on right:
    56 57 60 61 62 63 64 67 68 70 71 72 73 74 75 76 77 80 88 90 92
    93 94 95 96 97
identificador_clase (87)
    on left: 86 87, on right: 50 60 84 85
lista_expresiones (88)
    on left: 88 89, on right: 50 51 58 59 83 84
resto_lista_expresiones (89)
    on left: 90 91, on right: 88 90
comparacion (90)
    on left: 92 93 94 95 96 97, on right: 81
constante (91)
    on left: 98 99, on right: 79
constante_logica (92)
    on left: 100 101, on right: 98
constante_entera (93)
    on left: 102, on right: 99


State 0

    0 $accept: . programa $end

    TOK_MAIN  shift, and go to state 1

    programa  go to state 2


State 1

    1 programa: TOK_MAIN . '{' declaraciones funciones sentencias '}'
    2         | TOK_MAIN . '{' funciones sentencias '}'

    '{'  shift, and go to state 3


State 2

    0 $accept: programa . $end

    $end  shift, and go to state 4


State 3

    1 programa: TOK_MAIN '{' . declaraciones funciones sentencias '}'
    2         | TOK_MAIN '{' . funciones sentencias '}'

    TOK_HIDDEN    shift, and go to state 5
    TOK_SECRET    shift, and go to state 6
    TOK_EXPOSED   shift, and go to state 7
    TOK_UNIQUE    shift, and go to state 8
    TOK_FUNCTION  shift, and go to state 9

    TOK_CLASS    reduce using rule 14 (modificadores_acceso)
    TOK_INT      reduce using rule 14 (modificadores_acceso)
    TOK_BOOLEAN  reduce using rule 14 (modificadores_acceso)
    TOK_ARRAY    reduce using rule 14 (modificadores_acceso)
    '{'          reduce using rule 14 (modificadores_acceso)
    $default     reduce using rule 29 (funciones)

    declaraciones         go to state 10
    declaracion           go to state 11
    modificadores_acceso  go to state 12
    funciones             go to state 13
    funcion               go to state 14


State 4

    0 $accept: programa $end .

    $default  accept


State 5

    7 modificadores_acceso: TOK_HIDDEN . TOK_UNIQUE
   10                     | TOK_HIDDEN .

    TOK_UNIQUE  shift, and go to state 15

    $default  reduce using rule 10 (modificadores_acceso)


State 6

    8 modificadores_acceso: TOK_SECRET . TOK_UNIQUE
   11                     | TOK_SECRET .

    TOK_UNIQUE  shift, and go to state 16

    $default  reduce using rule 11 (modificadores_acceso)


State 7

    9 modificadores_acceso: TOK_EXPOSED . TOK_UNIQUE
   12                     | TOK_EXPOSED .

    TOK_UNIQUE  shift, and go to state 17

    $default  reduce using rule 12 (modificadores_acceso)


State 8

   13 modificadores_acceso: TOK_UNIQUE .

    $default  reduce using rule 13 (modificadores_acceso)


State 9

   30 funcion: TOK_FUNCTION . modificadores_acceso tipo_retorno TOK_IDENTIFICADOR '(' parametros_funcion ')' '{' declaraciones_funcion sentencias '}'

    TOK_HIDDEN   shift, and go to state 5
    TOK_SECRET   shift, and go to state 6
    TOK_EXPOSED  shift, and go to state 7
    TOK_UNIQUE   shift, and go to state 8

    $default  reduce using rule 14 (modificadores_acceso)

    modificadores_acceso  go to state 18


State 10

    1 programa: TOK_MAIN '{' declaraciones . funciones sentencias '}'

    TOK_FUNCTION  shift, and go to state 9

    $default  reduce using rule 29 (funciones)

    funciones  go to state 19
    funcion    go to state 14


State 11

    3 declaraciones: declaracion .
    4              | declaracion . declaraciones

    TOK_HIDDEN   shift, and go to state 5
    TOK_SECRET   shift, and go to state 6
    TOK_EXPOSED  shift, and go to state 7
    TOK_UNIQUE   shift, and go to state 8

    TOK_CLASS    reduce using rule 14 (modificadores_acceso)
    TOK_INT      reduce using rule 14 (modificadores_acceso)
    TOK_BOOLEAN  reduce using rule 14 (modificadores_acceso)
    TOK_ARRAY    reduce using rule 14 (modificadores_acceso)
    '{'          reduce using rule 14 (modificadores_acceso)
    $default     reduce using rule 3 (declaraciones)

    declaraciones         go to state 20
    declaracion           go to state 11
    modificadores_acceso  go to state 12


State 12

    5 declaracion: modificadores_acceso . clase identificadores ';'
    6            | modificadores_acceso . declaracion_clase ';'

    TOK_INT      shift, and go to state 21
    TOK_BOOLEAN  shift, and go to state 22
    TOK_ARRAY    shift, and go to state 23
    '{'          shift, and go to state 24

    $default  reduce using rule 20 (modificadores_clase)

    clase                go to state 25
    declaracion_clase    go to state 26
    modificadores_clase  go to state 27
    clase_escalar        go to state 28
    tipo                 go to state 29
    clase_objeto         go to state 30
    clase_vector         go to state 31


State 13

    2 programa: TOK_MAIN '{' funciones . sentencias '}'

    TOK_DISCARD        shift, and go to state 32
    TOK_ITSELF         shift, and go to state 33
    TOK_RETURN         shift, and go to state 34
    TOK_IF             shift, and go to state 35
    TOK_WHILE          shift, and go to state 36
    TOK_SCANF          shift, and go to state 37
    TOK_PRINTF         shift, and go to state 38
    TOK_IDENTIFICADOR  shift, and go to state 39

    sentencias           go to state 40
    sentencia            go to state 41
    sentencia_simple     go to state 42
    destruir_objeto      go to state 43
    bloque               go to state 44
    asignacion           go to state 45
    elemento_vector      go to state 46
    condicional          go to state 47
    bucle                go to state 48
    lectura              go to state 49
    escritura            go to state 50
    retorno_funcion      go to state 51
    identificador_clase  go to state 52


State 14

   28 funciones: funcion . funciones

    TOK_FUNCTION  shift, and go to state 9

    $default  reduce using rule 29 (funciones)

    funciones  go to state 53
    funcion    go to state 14


State 15

    7 modificadores_acceso: TOK_HIDDEN TOK_UNIQUE .

    $default  reduce using rule 7 (modificadores_acceso)


State 16

    8 modificadores_acceso: TOK_SECRET TOK_UNIQUE .

    $default  reduce using rule 8 (modificadores_acceso)


State 17

    9 modificadores_acceso: TOK_EXPOSED TOK_UNIQUE .

    $default  reduce using rule 9 (modificadores_acceso)


State 18

   30 funcion: TOK_FUNCTION modificadores_acceso . tipo_retorno TOK_IDENTIFICADOR '(' parametros_funcion ')' '{' declaraciones_funcion sentencias '}'

    TOK_NONE     shift, and go to state 54
    TOK_INT      shift, and go to state 21
    TOK_BOOLEAN  shift, and go to state 22
    '{'          shift, and go to state 24

    tipo          go to state 55
    clase_objeto  go to state 56
    tipo_retorno  go to state 57


State 19

    1 programa: TOK_MAIN '{' declaraciones funciones . sentencias '}'

    TOK_DISCARD        shift, and go to state 32
    TOK_ITSELF         shift, and go to state 33
    TOK_RETURN         shift, and go to state 34
    TOK_IF             shift, and go to state 35
    TOK_WHILE          shift, and go to state 36
    TOK_SCANF          shift, and go to state 37
    TOK_PRINTF         shift, and go to state 38
    TOK_IDENTIFICADOR  shift, and go to state 39

    sentencias           go to state 58
    sentencia            go to state 41
    sentencia_simple     go to state 42
    destruir_objeto      go to state 43
    bloque               go to state 44
    asignacion           go to state 45
    elemento_vector      go to state 46
    condicional          go to state 47
    bucle                go to state 48
    lectura              go to state 49
    escritura            go to state 50
    retorno_funcion      go to state 51
    identificador_clase  go to state 52


State 20

    4 declaraciones: declaracion declaraciones .

    $default  reduce using rule 4 (declaraciones)


State 21

   22 tipo: TOK_INT .

    $default  reduce using rule 22 (tipo)


State 22

   23 tipo: TOK_BOOLEAN .

    $default  reduce using rule 23 (tipo)


State 23

   25 clase_vector: TOK_ARRAY . tipo '[' TOK_CONSTANTE_ENTERA ']'

    TOK_INT      shift, and go to state 21
    TOK_BOOLEAN  shift, and go to state 22

    tipo  go to state 59


State 24

   24 clase_objeto: '{' . TOK_IDENTIFICADOR '}'

    TOK_IDENTIFICADOR  shift, and go to state 60


State 25

    5 declaracion: modificadores_acceso clase . identificadores ';'

    TOK_IDENTIFICADOR  shift, and go to state 61

    identificadores  go to state 62


State 26

    6 declaracion: modificadores_acceso declaracion_clase . ';'

    ';'  shift, and go to state 63


State 27

   18 declaracion_clase: modificadores_clase . TOK_CLASS TOK_IDENTIFICADOR TOK_INHERITS identificadores '{' declaraciones funciones '}'
   19                  | modificadores_clase . TOK_CLASS TOK_IDENTIFICADOR '{' declaraciones funciones '}'

    TOK_CLASS  shift, and go to state 64


State 28

   15 clase: clase_escalar .

    $default  reduce using rule 15 (clase)


State 29

   21 clase_escalar: tipo .

    $default  reduce using rule 21 (clase_escalar)


State 30

   17 clase: clase_objeto .

    $default  reduce using rule 17 (clase)


State 31

   16 clase: clase_vector .

    $default  reduce using rule 16 (clase)


State 32

   53 destruir_objeto: TOK_DISCARD . TOK_IDENTIFICADOR

    TOK_IDENTIFICADOR  shift, and go to state 65


State 33

   87 identificador_clase: TOK_ITSELF .

    $default  reduce using rule 87 (identificador_clase)


State 34

   68 retorno_funcion: TOK_RETURN . exp
   69                | TOK_RETURN . TOK_NONE

    TOK_NONE              shift, and go to state 66
    TOK_ITSELF            shift, and go to state 33
    TOK_IDENTIFICADOR     shift, and go to state 67
    TOK_CONSTANTE_ENTERA  shift, and go to state 68
    TOK_FALSE             shift, and go to state 69
    TOK_TRUE              shift, and go to state 70
    '-'                   shift, and go to state 71
    '!'                   shift, and go to state 72
    '('                   shift, and go to state 73

    elemento_vector      go to state 74
    exp                  go to state 75
    identificador_clase  go to state 76
    constante            go to state 77
    constante_logica     go to state 78
    constante_entera     go to state 79


State 35

   62 condicional: TOK_IF . '(' exp ')' '{' sentencias '}'
   63            | TOK_IF . '(' exp ')' '{' sentencias '}' TOK_ELSE '{' sentencias '}'

    '('  shift, and go to state 80


State 36

   64 bucle: TOK_WHILE . '(' exp ')' '{' sentencias '}'

    '('  shift, and go to state 81


State 37

   65 lectura: TOK_SCANF . TOK_IDENTIFICADOR
   66        | TOK_SCANF . elemento_vector

    TOK_IDENTIFICADOR  shift, and go to state 82

    elemento_vector  go to state 83


State 38

   67 escritura: TOK_PRINTF . exp

    TOK_ITSELF            shift, and go to state 33
    TOK_IDENTIFICADOR     shift, and go to state 67
    TOK_CONSTANTE_ENTERA  shift, and go to state 68
    TOK_FALSE             shift, and go to state 69
    TOK_TRUE              shift, and go to state 70
    '-'                   shift, and go to state 71
    '!'                   shift, and go to state 72
    '('                   shift, and go to state 73

    elemento_vector      go to state 74
    exp                  go to state 84
    identificador_clase  go to state 76
    constante            go to state 77
    constante_logica     go to state 78
    constante_entera     go to state 79


State 39

   51 sentencia_simple: TOK_IDENTIFICADOR . '(' lista_expresiones ')'
   56 asignacion: TOK_IDENTIFICADOR . '=' exp
   59           | TOK_IDENTIFICADOR . '=' TOK_INSTANCE_OF TOK_IDENTIFICADOR '(' lista_expresiones ')'
   61 elemento_vector: TOK_IDENTIFICADOR . '[' exp ']'
   86 identificador_clase: TOK_IDENTIFICADOR .

    '['  shift, and go to state 85
    '('  shift, and go to state 86
    '='  shift, and go to state 87

    $default  reduce using rule 86 (identificador_clase)


State 40

    2 programa: TOK_MAIN '{' funciones sentencias . '}'

    '}'  shift, and go to state 88


State 41

   42 sentencias: sentencia .
   43           | sentencia . sentencias

    TOK_DISCARD        shift, and go to state 32
    TOK_ITSELF         shift, and go to state 33
    TOK_RETURN         shift, and go to state 34
    TOK_IF             shift, and go to state 35
    TOK_WHILE          shift, and go to state 36
    TOK_SCANF          shift, and go to state 37
    TOK_PRINTF         shift, and go to state 38
    TOK_IDENTIFICADOR  shift, and go to state 39

    $default  reduce using rule 42 (sentencias)

    sentencias           go to state 89
    sentencia            go to state 41
    sentencia_simple     go to state 42
    destruir_objeto      go to state 43
    bloque               go to state 44
    asignacion           go to state 45
    elemento_vector      go to state 46
    condicional          go to state 47
    bucle                go to state 48
    lectura              go to state 49
    escritura            go to state 50
    retorno_funcion      go to state 51
    identificador_clase  go to state 52


State 42

   44 sentencia: sentencia_simple . ';'

    ';'  shift, and go to state 90


State 43

   52 sentencia_simple: destruir_objeto .

    $default  reduce using rule 52 (sentencia_simple)


State 44

   45 sentencia: bloque .

    $default  reduce using rule 45 (sentencia)


State 45

   46 sentencia_simple: asignacion .

    $default  reduce using rule 46 (sentencia_simple)


State 46

   57 asignacion: elemento_vector . '=' exp
   58           | elemento_vector . '=' TOK_INSTANCE_OF TOK_IDENTIFICADOR '(' lista_expresiones ')'

    '='  shift, and go to state 91


State 47

   54 bloque: condicional .

    $default  reduce using rule 54 (bloque)


State 48

   55 bloque: bucle .

    $default  reduce using rule 55 (bloque)


State 49

   48 sentencia_simple: lectura .

    $default  reduce using rule 48 (sentencia_simple)


State 50

   47 sentencia_simple: escritura .

    $default  reduce using rule 47 (sentencia_simple)


State 51

   49 sentencia_simple: retorno_funcion .

    $default  reduce using rule 49 (sentencia_simple)


State 52

   50 sentencia_simple: identificador_clase . '.' TOK_IDENTIFICADOR '(' lista_expresiones ')'
   60 asignacion: identificador_clase . '.' TOK_IDENTIFICADOR '=' exp

    '.'  shift, and go to state 92


State 53

   28 funciones: funcion funciones .

    $default  reduce using rule 28 (funciones)


State 54

   31 tipo_retorno: TOK_NONE .

    $default  reduce using rule 31 (tipo_retorno)


State 55

   32 tipo_retorno: tipo .

    $default  reduce using rule 32 (tipo_retorno)


State 56

   33 tipo_retorno: clase_objeto .

    $default  reduce using rule 33 (tipo_retorno)


State 57

   30 funcion: TOK_FUNCTION modificadores_acceso tipo_retorno . TOK_IDENTIFICADOR '(' parametros_funcion ')' '{' declaraciones_funcion sentencias '}'

    TOK_IDENTIFICADOR  shift, and go to state 93


State 58

    1 programa: TOK_MAIN '{' declaraciones funciones sentencias . '}'

    '}'  shift, and go to state 94


State 59

   25 clase_vector: TOK_ARRAY tipo . '[' TOK_CONSTANTE_ENTERA ']'

    '['  shift, and go to state 95


State 60

   24 clase_objeto: '{' TOK_IDENTIFICADOR . '}'

    '}'  shift, and go to state 96


State 61

   26 identificadores: TOK_IDENTIFICADOR .
   27                | TOK_IDENTIFICADOR . ',' identificadores

    ','  shift, and go to state 97

    $default  reduce using rule 26 (identificadores)


State 62

    5 declaracion: modificadores_acceso clase identificadores . ';'

    ';'  shift, and go to state 98


State 63

    6 declaracion: modificadores_acceso declaracion_clase ';' .

    $default  reduce using rule 6 (declaracion)


State 64

   18 declaracion_clase: modificadores_clase TOK_CLASS . TOK_IDENTIFICADOR TOK_INHERITS identificadores '{' declaraciones funciones '}'
   19                  | modificadores_clase TOK_CLASS . TOK_IDENTIFICADOR '{' declaraciones funciones '}'

    TOK_IDENTIFICADOR  shift, and go to state 99


State 65

   53 destruir_objeto: TOK_DISCARD TOK_IDENTIFICADOR .

    $default  reduce using rule 53 (destruir_objeto)


State 66

   69 retorno_funcion: TOK_RETURN TOK_NONE .

    $default  reduce using rule 69 (retorno_funcion)


State 67

   61 elemento_vector: TOK_IDENTIFICADOR . '[' exp ']'
   78 exp: TOK_IDENTIFICADOR .
   83    | TOK_IDENTIFICADOR . '(' lista_expresiones ')'
   86 identificador_clase: TOK_IDENTIFICADOR .

    '['  shift, and go to state 85
    '('  shift, and go to state 100

    '.'       reduce using rule 86 (identificador_clase)
    $default  reduce using rule 78 (exp)


State 68

  102 constante_entera: TOK_CONSTANTE_ENTERA .

    $default  reduce using rule 102 (constante_entera)


State 69

  101 constante_logica: TOK_FALSE .

    $default  reduce using rule 101 (constante_logica)


State 70

  100 constante_logica: TOK_TRUE .

    $default  reduce using rule 100 (constante_logica)


State 71

   74 exp: '-' . exp

    TOK_ITSELF            shift, and go to state 33
    TOK_IDENTIFICADOR     shift, and go to state 67
    TOK_CONSTANTE_ENTERA  shift, and go to state 68
    TOK_FALSE             shift, and go to state 69
    TOK_TRUE              shift, and go to state 70
    '-'                   shift, and go to state 71
    '!'                   shift, and go to state 72
    '('                   shift, and go to state 73

    elemento_vector      go to state 74
    exp                  go to state 101
    identificador_clase  go to state 76
    constante            go to state 77
    constante_logica     go to state 78
    constante_entera     go to state 79


State 72

   77 exp: '!' . exp

    TOK_ITSELF            shift, and go to state 33
    TOK_IDENTIFICADOR     shift, and go to state 67
    TOK_CONSTANTE_ENTERA  shift, and go to state 68
    TOK_FALSE             shift, and go to state 69
    TOK_TRUE              shift, and go to state 70
    '-'                   shift, and go to state 71
    '!'                   shift, and go to state 72
    '('                   shift, and go to state 73

    elemento_vector      go to state 74
    exp                  go to state 102
    identificador_clase  go to state 76
    constante            go to state 77
    constante_logica     go to state 78
    constante_entera     go to state 79


State 73

   80 exp: '(' . exp ')'
   81    | '(' . comparacion ')'

    TOK_ITSELF            shift, and go to state 33
    TOK_IDENTIFICADOR     shift, and go to state 67
    TOK_CONSTANTE_ENTERA  shift, and go to state 68
    TOK_FALSE             shift, and go to state 69
    TOK_TRUE              shift, and go to state 70
    '-'                   shift, and go to state 71
    '!'                   shift, and go to state 72
    '('                   shift, and go to state 73

    elemento_vector      go to state 74
    exp                  go to state 103
    identificador_clase  go to state 76
    comparacion          go to state 104
    constante            go to state 77
    constante_logica     go to state 78
    constante_entera     go to state 79


State 74

   82 exp: elemento_vector .

    $default  reduce using rule 82 (exp)


State 75

   68 retorno_funcion: TOK_RETURN exp .
   70 exp: exp . '+' exp
   71    | exp . '-' exp
   72    | exp . '/' exp
   73    | exp . '*' exp
   75    | exp . TOK_AND exp
   76    | exp . TOK_OR exp

    TOK_OR   shift, and go to state 105
    TOK_AND  shift, and go to state 106
    '+'      shift, and go to state 107
    '-'      shift, and go to state 108
    '*'      shift, and go to state 109
    '/'      shift, and go to state 110

    $default  reduce using rule 68 (retorno_funcion)


State 76

   84 exp: identificador_clase . '.' TOK_IDENTIFICADOR '(' lista_expresiones ')'
   85    | identificador_clase . '.' TOK_IDENTIFICADOR

    '.'  shift, and go to state 111


State 77

   79 exp: constante .

    $default  reduce using rule 79 (exp)


State 78

   98 constante: constante_logica .

    $default  reduce using rule 98 (constante)


State 79

   99 constante: constante_entera .

    $default  reduce using rule 99 (constante)


State 80

   62 condicional: TOK_IF '(' . exp ')' '{' sentencias '}'
   63            | TOK_IF '(' . exp ')' '{' sentencias '}' TOK_ELSE '{' sentencias '}'

    TOK_ITSELF            shift, and go to state 33
    TOK_IDENTIFICADOR     shift, and go to state 67
    TOK_CONSTANTE_ENTERA  shift, and go to state 68
    TOK_FALSE             shift, and go to state 69
    TOK_TRUE              shift, and go to state 70
    '-'                   shift, and go to state 71
    '!'                   shift, and go to state 72
    '('                   shift, and go to state 73

    elemento_vector      go to state 74
    exp                  go to state 112
    identificador_clase  go to state 76
    constante            go to state 77
    constante_logica     go to state 78
    constante_entera     go to state 79


State 81

   64 bucle: TOK_WHILE '(' . exp ')' '{' sentencias '}'

    TOK_ITSELF            shift, and go to state 33
    TOK_IDENTIFICADOR     shift, and go to state 67
    TOK_CONSTANTE_ENTERA  shift, and go to state 68
    TOK_FALSE             shift, and go to state 69
    TOK_TRUE              shift, and go to state 70
    '-'                   shift, and go to state 71
    '!'                   shift, and go to state 72
    '('                   shift, and go to state 73

    elemento_vector      go to state 74
    exp                  go to state 113
    identificador_clase  go to state 76
    constante            go to state 77
    constante_logica     go to state 78
    constante_entera     go to state 79


State 82

   61 elemento_vector: TOK_IDENTIFICADOR . '[' exp ']'
   65 lectura: TOK_SCANF TOK_IDENTIFICADOR .

    '['  shift, and go to state 85

    $default  reduce using rule 65 (lectura)


State 83

   66 lectura: TOK_SCANF elemento_vector .

    $default  reduce using rule 66 (lectura)


State 84

   67 escritura: TOK_PRINTF exp .
   70 exp: exp . '+' exp
   71    | exp . '-' exp
   72    | exp . '/' exp
   73    | exp . '*' exp
   75    | exp . TOK_AND exp
   76    | exp . TOK_OR exp

    TOK_OR   shift, and go to state 105
    TOK_AND  shift, and go to state 106
    '+'      shift, and go to state 107
    '-'      shift, and go to state 108
    '*'      shift, and go to state 109
    '/'      shift, and go to state 110

    $default  reduce using rule 67 (escritura)


State 85

   61 elemento_vector: TOK_IDENTIFICADOR '[' . exp ']'

    TOK_ITSELF            shift, and go to state 33
    TOK_IDENTIFICADOR     shift, and go to state 67
    TOK_CONSTANTE_ENTERA  shift, and go to state 68
    TOK_FALSE             shift, and go to state 69
    TOK_TRUE              shift, and go to state 70
    '-'                   shift, and go to state 71
    '!'                   shift, and go to state 72
    '('                   shift, and go to state 73

    elemento_vector      go to state 74
    exp                  go to state 114
    identificador_clase  go to state 76
    constante            go to state 77
    constante_logica     go to state 78
    constante_entera     go to state 79


State 86

   51 sentencia_simple: TOK_IDENTIFICADOR '(' . lista_expresiones ')'

    TOK_ITSELF            shift, and go to state 33
    TOK_IDENTIFICADOR     shift, and go to state 67
    TOK_CONSTANTE_ENTERA  shift, and go to state 68
    TOK_FALSE             shift, and go to state 69
    TOK_TRUE              shift, and go to state 70
    '-'                   shift, and go to state 71
    '!'                   shift, and go to state 72
    '('                   shift, and go to state 73

    $default  reduce using rule 89 (lista_expresiones)

    elemento_vector      go to state 74
    exp                  go to state 115
    identificador_clase  go to state 76
    lista_expresiones    go to state 116
    constante            go to state 77
    constante_logica     go to state 78
    constante_entera     go to state 79


State 87

   56 asignacion: TOK_IDENTIFICADOR '=' . exp
   59           | TOK_IDENTIFICADOR '=' . TOK_INSTANCE_OF TOK_IDENTIFICADOR '(' lista_expresiones ')'

    TOK_INSTANCE_OF       shift, and go to state 117
    TOK_ITSELF            shift, and go to state 33
    TOK_IDENTIFICADOR     shift, and go to state 67
    TOK_CONSTANTE_ENTERA  shift, and go to state 68
    TOK_FALSE             shift, and go to state 69
    TOK_TRUE              shift, and go to state 70
    '-'                   shift, and go to state 71
    '!'                   shift, and go to state 72
    '('                   shift, and go to state 73

    elemento_vector      go to state 74
    exp                  go to state 118
    identificador_clase  go to state 76
    constante            go to state 77
    constante_logica     go to state 78
    constante_entera     go to state 79


State 88

    2 programa: TOK_MAIN '{' funciones sentencias '}' .

    $default  reduce using rule 2 (programa)


State 89

   43 sentencias: sentencia sentencias .

    $default  reduce using rule 43 (sentencias)


State 90

   44 sentencia: sentencia_simple ';' .

    $default  reduce using rule 44 (sentencia)


State 91

   57 asignacion: elemento_vector '=' . exp
   58           | elemento_vector '=' . TOK_INSTANCE_OF TOK_IDENTIFICADOR '(' lista_expresiones ')'

    TOK_INSTANCE_OF       shift, and go to state 119
    TOK_ITSELF            shift, and go to state 33
    TOK_IDENTIFICADOR     shift, and go to state 67
    TOK_CONSTANTE_ENTERA  shift, and go to state 68
    TOK_FALSE             shift, and go to state 69
    TOK_TRUE              shift, and go to state 70
    '-'                   shift, and go to state 71
    '!'                   shift, and go to state 72
    '('                   shift, and go to state 73

    elemento_vector      go to state 74
    exp                  go to state 120
    identificador_clase  go to state 76
    constante            go to state 77
    constante_logica     go to state 78
    constante_entera     go to state 79


State 92

   50 sentencia_simple: identificador_clase '.' . TOK_IDENTIFICADOR '(' lista_expresiones ')'
   60 asignacion: identificador_clase '.' . TOK_IDENTIFICADOR '=' exp

    TOK_IDENTIFICADOR  shift, and go to state 121


State 93

   30 funcion: TOK_FUNCTION modificadores_acceso tipo_retorno TOK_IDENTIFICADOR . '(' parametros_funcion ')' '{' declaraciones_funcion sentencias '}'

    '('  shift, and go to state 122


State 94

    1 programa: TOK_MAIN '{' declaraciones funciones sentencias '}' .

    $default  reduce using rule 1 (programa)


State 95

   25 clase_vector: TOK_ARRAY tipo '[' . TOK_CONSTANTE_ENTERA ']'

    TOK_CONSTANTE_ENTERA  shift, and go to state 123


State 96

   24 clase_objeto: '{' TOK_IDENTIFICADOR '}' .

    $default  reduce using rule 24 (clase_objeto)


State 97

   27 identificadores: TOK_IDENTIFICADOR ',' . identificadores

    TOK_IDENTIFICADOR  shift, and go to state 61

    identificadores  go to state 124


State 98

    5 declaracion: modificadores_acceso clase identificadores ';' .

    $default  reduce using rule 5 (declaracion)


State 99

   18 declaracion_clase: modificadores_clase TOK_CLASS TOK_IDENTIFICADOR . TOK_INHERITS identificadores '{' declaraciones funciones '}'
   19                  | modificadores_clase TOK_CLASS TOK_IDENTIFICADOR . '{' declaraciones funciones '}'

    TOK_INHERITS  shift, and go to state 125
    '{'           shift, and go to state 126


State 100

   83 exp: TOK_IDENTIFICADOR '(' . lista_expresiones ')'

    TOK_ITSELF            shift, and go to state 33
    TOK_IDENTIFICADOR     shift, and go to state 67
    TOK_CONSTANTE_ENTERA  shift, and go to state 68
    TOK_FALSE             shift, and go to state 69
    TOK_TRUE              shift, and go to state 70
    '-'                   shift, and go to state 71
    '!'                   shift, and go to state 72
    '('                   shift, and go to state 73

    $default  reduce using rule 89 (lista_expresiones)

    elemento_vector      go to state 74
    exp                  go to state 115
    identificador_clase  go to state 76
    lista_expresiones    go to state 127
    constante            go to state 77
    constante_logica     go to state 78
    constante_entera     go to state 79


State 101

   70 exp: exp . '+' exp
   71    | exp . '-' exp
   72    | exp . '/' exp
   73    | exp . '*' exp
   74    | '-' exp .
   75    | exp . TOK_AND exp
   76    | exp . TOK_OR exp

    $default  reduce using rule 74 (exp)


State 102

   70 exp: exp . '+' exp
   71    | exp . '-' exp
   72    | exp . '/' exp
   73    | exp . '*' exp
   75    | exp . TOK_AND exp
   76    | exp . TOK_OR exp
   77    | '!' exp .

    $default  reduce using rule 77 (exp)


State 103

   70 exp: exp . '+' exp
   71    | exp . '-' exp
   72    | exp . '/' exp
   73    | exp . '*' exp
   75    | exp . TOK_AND exp
   76    | exp . TOK_OR exp
   80    | '(' exp . ')'
   92 comparacion: exp . TOK_IGUAL exp
   93            | exp . TOK_DISTINTO exp
   94            | exp . TOK_MENORIGUAL exp
   95            | exp . TOK_MAYORIGUAL exp
   96            | exp . '<' exp
   97            | exp . '>' exp

    TOK_IGUAL       shift, and go to state 128
    TOK_DISTINTO    shift, and go to state 129
    TOK_MENORIGUAL  shift, and go to state 130
    TOK_MAYORIGUAL  shift, and go to state 131
    TOK_OR          shift, and go to state 105
    TOK_AND         shift, and go to state 106
    '+'             shift, and go to state 107
    '-'             shift, and go to state 108
    '*'             shift, and go to state 109
    '/'             shift, and go to state 110
    ')'             shift, and go to state 132
    '<'             shift, and go to state 133
    '>'             shift, and go to state 134


State 104

   81 exp: '(' comparacion . ')'

    ')'  shift, and go to state 135


State 105

   76 exp: exp TOK_OR . exp

    TOK_ITSELF            shift, and go to state 33
    TOK_IDENTIFICADOR     shift, and go to state 67
    TOK_CONSTANTE_ENTERA  shift, and go to state 68
    TOK_FALSE             shift, and go to state 69
    TOK_TRUE              shift, and go to state 70
    '-'                   shift, and go to state 71
    '!'                   shift, and go to state 72
    '('                   shift, and go to state 73

    elemento_vector      go to state 74
    exp                  go to state 136
    identificador_clase  go to state 76
    constante            go to state 77
    constante_logica     go to state 78
    constante_entera     go to state 79


State 106

   75 exp: exp TOK_AND . exp

    TOK_ITSELF            shift, and go to state 33
    TOK_IDENTIFICADOR     shift, and go to state 67
    TOK_CONSTANTE_ENTERA  shift, and go to state 68
    TOK_FALSE             shift, and go to state 69
    TOK_TRUE              shift, and go to state 70
    '-'                   shift, and go to state 71
    '!'                   shift, and go to state 72
    '('                   shift, and go to state 73

    elemento_vector      go to state 74
    exp                  go to state 137
    identificador_clase  go to state 76
    constante            go to state 77
    constante_logica     go to state 78
    constante_entera     go to state 79


State 107

   70 exp: exp '+' . exp

    TOK_ITSELF            shift, and go to state 33
    TOK_IDENTIFICADOR     shift, and go to state 67
    TOK_CONSTANTE_ENTERA  shift, and go to state 68
    TOK_FALSE             shift, and go to state 69
    TOK_TRUE              shift, and go to state 70
    '-'                   shift, and go to state 71
    '!'                   shift, and go to state 72
    '('                   shift, and go to state 73

    elemento_vector      go to state 74
    exp                  go to state 138
    identificador_clase  go to state 76
    constante            go to state 77
    constante_logica     go to state 78
    constante_entera     go to state 79


State 108

   71 exp: exp '-' . exp

    TOK_ITSELF            shift, and go to state 33
    TOK_IDENTIFICADOR     shift, and go to state 67
    TOK_CONSTANTE_ENTERA  shift, and go to state 68
    TOK_FALSE             shift, and go to state 69
    TOK_TRUE              shift, and go to state 70
    '-'                   shift, and go to state 71
    '!'                   shift, and go to state 72
    '('                   shift, and go to state 73

    elemento_vector      go to state 74
    exp                  go to state 139
    identificador_clase  go to state 76
    constante            go to state 77
    constante_logica     go to state 78
    constante_entera     go to state 79


State 109

   73 exp: exp '*' . exp

    TOK_ITSELF            shift, and go to state 33
    TOK_IDENTIFICADOR     shift, and go to state 67
    TOK_CONSTANTE_ENTERA  shift, and go to state 68
    TOK_FALSE             shift, and go to state 69
    TOK_TRUE              shift, and go to state 70
    '-'                   shift, and go to state 71
    '!'                   shift, and go to state 72
    '('                   shift, and go to state 73

    elemento_vector      go to state 74
    exp                  go to state 140
    identificador_clase  go to state 76
    constante            go to state 77
    constante_logica     go to state 78
    constante_entera     go to state 79


State 110

   72 exp: exp '/' . exp

    TOK_ITSELF            shift, and go to state 33
    TOK_IDENTIFICADOR     shift, and go to state 67
    TOK_CONSTANTE_ENTERA  shift, and go to state 68
    TOK_FALSE             shift, and go to state 69
    TOK_TRUE              shift, and go to state 70
    '-'                   shift, and go to state 71
    '!'                   shift, and go to state 72
    '('                   shift, and go to state 73

    elemento_vector      go to state 74
    exp                  go to state 141
    identificador_clase  go to state 76
    constante            go to state 77
    constante_logica     go to state 78
    constante_entera     go to state 79


State 111

   84 exp: identificador_clase '.' . TOK_IDENTIFICADOR '(' lista_expresiones ')'
   85    | identificador_clase '.' . TOK_IDENTIFICADOR

    TOK_IDENTIFICADOR  shift, and go to state 142


State 112

   62 condicional: TOK_IF '(' exp . ')' '{' sentencias '}'
   63            | TOK_IF '(' exp . ')' '{' sentencias '}' TOK_ELSE '{' sentencias '}'
   70 exp: exp . '+' exp
   71    | exp . '-' exp
   72    | exp . '/' exp
   73    | exp . '*' exp
   75    | exp . TOK_AND exp
   76    | exp . TOK_OR exp

    TOK_OR   shift, and go to state 105
    TOK_AND  shift, and go to state 106
    '+'      shift, and go to state 107
    '-'      shift, and go to state 108
    '*'      shift, and go to state 109
    '/'      shift, and go to state 110
    ')'      shift, and go to state 143


State 113

   64 bucle: TOK_WHILE '(' exp . ')' '{' sentencias '}'
   70 exp: exp . '+' exp
   71    | exp . '-' exp
   72    | exp . '/' exp
   73    | exp . '*' exp
   75    | exp . TOK_AND exp
   76    | exp . TOK_OR exp

    TOK_OR   shift, and go to state 105
    TOK_AND  shift, and go to state 106
    '+'      shift, and go to state 107
    '-'      shift, and go to state 108
    '*'      shift, and go to state 109
    '/'      shift, and go to state 110
    ')'      shift, and go to state 144


State 114

   61 elemento_vector: TOK_IDENTIFICADOR '[' exp . ']'
   70 exp: exp . '+' exp
   71    | exp . '-' exp
   72    | exp . '/' exp
   73    | exp . '*' exp
   75    | exp . TOK_AND exp
   76    | exp . TOK_OR exp

    TOK_OR   shift, and go to state 105
    TOK_AND  shift, and go to state 106
    '+'      shift, and go to state 107
    '-'      shift, and go to state 108
    '*'      shift, and go to state 109
    '/'      shift, and go to state 110
    ']'      shift, and go to state 145


State 115

   70 exp: exp . '+' exp
   71    | exp . '-' exp
   72    | exp . '/' exp
   73    | exp . '*' exp
   75    | exp . TOK_AND exp
   76    | exp . TOK_OR exp
   88 lista_expresiones: exp . resto_lista_expresiones

    TOK_OR   shift, and go to state 105
    TOK_AND  shift, and go to state 106
    '+'      shift, and go to state 107
    '-'      shift, and go to state 108
    '*'      shift, and go to state 109
    '/'      shift, and go to state 110
    ','      shift, and go to state 146

    $default  reduce using rule 91 (resto_lista_expresiones)

    resto_lista_expresiones  go to state 147


State 116

   51 sentencia_simple: TOK_IDENTIFICADOR '(' lista_expresiones . ')'

    ')'  shift, and go to state 148


State 117

   59 asignacion: TOK_IDENTIFICADOR '=' TOK_INSTANCE_OF . TOK_IDENTIFICADOR '(' lista_expresiones ')'

    TOK_IDENTIFICADOR  shift, and go to state 149


State 118

   56 asignacion: TOK_IDENTIFICADOR '=' exp .
   70 exp: exp . '+' exp
   71    | exp . '-' exp
   72    | exp . '/' exp
   73    | exp . '*' exp
   75    | exp . TOK_AND exp
   76    | exp . TOK_OR exp

    TOK_OR   shift, and go to state 105
    TOK_AND  shift, and go to state 106
    '+'      shift, and go to state 107
    '-'      shift, and go to state 108
    '*'      shift, and go to state 109
    '/'      shift, and go to state 110

    $default  reduce using rule 56 (asignacion)


State 119

   58 asignacion: elemento_vector '=' TOK_INSTANCE_OF . TOK_IDENTIFICADOR '(' lista_expresiones ')'

    TOK_IDENTIFICADOR  shift, and go to state 150


State 120

   57 asignacion: elemento_vector '=' exp .
   70 exp: exp . '+' exp
   71    | exp . '-' exp
   72    | exp . '/' exp
   73    | exp . '*' exp
   75    | exp . TOK_AND exp
   76    | exp . TOK_OR exp

    TOK_OR   shift, and go to state 105
    TOK_AND  shift, and go to state 106
    '+'      shift, and go to state 107
    '-'      shift, and go to state 108
    '*'      shift, and go to state 109
    '/'      shift, and go to state 110

    $default  reduce using rule 57 (asignacion)


State 121

   50 sentencia_simple: identificador_clase '.' TOK_IDENTIFICADOR . '(' lista_expresiones ')'
   60 asignacion: identificador_clase '.' TOK_IDENTIFICADOR . '=' exp

    '('  shift, and go to state 151
    '='  shift, and go to state 152


State 122

   30 funcion: TOK_FUNCTION modificadores_acceso tipo_retorno TOK_IDENTIFICADOR '(' . parametros_funcion ')' '{' declaraciones_funcion sentencias '}'

    TOK_INT      shift, and go to state 21
    TOK_BOOLEAN  shift, and go to state 22
    '{'          shift, and go to state 24

    $default  reduce using rule 35 (parametros_funcion)

    tipo                go to state 153
    clase_objeto        go to state 154
    parametros_funcion  go to state 155
    parametro_funcion   go to state 156


State 123

   25 clase_vector: TOK_ARRAY tipo '[' TOK_CONSTANTE_ENTERA . ']'

    ']'  shift, and go to state 157


State 124

   27 identificadores: TOK_IDENTIFICADOR ',' identificadores .

    $default  reduce using rule 27 (identificadores)


State 125

   18 declaracion_clase: modificadores_clase TOK_CLASS TOK_IDENTIFICADOR TOK_INHERITS . identificadores '{' declaraciones funciones '}'

    TOK_IDENTIFICADOR  shift, and go to state 61

    identificadores  go to state 158


State 126

   19 declaracion_clase: modificadores_clase TOK_CLASS TOK_IDENTIFICADOR '{' . declaraciones funciones '}'

    TOK_HIDDEN   shift, and go to state 5
    TOK_SECRET   shift, and go to state 6
    TOK_EXPOSED  shift, and go to state 7
    TOK_UNIQUE   shift, and go to state 8

    $default  reduce using rule 14 (modificadores_acceso)

    declaraciones         go to state 159
    declaracion           go to state 11
    modificadores_acceso  go to state 12


State 127

   83 exp: TOK_IDENTIFICADOR '(' lista_expresiones . ')'

    ')'  shift, and go to state 160


State 128

   92 comparacion: exp TOK_IGUAL . exp

    TOK_ITSELF            shift, and go to state 33
    TOK_IDENTIFICADOR     shift, and go to state 67
    TOK_CONSTANTE_ENTERA  shift, and go to state 68
    TOK_FALSE             shift, and go to state 69
    TOK_TRUE              shift, and go to state 70
    '-'                   shift, and go to state 71
    '!'                   shift, and go to state 72
    '('                   shift, and go to state 73

    elemento_vector      go to state 74
    exp                  go to state 161
    identificador_clase  go to state 76
    constante            go to state 77
    constante_logica     go to state 78
    constante_entera     go to state 79


State 129

   93 comparacion: exp TOK_DISTINTO . exp

    TOK_ITSELF            shift, and go to state 33
    TOK_IDENTIFICADOR     shift, and go to state 67
    TOK_CONSTANTE_ENTERA  shift, and go to state 68
    TOK_FALSE             shift, and go to state 69
    TOK_TRUE              shift, and go to state 70
    '-'                   shift, and go to state 71
    '!'                   shift, and go to state 72
    '('                   shift, and go to state 73

    elemento_vector      go to state 74
    exp                  go to state 162
    identificador_clase  go to state 76
    constante            go to state 77
    constante_logica     go to state 78
    constante_entera     go to state 79


State 130

   94 comparacion: exp TOK_MENORIGUAL . exp

    TOK_ITSELF            shift, and go to state 33
    TOK_IDENTIFICADOR     shift, and go to state 67
    TOK_CONSTANTE_ENTERA  shift, and go to state 68
    TOK_FALSE             shift, and go to state 69
    TOK_TRUE              shift, and go to state 70
    '-'                   shift, and go to state 71
    '!'                   shift, and go to state 72
    '('                   shift, and go to state 73

    elemento_vector      go to state 74
    exp                  go to state 163
    identificador_clase  go to state 76
    constante            go to state 77
    constante_logica     go to state 78
    constante_entera     go to state 79


State 131

   95 comparacion: exp TOK_MAYORIGUAL . exp

    TOK_ITSELF            shift, and go to state 33
    TOK_IDENTIFICADOR     shift, and go to state 67
    TOK_CONSTANTE_ENTERA  shift, and go to state 68
    TOK_FALSE             shift, and go to state 69
    TOK_TRUE              shift, and go to state 70
    '-'                   shift, and go to state 71
    '!'                   shift, and go to state 72
    '('                   shift, and go to state 73

    elemento_vector      go to state 74
    exp                  go to state 164
    identificador_clase  go to state 76
    constante            go to state 77
    constante_logica     go to state 78
    constante_entera     go to state 79


State 132

   80 exp: '(' exp ')' .

    $default  reduce using rule 80 (exp)


State 133

   96 comparacion: exp '<' . exp

    TOK_ITSELF            shift, and go to state 33
    TOK_IDENTIFICADOR     shift, and go to state 67
    TOK_CONSTANTE_ENTERA  shift, and go to state 68
    TOK_FALSE             shift, and go to state 69
    TOK_TRUE              shift, and go to state 70
    '-'                   shift, and go to state 71
    '!'                   shift, and go to state 72
    '('                   shift, and go to state 73

    elemento_vector      go to state 74
    exp                  go to state 165
    identificador_clase  go to state 76
    constante            go to state 77
    constante_logica     go to state 78
    constante_entera     go to state 79


State 134

   97 comparacion: exp '>' . exp

    TOK_ITSELF            shift, and go to state 33
    TOK_IDENTIFICADOR     shift, and go to state 67
    TOK_CONSTANTE_ENTERA  shift, and go to state 68
    TOK_FALSE             shift, and go to state 69
    TOK_TRUE              shift, and go to state 70
    '-'                   shift, and go to state 71
    '!'                   shift, and go to state 72
    '('                   shift, and go to state 73

    elemento_vector      go to state 74
    exp                  go to state 166
    identificador_clase  go to state 76
    constante            go to state 77
    constante_logica     go to state 78
    constante_entera     go to state 79


State 135

   81 exp: '(' comparacion ')' .

    $default  reduce using rule 81 (exp)


State 136

   70 exp: exp . '+' exp
   71    | exp . '-' exp
   72    | exp . '/' exp
   73    | exp . '*' exp
   75    | exp . TOK_AND exp
   76    | exp . TOK_OR exp
   76    | exp TOK_OR exp .

    TOK_AND  shift, and go to state 106
    '*'      shift, and go to state 109
    '/'      shift, and go to state 110

    $default  reduce using rule 76 (exp)


State 137

   70 exp: exp . '+' exp
   71    | exp . '-' exp
   72    | exp . '/' exp
   73    | exp . '*' exp
   75    | exp . TOK_AND exp
   75    | exp TOK_AND exp .
   76    | exp . TOK_OR exp

    $default  reduce using rule 75 (exp)


State 138

   70 exp: exp . '+' exp
   70    | exp '+' exp .
   71    | exp . '-' exp
   72    | exp . '/' exp
   73    | exp . '*' exp
   75    | exp . TOK_AND exp
   76    | exp . TOK_OR exp

    TOK_AND  shift, and go to state 106
    '*'      shift, and go to state 109
    '/'      shift, and go to state 110

    $default  reduce using rule 70 (exp)


State 139

   70 exp: exp . '+' exp
   71    | exp . '-' exp
   71    | exp '-' exp .
   72    | exp . '/' exp
   73    | exp . '*' exp
   75    | exp . TOK_AND exp
   76    | exp . TOK_OR exp

    TOK_AND  shift, and go to state 106
    '*'      shift, and go to state 109
    '/'      shift, and go to state 110

    $default  reduce using rule 71 (exp)


State 140

   70 exp: exp . '+' exp
   71    | exp . '-' exp
   72    | exp . '/' exp
   73    | exp . '*' exp
   73    | exp '*' exp .
   75    | exp . TOK_AND exp
   76    | exp . TOK_OR exp

    $default  reduce using rule 73 (exp)


State 141

   70 exp: exp . '+' exp
   71    | exp . '-' exp
   72    | exp . '/' exp
   72    | exp '/' exp .
   73    | exp . '*' exp
   75    | exp . TOK_AND exp
   76    | exp . TOK_OR exp

    $default  reduce using rule 72 (exp)


State 142

   84 exp: identificador_clase '.' TOK_IDENTIFICADOR . '(' lista_expresiones ')'
   85    | identificador_clase '.' TOK_IDENTIFICADOR .

    '('  shift, and go to state 167

    $default  reduce using rule 85 (exp)


State 143

   62 condicional: TOK_IF '(' exp ')' . '{' sentencias '}'
   63            | TOK_IF '(' exp ')' . '{' sentencias '}' TOK_ELSE '{' sentencias '}'

    '{'  shift, and go to state 168


State 144

   64 bucle: TOK_WHILE '(' exp ')' . '{' sentencias '}'

    '{'  shift, and go to state 169


State 145

   61 elemento_vector: TOK_IDENTIFICADOR '[' exp ']' .

    $default  reduce using rule 61 (elemento_vector)


State 146

   90 resto_lista_expresiones: ',' . exp resto_lista_expresiones

    TOK_ITSELF            shift, and go to state 33
    TOK_IDENTIFICADOR     shift, and go to state 67
    TOK_CONSTANTE_ENTERA  shift, and go to state 68
    TOK_FALSE             shift, and go to state 69
    TOK_TRUE              shift, and go to state 70
    '-'                   shift, and go to state 71
    '!'                   shift, and go to state 72
    '('                   shift, and go to state 73

    elemento_vector      go to state 74
    exp                  go to state 170
    identificador_clase  go to state 76
    constante            go to state 77
    constante_logica     go to state 78
    constante_entera     go to state 79


State 147

   88 lista_expresiones: exp resto_lista_expresiones .

    $default  reduce using rule 88 (lista_expresiones)


State 148

   51 sentencia_simple: TOK_IDENTIFICADOR '(' lista_expresiones ')' .

    $default  reduce using rule 51 (sentencia_simple)


State 149

   59 asignacion: TOK_IDENTIFICADOR '=' TOK_INSTANCE_OF TOK_IDENTIFICADOR . '(' lista_expresiones ')'

    '('  shift, and go to state 171


State 150

   58 asignacion: elemento_vector '=' TOK_INSTANCE_OF TOK_IDENTIFICADOR . '(' lista_expresiones ')'

    '('  shift, and go to state 172


State 151

   50 sentencia_simple: identificador_clase '.' TOK_IDENTIFICADOR '(' . lista_expresiones ')'

    TOK_ITSELF            shift, and go to state 33
    TOK_IDENTIFICADOR     shift, and go to state 67
    TOK_CONSTANTE_ENTERA  shift, and go to state 68
    TOK_FALSE             shift, and go to state 69
    TOK_TRUE              shift, and go to state 70
    '-'                   shift, and go to state 71
    '!'                   shift, and go to state 72
    '('                   shift, and go to state 73

    $default  reduce using rule 89 (lista_expresiones)

    elemento_vector      go to state 74
    exp                  go to state 115
    identificador_clase  go to state 76
    lista_expresiones    go to state 173
    constante            go to state 77
    constante_logica     go to state 78
    constante_entera     go to state 79


State 152

   60 asignacion: identificador_clase '.' TOK_IDENTIFICADOR '=' . exp

    TOK_ITSELF            shift, and go to state 33
    TOK_IDENTIFICADOR     shift, and go to state 67
    TOK_CONSTANTE_ENTERA  shift, and go to state 68
    TOK_FALSE             shift, and go to state 69
    TOK_TRUE              shift, and go to state 70
    '-'                   shift, and go to state 71
    '!'                   shift, and go to state 72
    '('                   shift, and go to state 73

    elemento_vector      go to state 74
    exp                  go to state 174
    identificador_clase  go to state 76
    constante            go to state 77
    constante_logica     go to state 78
    constante_entera     go to state 79


State 153

   38 parametro_funcion: tipo . TOK_IDENTIFICADOR

    TOK_IDENTIFICADOR  shift, and go to state 175


State 154

   39 parametro_funcion: clase_objeto . TOK_IDENTIFICADOR

    TOK_IDENTIFICADOR  shift, and go to state 176


State 155

   30 funcion: TOK_FUNCTION modificadores_acceso tipo_retorno TOK_IDENTIFICADOR '(' parametros_funcion . ')' '{' declaraciones_funcion sentencias '}'

    ')'  shift, and go to state 177


State 156

   34 parametros_funcion: parametro_funcion . resto_parametros_funcion

    ';'  shift, and go to state 178

    $default  reduce using rule 37 (resto_parametros_funcion)

    resto_parametros_funcion  go to state 179


State 157

   25 clase_vector: TOK_ARRAY tipo '[' TOK_CONSTANTE_ENTERA ']' .

    $default  reduce using rule 25 (clase_vector)


State 158

   18 declaracion_clase: modificadores_clase TOK_CLASS TOK_IDENTIFICADOR TOK_INHERITS identificadores . '{' declaraciones funciones '}'

    '{'  shift, and go to state 180


State 159

   19 declaracion_clase: modificadores_clase TOK_CLASS TOK_IDENTIFICADOR '{' declaraciones . funciones '}'

    TOK_FUNCTION  shift, and go to state 9

    $default  reduce using rule 29 (funciones)

    funciones  go to state 181
    funcion    go to state 14


State 160

   83 exp: TOK_IDENTIFICADOR '(' lista_expresiones ')' .

    $default  reduce using rule 83 (exp)


State 161

   70 exp: exp . '+' exp
   71    | exp . '-' exp
   72    | exp . '/' exp
   73    | exp . '*' exp
   75    | exp . TOK_AND exp
   76    | exp . TOK_OR exp
   92 comparacion: exp TOK_IGUAL exp .

    TOK_OR   shift, and go to state 105
    TOK_AND  shift, and go to state 106
    '+'      shift, and go to state 107
    '-'      shift, and go to state 108
    '*'      shift, and go to state 109
    '/'      shift, and go to state 110

    $default  reduce using rule 92 (comparacion)


State 162

   70 exp: exp . '+' exp
   71    | exp . '-' exp
   72    | exp . '/' exp
   73    | exp . '*' exp
   75    | exp . TOK_AND exp
   76    | exp . TOK_OR exp
   93 comparacion: exp TOK_DISTINTO exp .

    TOK_OR   shift, and go to state 105
    TOK_AND  shift, and go to state 106
    '+'      shift, and go to state 107
    '-'      shift, and go to state 108
    '*'      shift, and go to state 109
    '/'      shift, and go to state 110

    $default  reduce using rule 93 (comparacion)


State 163

   70 exp: exp . '+' exp
   71    | exp . '-' exp
   72    | exp . '/' exp
   73    | exp . '*' exp
   75    | exp . TOK_AND exp
   76    | exp . TOK_OR exp
   94 comparacion: exp TOK_MENORIGUAL exp .

    TOK_OR   shift, and go to state 105
    TOK_AND  shift, and go to state 106
    '+'      shift, and go to state 107
    '-'      shift, and go to state 108
    '*'      shift, and go to state 109
    '/'      shift, and go to state 110

    $default  reduce using rule 94 (comparacion)


State 164

   70 exp: exp . '+' exp
   71    | exp . '-' exp
   72    | exp . '/' exp
   73    | exp . '*' exp
   75    | exp . TOK_AND exp
   76    | exp . TOK_OR exp
   95 comparacion: exp TOK_MAYORIGUAL exp .

    TOK_OR   shift, and go to state 105
    TOK_AND  shift, and go to state 106
    '+'      shift, and go to state 107
    '-'      shift, and go to state 108
    '*'      shift, and go to state 109
    '/'      shift, and go to state 110

    $default  reduce using rule 95 (comparacion)


State 165

   70 exp: exp . '+' exp
   71    | exp . '-' exp
   72    | exp . '/' exp
   73    | exp . '*' exp
   75    | exp . TOK_AND exp
   76    | exp . TOK_OR exp
   96 comparacion: exp '<' exp .

    TOK_OR   shift, and go to state 105
    TOK_AND  shift, and go to state 106
    '+'      shift, and go to state 107
    '-'      shift, and go to state 108
    '*'      shift, and go to state 109
    '/'      shift, and go to state 110

    $default  reduce using rule 96 (comparacion)


State 166

   70 exp: exp . '+' exp
   71    | exp . '-' exp
   72    | exp . '/' exp
   73    | exp . '*' exp
   75    | exp . TOK_AND exp
   76    | exp . TOK_OR exp
   97 comparacion: exp '>' exp .

    TOK_OR   shift, and go to state 105
    TOK_AND  shift, and go to state 106
    '+'      shift, and go to state 107
    '-'      shift, and go to state 108
    '*'      shift, and go to state 109
    '/'      shift, and go to state 110

    $default  reduce using rule 97 (comparacion)


State 167

   84 exp: identificador_clase '.' TOK_IDENTIFICADOR '(' . lista_expresiones ')'

    TOK_ITSELF            shift, and go to state 33
    TOK_IDENTIFICADOR     shift, and go to state 67
    TOK_CONSTANTE_ENTERA  shift, and go to state 68
    TOK_FALSE             shift, and go to state 69
    TOK_TRUE              shift, and go to state 70
    '-'                   shift, and go to state 71
    '!'                   shift, and go to state 72
    '('                   shift, and go to state 73

    $default  reduce using rule 89 (lista_expresiones)

    elemento_vector      go to state 74
    exp                  go to state 115
    identificador_clase  go to state 76
    lista_expresiones    go to state 182
    constante            go to state 77
    constante_logica     go to state 78
    constante_entera     go to state 79


State 168

   62 condicional: TOK_IF '(' exp ')' '{' . sentencias '}'
   63            | TOK_IF '(' exp ')' '{' . sentencias '}' TOK_ELSE '{' sentencias '}'

    TOK_DISCARD        shift, and go to state 32
    TOK_ITSELF         shift, and go to state 33
    TOK_RETURN         shift, and go to state 34
    TOK_IF             shift, and go to state 35
    TOK_WHILE          shift, and go to state 36
    TOK_SCANF          shift, and go to state 37
    TOK_PRINTF         shift, and go to state 38
    TOK_IDENTIFICADOR  shift, and go to state 39

    sentencias           go to state 183
    sentencia            go to state 41
    sentencia_simple     go to state 42
    destruir_objeto      go to state 43
    bloque               go to state 44
    asignacion           go to state 45
    elemento_vector      go to state 46
    condicional          go to state 47
    bucle                go to state 48
    lectura              go to state 49
    escritura            go to state 50
    retorno_funcion      go to state 51
    identificador_clase  go to state 52


State 169

   64 bucle: TOK_WHILE '(' exp ')' '{' . sentencias '}'

    TOK_DISCARD        shift, and go to state 32
    TOK_ITSELF         shift, and go to state 33
    TOK_RETURN         shift, and go to state 34
    TOK_IF             shift, and go to state 35
    TOK_WHILE          shift, and go to state 36
    TOK_SCANF          shift, and go to state 37
    TOK_PRINTF         shift, and go to state 38
    TOK_IDENTIFICADOR  shift, and go to state 39

    sentencias           go to state 184
    sentencia            go to state 41
    sentencia_simple     go to state 42
    destruir_objeto      go to state 43
    bloque               go to state 44
    asignacion           go to state 45
    elemento_vector      go to state 46
    condicional          go to state 47
    bucle                go to state 48
    lectura              go to state 49
    escritura            go to state 50
    retorno_funcion      go to state 51
    identificador_clase  go to state 52


State 170

   70 exp: exp . '+' exp
   71    | exp . '-' exp
   72    | exp . '/' exp
   73    | exp . '*' exp
   75    | exp . TOK_AND exp
   76    | exp . TOK_OR exp
   90 resto_lista_expresiones: ',' exp . resto_lista_expresiones

    TOK_OR   shift, and go to state 105
    TOK_AND  shift, and go to state 106
    '+'      shift, and go to state 107
    '-'      shift, and go to state 108
    '*'      shift, and go to state 109
    '/'      shift, and go to state 110
    ','      shift, and go to state 146

    $default  reduce using rule 91 (resto_lista_expresiones)

    resto_lista_expresiones  go to state 185


State 171

   59 asignacion: TOK_IDENTIFICADOR '=' TOK_INSTANCE_OF TOK_IDENTIFICADOR '(' . lista_expresiones ')'

    TOK_ITSELF            shift, and go to state 33
    TOK_IDENTIFICADOR     shift, and go to state 67
    TOK_CONSTANTE_ENTERA  shift, and go to state 68
    TOK_FALSE             shift, and go to state 69
    TOK_TRUE              shift, and go to state 70
    '-'                   shift, and go to state 71
    '!'                   shift, and go to state 72
    '('                   shift, and go to state 73

    $default  reduce using rule 89 (lista_expresiones)

    elemento_vector      go to state 74
    exp                  go to state 115
    identificador_clase  go to state 76
    lista_expresiones    go to state 186
    constante            go to state 77
    constante_logica     go to state 78
    constante_entera     go to state 79


State 172

   58 asignacion: elemento_vector '=' TOK_INSTANCE_OF TOK_IDENTIFICADOR '(' . lista_expresiones ')'

    TOK_ITSELF            shift, and go to state 33
    TOK_IDENTIFICADOR     shift, and go to state 67
    TOK_CONSTANTE_ENTERA  shift, and go to state 68
    TOK_FALSE             shift, and go to state 69
    TOK_TRUE              shift, and go to state 70
    '-'                   shift, and go to state 71
    '!'                   shift, and go to state 72
    '('                   shift, and go to state 73

    $default  reduce using rule 89 (lista_expresiones)

    elemento_vector      go to state 74
    exp                  go to state 115
    identificador_clase  go to state 76
    lista_expresiones    go to state 187
    constante            go to state 77
    constante_logica     go to state 78
    constante_entera     go to state 79


State 173

   50 sentencia_simple: identificador_clase '.' TOK_IDENTIFICADOR '(' lista_expresiones . ')'

    ')'  shift, and go to state 188


State 174

   60 asignacion: identificador_clase '.' TOK_IDENTIFICADOR '=' exp .
   70 exp: exp . '+' exp
   71    | exp . '-' exp
   72    | exp . '/' exp
   73    | exp . '*' exp
   75    | exp . TOK_AND exp
   76    | exp . TOK_OR exp

    TOK_OR   shift, and go to state 105
    TOK_AND  shift, and go to state 106
    '+'      shift, and go to state 107
    '-'      shift, and go to state 108
    '*'      shift, and go to state 109
    '/'      shift, and go to state 110

    $default  reduce using rule 60 (asignacion)


State 175

   38 parametro_funcion: tipo TOK_IDENTIFICADOR .

    $default  reduce using rule 38 (parametro_funcion)


State 176

   39 parametro_funcion: clase_objeto TOK_IDENTIFICADOR .

    $default  reduce using rule 39 (parametro_funcion)


State 177

   30 funcion: TOK_FUNCTION modificadores_acceso tipo_retorno TOK_IDENTIFICADOR '(' parametros_funcion ')' . '{' declaraciones_funcion sentencias '}'

    '{'  shift, and go to state 189


State 178

   36 resto_parametros_funcion: ';' . parametro_funcion resto_parametros_funcion

    TOK_INT      shift, and go to state 21
    TOK_BOOLEAN  shift, and go to state 22
    '{'          shift, and go to state 24

    tipo               go to state 153
    clase_objeto       go to state 154
    parametro_funcion  go to state 190


State 179

   34 parametros_funcion: parametro_funcion resto_parametros_funcion .

    $default  reduce using rule 34 (parametros_funcion)


State 180

   18 declaracion_clase: modificadores_clase TOK_CLASS TOK_IDENTIFICADOR TOK_INHERITS identificadores '{' . declaraciones funciones '}'

    TOK_HIDDEN   shift, and go to state 5
    TOK_SECRET   shift, and go to state 6
    TOK_EXPOSED  shift, and go to state 7
    TOK_UNIQUE   shift, and go to state 8

    $default  reduce using rule 14 (modificadores_acceso)

    declaraciones         go to state 191
    declaracion           go to state 11
    modificadores_acceso  go to state 12


State 181

   19 declaracion_clase: modificadores_clase TOK_CLASS TOK_IDENTIFICADOR '{' declaraciones funciones . '}'

    '}'  shift, and go to state 192


State 182

   84 exp: identificador_clase '.' TOK_IDENTIFICADOR '(' lista_expresiones . ')'

    ')'  shift, and go to state 193


State 183

   62 condicional: TOK_IF '(' exp ')' '{' sentencias . '}'
   63            | TOK_IF '(' exp ')' '{' sentencias . '}' TOK_ELSE '{' sentencias '}'

    '}'  shift, and go to state 194


State 184

   64 bucle: TOK_WHILE '(' exp ')' '{' sentencias . '}'

    '}'  shift, and go to state 195


State 185

   90 resto_lista_expresiones: ',' exp resto_lista_expresiones .

    $default  reduce using rule 90 (resto_lista_expresiones)


State 186

   59 asignacion: TOK_IDENTIFICADOR '=' TOK_INSTANCE_OF TOK_IDENTIFICADOR '(' lista_expresiones . ')'

    ')'  shift, and go to state 196


State 187

   58 asignacion: elemento_vector '=' TOK_INSTANCE_OF TOK_IDENTIFICADOR '(' lista_expresiones . ')'

    ')'  shift, and go to state 197


State 188

   50 sentencia_simple: identificador_clase '.' TOK_IDENTIFICADOR '(' lista_expresiones ')' .

    $default  reduce using rule 50 (sentencia_simple)


State 189

   30 funcion: TOK_FUNCTION modificadores_acceso tipo_retorno TOK_IDENTIFICADOR '(' parametros_funcion ')' '{' . declaraciones_funcion sentencias '}'

    TOK_HIDDEN   shift, and go to state 5
    TOK_SECRET   shift, and go to state 6
    TOK_EXPOSED  shift, and go to state 7
    TOK_UNIQUE   shift, and go to state 8

    TOK_CLASS    reduce using rule 14 (modificadores_acceso)
    TOK_INT      reduce using rule 14 (modificadores_acceso)
    TOK_BOOLEAN  reduce using rule 14 (modificadores_acceso)
    TOK_ARRAY    reduce using rule 14 (modificadores_acceso)
    '{'          reduce using rule 14 (modificadores_acceso)
    $default     reduce using rule 41 (declaraciones_funcion)

    declaraciones          go to state 198
    declaracion            go to state 11
    modificadores_acceso   go to state 12
    declaraciones_funcion  go to state 199


State 190

   36 resto_parametros_funcion: ';' parametro_funcion . resto_parametros_funcion

    ';'  shift, and go to state 178

    $default  reduce using rule 37 (resto_parametros_funcion)

    resto_parametros_funcion  go to state 200


State 191

   18 declaracion_clase: modificadores_clase TOK_CLASS TOK_IDENTIFICADOR TOK_INHERITS identificadores '{' declaraciones . funciones '}'

    TOK_FUNCTION  shift, and go to state 9

    $default  reduce using rule 29 (funciones)

    funciones  go to state 201
    funcion    go to state 14


State 192

   19 declaracion_clase: modificadores_clase TOK_CLASS TOK_IDENTIFICADOR '{' declaraciones funciones '}' .

    $default  reduce using rule 19 (declaracion_clase)


State 193

   84 exp: identificador_clase '.' TOK_IDENTIFICADOR '(' lista_expresiones ')' .

    $default  reduce using rule 84 (exp)


State 194

   62 condicional: TOK_IF '(' exp ')' '{' sentencias '}' .
   63            | TOK_IF '(' exp ')' '{' sentencias '}' . TOK_ELSE '{' sentencias '}'

    TOK_ELSE  shift, and go to state 202

    $default  reduce using rule 62 (condicional)


State 195

   64 bucle: TOK_WHILE '(' exp ')' '{' sentencias '}' .

    $default  reduce using rule 64 (bucle)


State 196

   59 asignacion: TOK_IDENTIFICADOR '=' TOK_INSTANCE_OF TOK_IDENTIFICADOR '(' lista_expresiones ')' .

    $default  reduce using rule 59 (asignacion)


State 197

   58 asignacion: elemento_vector '=' TOK_INSTANCE_OF TOK_IDENTIFICADOR '(' lista_expresiones ')' .

    $default  reduce using rule 58 (asignacion)


State 198

   40 declaraciones_funcion: declaraciones .

    $default  reduce using rule 40 (declaraciones_funcion)


State 199

   30 funcion: TOK_FUNCTION modificadores_acceso tipo_retorno TOK_IDENTIFICADOR '(' parametros_funcion ')' '{' declaraciones_funcion . sentencias '}'

    TOK_DISCARD        shift, and go to state 32
    TOK_ITSELF         shift, and go to state 33
    TOK_RETURN         shift, and go to state 34
    TOK_IF             shift, and go to state 35
    TOK_WHILE          shift, and go to state 36
    TOK_SCANF          shift, and go to state 37
    TOK_PRINTF         shift, and go to state 38
    TOK_IDENTIFICADOR  shift, and go to state 39

    sentencias           go to state 203
    sentencia            go to state 41
    sentencia_simple     go to state 42
    destruir_objeto      go to state 43
    bloque               go to state 44
    asignacion           go to state 45
    elemento_vector      go to state 46
    condicional          go to state 47
    bucle                go to state 48
    lectura              go to state 49
    escritura            go to state 50
    retorno_funcion      go to state 51
    identificador_clase  go to state 52


State 200

   36 resto_parametros_funcion: ';' parametro_funcion resto_parametros_funcion .

    $default  reduce using rule 36 (resto_parametros_funcion)


State 201

   18 declaracion_clase: modificadores_clase TOK_CLASS TOK_IDENTIFICADOR TOK_INHERITS identificadores '{' declaraciones funciones . '}'

    '}'  shift, and go to state 204


State 202

   63 condicional: TOK_IF '(' exp ')' '{' sentencias '}' TOK_ELSE . '{' sentencias '}'

    '{'  shift, and go to state 205


State 203

   30 funcion: TOK_FUNCTION modificadores_acceso tipo_retorno TOK_IDENTIFICADOR '(' parametros_funcion ')' '{' declaraciones_funcion sentencias . '}'

    '}'  shift, and go to state 206


State 204

   18 declaracion_clase: modificadores_clase TOK_CLASS TOK_IDENTIFICADOR TOK_INHERITS identificadores '{' declaraciones funciones '}' .

    $default  reduce using rule 18 (declaracion_clase)


State 205

   63 condicional: TOK_IF '(' exp ')' '{' sentencias '}' TOK_ELSE '{' . sentencias '}'

    TOK_DISCARD        shift, and go to state 32
    TOK_ITSELF         shift, and go to state 33
    TOK_RETURN         shift, and go to state 34
    TOK_IF             shift, and go to state 35
    TOK_WHILE          shift, and go to state 36
    TOK_SCANF          shift, and go to state 37
    TOK_PRINTF         shift, and go to state 38
    TOK_IDENTIFICADOR  shift, and go to state 39

    sentencias           go to state 207
    sentencia            go to state 41
    sentencia_simple     go to state 42
    destruir_objeto      go to state 43
    bloque               go to state 44
    asignacion           go to state 45
    elemento_vector      go to state 46
    condicional          go to state 47
    bucle                go to state 48
    lectura              go to state 49
    escritura            go to state 50
    retorno_funcion      go to state 51
    identificador_clase  go to state 52


State 206

   30 funcion: TOK_FUNCTION modificadores_acceso tipo_retorno TOK_IDENTIFICADOR '(' parametros_funcion ')' '{' declaraciones_funcion sentencias '}' .

    $default  reduce using rule 30 (funcion)


State 207

   63 condicional: TOK_IF '(' exp ')' '{' sentencias '}' TOK_ELSE '{' sentencias . '}'

    '}'  shift, and go to state 208


State 208

   63 condicional: TOK_IF '(' exp ')' '{' sentencias '}' TOK_ELSE '{' sentencias '}' .

    $default  reduce using rule 63 (condicional)
